#! /usr/bin/vvp
:ivl_version "11.0 (stable)";
:ivl_delay_selection "TYPICAL";
:vpi_time_precision + 0;
:vpi_module "/usr/lib/x86_64-linux-gnu/ivl/system.vpi";
:vpi_module "/usr/lib/x86_64-linux-gnu/ivl/vhdl_sys.vpi";
:vpi_module "/usr/lib/x86_64-linux-gnu/ivl/vhdl_textio.vpi";
:vpi_module "/usr/lib/x86_64-linux-gnu/ivl/v2005_math.vpi";
:vpi_module "/usr/lib/x86_64-linux-gnu/ivl/va_math.vpi";
S_0x55c09745a810 .scope module, "StageIf" "StageIf" 2 6;
 .timescale 0 0;
    .port_info 0 /INPUT 1 "clk";
    .port_info 1 /INPUT 1 "rst";
    .port_info 2 /INPUT 1 "branchTaken";
    .port_info 3 /INPUT 1 "freeze";
    .port_info 4 /INPUT 32 "branchAddr";
    .port_info 5 /OUTPUT 32 "pc";
    .port_info 6 /OUTPUT 32 "instruction";
o0x7f0a52048588 .functor BUFZ 1, C4<z>; HiZ drive
L_0x55c0974875b0 .functor NOT 1, o0x7f0a52048588, C4<0>, C4<0>, C4<0>;
L_0x55c0974876e0 .functor BUFZ 32, L_0x55c097487640, C4<00000000000000000000000000000000>, C4<00000000000000000000000000000000>, C4<00000000000000000000000000000000>;
o0x7f0a52048258 .functor BUFZ 32, C4<zzzzzzzzzzzzzzzzzzzzzzzzzzzzzzzz>; HiZ drive
v0x55c097486bb0_0 .net "branchAddr", 31 0, o0x7f0a52048258;  0 drivers
o0x7f0a520482b8 .functor BUFZ 1, C4<z>; HiZ drive
v0x55c097486c90_0 .net "branchTaken", 0 0, o0x7f0a520482b8;  0 drivers
o0x7f0a520483a8 .functor BUFZ 1, C4<z>; HiZ drive
v0x55c097486d30_0 .net "clk", 0 0, o0x7f0a520483a8;  0 drivers
v0x55c097486e30_0 .net "freeze", 0 0, o0x7f0a52048588;  0 drivers
v0x55c097486ed0_0 .net "instruction", 31 0, v0x55c0974852d0_0;  1 drivers
v0x55c097486fc0_0 .net "muxOutput", 31 0, L_0x55c097487480;  1 drivers
v0x55c0974870b0_0 .net "pc", 31 0, L_0x55c0974876e0;  1 drivers
v0x55c097487150_0 .net "pcAdderOut", 31 0, L_0x55c097487640;  1 drivers
v0x55c097487260_0 .net "pcOutput", 31 0, v0x55c0974868d0_0;  1 drivers
o0x7f0a52048438 .functor BUFZ 1, C4<z>; HiZ drive
v0x55c097487320_0 .net "rst", 0 0, o0x7f0a52048438;  0 drivers
S_0x55c09745a9a0 .scope module, "instMem" "InstructionMemory" 2 12, 3 1 0, S_0x55c09745a810;
 .timescale 0 0;
    .port_info 0 /INPUT 32 "pc";
    .port_info 1 /OUTPUT 32 "inst";
P_0x55c09745ab80 .param/l "Count" 0 3 2, +C4<00000000000000000000010000000000>;
v0x55c09745ad60_0 .net *"_ivl_1", 29 0, L_0x55c0974978e0;  1 drivers
L_0x7f0a51fff0a8 .functor BUFT 1, C4<00>, C4<0>, C4<0>, C4<0>;
v0x55c097485130_0 .net/2u *"_ivl_2", 1 0, L_0x7f0a51fff0a8;  1 drivers
v0x55c097485210_0 .net "adr", 31 0, L_0x55c0974979e0;  1 drivers
v0x55c0974852d0_0 .var "inst", 31 0;
v0x55c0974853b0_0 .net "pc", 31 0, v0x55c0974868d0_0;  alias, 1 drivers
E_0x55c09745a410 .event edge, v0x55c097485210_0;
L_0x55c0974978e0 .part v0x55c0974868d0_0, 2, 30;
L_0x55c0974979e0 .concat [ 2 30 0 0], L_0x7f0a51fff0a8, L_0x55c0974978e0;
S_0x55c097485540 .scope module, "pcAdder" "Adder" 2 11, 4 1 0, S_0x55c09745a810;
 .timescale 0 0;
    .port_info 0 /INPUT 32 "a";
    .port_info 1 /INPUT 32 "b";
    .port_info 2 /OUTPUT 32 "out";
P_0x55c097485720 .param/l "N" 0 4 1, +C4<00000000000000000000000000100000>;
v0x55c097485810_0 .net "a", 31 0, v0x55c0974868d0_0;  alias, 1 drivers
L_0x7f0a51fff060 .functor BUFT 1, C4<00000000000000000000000000000100>, C4<0>, C4<0>, C4<0>;
v0x55c0974858f0_0 .net "b", 31 0, L_0x7f0a51fff060;  1 drivers
v0x55c0974859b0_0 .net "out", 31 0, L_0x55c097487640;  alias, 1 drivers
L_0x55c097487640 .arith/sum 32, v0x55c0974868d0_0, L_0x7f0a51fff060;
S_0x55c097485af0 .scope module, "pcMux" "Mux2To1" 2 9, 5 1 0, S_0x55c09745a810;
 .timescale 0 0;
    .port_info 0 /INPUT 32 "a0";
    .port_info 1 /INPUT 32 "a1";
    .port_info 2 /INPUT 1 "sel";
    .port_info 3 /OUTPUT 32 "out";
P_0x55c097485cd0 .param/l "N" 0 5 1, +C4<00000000000000000000000000100000>;
v0x55c097485e40_0 .net "a0", 31 0, L_0x55c097487640;  alias, 1 drivers
v0x55c097485f10_0 .net "a1", 31 0, o0x7f0a52048258;  alias, 0 drivers
v0x55c097485fd0_0 .net "out", 31 0, L_0x55c097487480;  alias, 1 drivers
v0x55c0974860c0_0 .net "sel", 0 0, o0x7f0a520482b8;  alias, 0 drivers
L_0x55c097487480 .functor MUXZ 32, L_0x55c097487640, o0x7f0a52048258, o0x7f0a520482b8, C4<>;
S_0x55c097486230 .scope module, "pcReg" "Register" 2 10, 6 1 0, S_0x55c09745a810;
 .timescale 0 0;
    .port_info 0 /INPUT 1 "clk";
    .port_info 1 /INPUT 1 "rst";
    .port_info 2 /INPUT 32 "in";
    .port_info 3 /INPUT 1 "ld";
    .port_info 4 /INPUT 1 "clr";
    .port_info 5 /OUTPUT 32 "out";
P_0x55c097486410 .param/l "N" 0 6 2, +C4<00000000000000000000000000100000>;
v0x55c097486590_0 .net "clk", 0 0, o0x7f0a520483a8;  alias, 0 drivers
L_0x7f0a51fff018 .functor BUFT 1, C4<0>, C4<0>, C4<0>, C4<0>;
v0x55c097486670_0 .net "clr", 0 0, L_0x7f0a51fff018;  1 drivers
v0x55c097486730_0 .net "in", 31 0, L_0x55c097487480;  alias, 1 drivers
v0x55c097486830_0 .net "ld", 0 0, L_0x55c0974875b0;  1 drivers
v0x55c0974868d0_0 .var "out", 31 0;
v0x55c097486a30_0 .net "rst", 0 0, o0x7f0a52048438;  alias, 0 drivers
E_0x55c09744f4f0 .event posedge, v0x55c097486a30_0, v0x55c097486590_0;
    .scope S_0x55c097486230;
T_0 ;
    %wait E_0x55c09744f4f0;
    %load/vec4 v0x55c097486a30_0;
    %flag_set/vec4 8;
    %jmp/0xz  T_0.0, 8;
    %pushi/vec4 0, 0, 32;
    %assign/vec4 v0x55c0974868d0_0, 0;
    %jmp T_0.1;
T_0.0 ;
    %load/vec4 v0x55c097486670_0;
    %flag_set/vec4 8;
    %jmp/0xz  T_0.2, 8;
    %pushi/vec4 0, 0, 32;
    %assign/vec4 v0x55c0974868d0_0, 0;
    %jmp T_0.3;
T_0.2 ;
    %load/vec4 v0x55c097486830_0;
    %flag_set/vec4 8;
    %jmp/0xz  T_0.4, 8;
    %load/vec4 v0x55c097486730_0;
    %assign/vec4 v0x55c0974868d0_0, 0;
T_0.4 ;
T_0.3 ;
T_0.1 ;
    %jmp T_0;
    .thread T_0;
    .scope S_0x55c09745a9a0;
T_1 ;
    %wait E_0x55c09745a410;
    %load/vec4 v0x55c097485210_0;
    %dup/vec4;
    %pushi/vec4 0, 0, 32;
    %cmp/u;
    %jmp/1 T_1.0, 6;
    %dup/vec4;
    %pushi/vec4 4, 0, 32;
    %cmp/u;
    %jmp/1 T_1.1, 6;
    %dup/vec4;
    %pushi/vec4 8, 0, 32;
    %cmp/u;
    %jmp/1 T_1.2, 6;
    %dup/vec4;
    %pushi/vec4 12, 0, 32;
    %cmp/u;
    %jmp/1 T_1.3, 6;
    %dup/vec4;
    %pushi/vec4 16, 0, 32;
    %cmp/u;
    %jmp/1 T_1.4, 6;
    %dup/vec4;
    %pushi/vec4 20, 0, 32;
    %cmp/u;
    %jmp/1 T_1.5, 6;
    %dup/vec4;
    %pushi/vec4 24, 0, 32;
    %cmp/u;
    %jmp/1 T_1.6, 6;
    %dup/vec4;
    %pushi/vec4 28, 0, 32;
    %cmp/u;
    %jmp/1 T_1.7, 6;
    %dup/vec4;
    %pushi/vec4 32, 0, 32;
    %cmp/u;
    %jmp/1 T_1.8, 6;
    %dup/vec4;
    %pushi/vec4 36, 0, 32;
    %cmp/u;
    %jmp/1 T_1.9, 6;
    %dup/vec4;
    %pushi/vec4 40, 0, 32;
    %cmp/u;
    %jmp/1 T_1.10, 6;
    %dup/vec4;
    %pushi/vec4 44, 0, 32;
    %cmp/u;
    %jmp/1 T_1.11, 6;
    %dup/vec4;
    %pushi/vec4 48, 0, 32;
    %cmp/u;
    %jmp/1 T_1.12, 6;
    %dup/vec4;
    %pushi/vec4 52, 0, 32;
    %cmp/u;
    %jmp/1 T_1.13, 6;
    %dup/vec4;
    %pushi/vec4 56, 0, 32;
    %cmp/u;
    %jmp/1 T_1.14, 6;
    %dup/vec4;
    %pushi/vec4 60, 0, 32;
    %cmp/u;
    %jmp/1 T_1.15, 6;
    %dup/vec4;
    %pushi/vec4 64, 0, 32;
    %cmp/u;
    %jmp/1 T_1.16, 6;
    %dup/vec4;
    %pushi/vec4 68, 0, 32;
    %cmp/u;
    %jmp/1 T_1.17, 6;
    %dup/vec4;
    %pushi/vec4 72, 0, 32;
    %cmp/u;
    %jmp/1 T_1.18, 6;
    %dup/vec4;
    %pushi/vec4 76, 0, 32;
    %cmp/u;
    %jmp/1 T_1.19, 6;
    %dup/vec4;
    %pushi/vec4 80, 0, 32;
    %cmp/u;
    %jmp/1 T_1.20, 6;
    %dup/vec4;
    %pushi/vec4 84, 0, 32;
    %cmp/u;
    %jmp/1 T_1.21, 6;
    %dup/vec4;
    %pushi/vec4 88, 0, 32;
    %cmp/u;
    %jmp/1 T_1.22, 6;
    %dup/vec4;
    %pushi/vec4 92, 0, 32;
    %cmp/u;
    %jmp/1 T_1.23, 6;
    %dup/vec4;
    %pushi/vec4 96, 0, 32;
    %cmp/u;
    %jmp/1 T_1.24, 6;
    %dup/vec4;
    %pushi/vec4 100, 0, 32;
    %cmp/u;
    %jmp/1 T_1.25, 6;
    %dup/vec4;
    %pushi/vec4 104, 0, 32;
    %cmp/u;
    %jmp/1 T_1.26, 6;
    %dup/vec4;
    %pushi/vec4 108, 0, 32;
    %cmp/u;
    %jmp/1 T_1.27, 6;
    %dup/vec4;
    %pushi/vec4 112, 0, 32;
    %cmp/u;
    %jmp/1 T_1.28, 6;
    %dup/vec4;
    %pushi/vec4 116, 0, 32;
    %cmp/u;
    %jmp/1 T_1.29, 6;
    %dup/vec4;
    %pushi/vec4 120, 0, 32;
    %cmp/u;
    %jmp/1 T_1.30, 6;
    %dup/vec4;
    %pushi/vec4 124, 0, 32;
    %cmp/u;
    %jmp/1 T_1.31, 6;
    %dup/vec4;
    %pushi/vec4 128, 0, 32;
    %cmp/u;
    %jmp/1 T_1.32, 6;
    %dup/vec4;
    %pushi/vec4 132, 0, 32;
    %cmp/u;
    %jmp/1 T_1.33, 6;
    %dup/vec4;
    %pushi/vec4 136, 0, 32;
    %cmp/u;
    %jmp/1 T_1.34, 6;
    %dup/vec4;
    %pushi/vec4 140, 0, 32;
    %cmp/u;
    %jmp/1 T_1.35, 6;
    %dup/vec4;
    %pushi/vec4 144, 0, 32;
    %cmp/u;
    %jmp/1 T_1.36, 6;
    %dup/vec4;
    %pushi/vec4 148, 0, 32;
    %cmp/u;
    %jmp/1 T_1.37, 6;
    %dup/vec4;
    %pushi/vec4 152, 0, 32;
    %cmp/u;
    %jmp/1 T_1.38, 6;
    %dup/vec4;
    %pushi/vec4 156, 0, 32;
    %cmp/u;
    %jmp/1 T_1.39, 6;
    %dup/vec4;
    %pushi/vec4 160, 0, 32;
    %cmp/u;
    %jmp/1 T_1.40, 6;
    %dup/vec4;
    %pushi/vec4 164, 0, 32;
    %cmp/u;
    %jmp/1 T_1.41, 6;
    %dup/vec4;
    %pushi/vec4 168, 0, 32;
    %cmp/u;
    %jmp/1 T_1.42, 6;
    %dup/vec4;
    %pushi/vec4 172, 0, 32;
    %cmp/u;
    %jmp/1 T_1.43, 6;
    %dup/vec4;
    %pushi/vec4 176, 0, 32;
    %cmp/u;
    %jmp/1 T_1.44, 6;
    %dup/vec4;
    %pushi/vec4 180, 0, 32;
    %cmp/u;
    %jmp/1 T_1.45, 6;
    %dup/vec4;
    %pushi/vec4 184, 0, 32;
    %cmp/u;
    %jmp/1 T_1.46, 6;
    %pushi/vec4 0, 0, 32;
    %store/vec4 v0x55c0974852d0_0, 0, 32;
    %jmp T_1.48;
T_1.0 ;
    %pushi/vec4 3818913812, 0, 32;
    %store/vec4 v0x55c0974852d0_0, 0, 32;
    %jmp T_1.48;
T_1.1 ;
    %pushi/vec4 3818920449, 0, 32;
    %store/vec4 v0x55c0974852d0_0, 0, 32;
    %jmp T_1.48;
T_1.2 ;
    %pushi/vec4 3818922243, 0, 32;
    %store/vec4 v0x55c0974852d0_0, 0, 32;
    %jmp T_1.48;
T_1.3 ;
    %pushi/vec4 3767676930, 0, 32;
    %store/vec4 v0x55c0974852d0_0, 0, 32;
    %jmp T_1.48;
T_1.4 ;
    %pushi/vec4 3768598528, 0, 32;
    %store/vec4 v0x55c0974852d0_0, 0, 32;
    %jmp T_1.48;
T_1.5 ;
    %pushi/vec4 3762573572, 0, 32;
    %store/vec4 v0x55c0974852d0_0, 0, 32;
    %jmp T_1.48;
T_1.6 ;
    %pushi/vec4 3770704032, 0, 32;
    %store/vec4 v0x55c0974852d0_0, 0, 32;
    %jmp T_1.48;
T_1.7 ;
    %pushi/vec4 3783618882, 0, 32;
    %store/vec4 v0x55c0974852d0_0, 0, 32;
    %jmp T_1.48;
T_1.8 ;
    %pushi/vec4 3758587907, 0, 32;
    %store/vec4 v0x55c0974852d0_0, 0, 32;
    %jmp T_1.48;
T_1.9 ;
    %pushi/vec4 3789590534, 0, 32;
    %store/vec4 v0x55c0974852d0_0, 0, 32;
    %jmp T_1.48;
T_1.10 ;
    %pushi/vec4 3760496645, 0, 32;
    %store/vec4 v0x55c0974852d0_0, 0, 32;
    %jmp T_1.48;
T_1.11 ;
    %pushi/vec4 3780640774, 0, 32;
    %store/vec4 v0x55c0974852d0_0, 0, 32;
    %jmp T_1.48;
T_1.12 ;
    %pushi/vec4 276893697, 0, 32;
    %store/vec4 v0x55c0974852d0_0, 0, 32;
    %jmp T_1.48;
T_1.13 ;
    %pushi/vec4 3776512008, 0, 32;
    %store/vec4 v0x55c0974852d0_0, 0, 32;
    %jmp T_1.48;
T_1.14 ;
    %pushi/vec4 8527874, 0, 32;
    %store/vec4 v0x55c0974852d0_0, 0, 32;
    %jmp T_1.48;
T_1.15 ;
    %pushi/vec4 3818916609, 0, 32;
    %store/vec4 v0x55c0974852d0_0, 0, 32;
    %jmp T_1.48;
T_1.16 ;
    %pushi/vec4 3833597952, 0, 32;
    %store/vec4 v0x55c0974852d0_0, 0, 32;
    %jmp T_1.48;
T_1.17 ;
    %pushi/vec4 3834687488, 0, 32;
    %store/vec4 v0x55c0974852d0_0, 0, 32;
    %jmp T_1.48;
T_1.18 ;
    %pushi/vec4 3833602052, 0, 32;
    %store/vec4 v0x55c0974852d0_0, 0, 32;
    %jmp T_1.48;
T_1.19 ;
    %pushi/vec4 3833606152, 0, 32;
    %store/vec4 v0x55c0974852d0_0, 0, 32;
    %jmp T_1.48;
T_1.20 ;
    %pushi/vec4 3833610253, 0, 32;
    %store/vec4 v0x55c0974852d0_0, 0, 32;
    %jmp T_1.48;
T_1.21 ;
    %pushi/vec4 3833614352, 0, 32;
    %store/vec4 v0x55c0974852d0_0, 0, 32;
    %jmp T_1.48;
T_1.22 ;
    %pushi/vec4 3833618452, 0, 32;
    %store/vec4 v0x55c0974852d0_0, 0, 32;
    %jmp T_1.48;
T_1.23 ;
    %pushi/vec4 3834683396, 0, 32;
    %store/vec4 v0x55c0974852d0_0, 0, 32;
    %jmp T_1.48;
T_1.24 ;
    %pushi/vec4 3833622552, 0, 32;
    %store/vec4 v0x55c0974852d0_0, 0, 32;
    %jmp T_1.48;
T_1.25 ;
    %pushi/vec4 3818917892, 0, 32;
    %store/vec4 v0x55c0974852d0_0, 0, 32;
    %jmp T_1.48;
T_1.26 ;
    %pushi/vec4 3818921984, 0, 32;
    %store/vec4 v0x55c0974852d0_0, 0, 32;
    %jmp T_1.48;
T_1.27 ;
    %pushi/vec4 3818926080, 0, 32;
    %store/vec4 v0x55c0974852d0_0, 0, 32;
    %jmp T_1.48;
T_1.28 ;
    %pushi/vec4 3766501635, 0, 32;
    %store/vec4 v0x55c0974852d0_0, 0, 32;
    %jmp T_1.48;
T_1.29 ;
    %pushi/vec4 3834925056, 0, 32;
    %store/vec4 v0x55c0974852d0_0, 0, 32;
    %jmp T_1.48;
T_1.30 ;
    %pushi/vec4 3834929156, 0, 32;
    %store/vec4 v0x55c0974852d0_0, 0, 32;
    %jmp T_1.48;
T_1.31 ;
    %pushi/vec4 3780444166, 0, 32;
    %store/vec4 v0x55c0974852d0_0, 0, 32;
    %jmp T_1.48;
T_1.32 ;
    %pushi/vec4 3297009664, 0, 32;
    %store/vec4 v0x55c0974852d0_0, 0, 32;
    %jmp T_1.48;
T_1.33 ;
    %pushi/vec4 3297005572, 0, 32;
    %store/vec4 v0x55c0974852d0_0, 0, 32;
    %jmp T_1.48;
T_1.34 ;
    %pushi/vec4 3800248321, 0, 32;
    %store/vec4 v0x55c0974852d0_0, 0, 32;
    %jmp T_1.48;
T_1.35 ;
    %pushi/vec4 3813867523, 0, 32;
    %store/vec4 v0x55c0974852d0_0, 0, 32;
    %jmp T_1.48;
T_1.36 ;
    %pushi/vec4 3137339383, 0, 32;
    %store/vec4 v0x55c0974852d0_0, 0, 32;
    %jmp T_1.48;
T_1.37 ;
    %pushi/vec4 3800178689, 0, 32;
    %store/vec4 v0x55c0974852d0_0, 0, 32;
    %jmp T_1.48;
T_1.38 ;
    %pushi/vec4 3780247553, 0, 32;
    %store/vec4 v0x55c0974852d0_0, 0, 32;
    %jmp T_1.48;
T_1.39 ;
    %pushi/vec4 3137339379, 0, 32;
    %store/vec4 v0x55c0974852d0_0, 0, 32;
    %jmp T_1.48;
T_1.40 ;
    %pushi/vec4 3834646528, 0, 32;
    %store/vec4 v0x55c0974852d0_0, 0, 32;
    %jmp T_1.48;
T_1.41 ;
    %pushi/vec4 3834650628, 0, 32;
    %store/vec4 v0x55c0974852d0_0, 0, 32;
    %jmp T_1.48;
T_1.42 ;
    %pushi/vec4 3834654728, 0, 32;
    %store/vec4 v0x55c0974852d0_0, 0, 32;
    %jmp T_1.48;
T_1.43 ;
    %pushi/vec4 3834658828, 0, 32;
    %store/vec4 v0x55c0974852d0_0, 0, 32;
    %jmp T_1.48;
T_1.44 ;
    %pushi/vec4 3834662928, 0, 32;
    %store/vec4 v0x55c0974852d0_0, 0, 32;
    %jmp T_1.48;
T_1.45 ;
    %pushi/vec4 3834667028, 0, 32;
    %store/vec4 v0x55c0974852d0_0, 0, 32;
    %jmp T_1.48;
T_1.46 ;
    %pushi/vec4 3942645759, 0, 32;
    %store/vec4 v0x55c0974852d0_0, 0, 32;
    %jmp T_1.48;
T_1.48 ;
    %pop/vec4 1;
    %jmp T_1;
    .thread T_1, $push;
# The file index is used to find the file name in the following table.
:file_names 7;
    "N/A";
    "<interactive>";
    "if_module.v";
    "./instruction_mem.v";
    "./adder.v";
    "./mux.v";
    "./register.v";
