#! /usr/bin/vvp
:ivl_version "11.0 (stable)";
:ivl_delay_selection "TYPICAL";
:vpi_time_precision + 0;
:vpi_module "/usr/lib/x86_64-linux-gnu/ivl/system.vpi";
:vpi_module "/usr/lib/x86_64-linux-gnu/ivl/vhdl_sys.vpi";
:vpi_module "/usr/lib/x86_64-linux-gnu/ivl/vhdl_textio.vpi";
:vpi_module "/usr/lib/x86_64-linux-gnu/ivl/v2005_math.vpi";
:vpi_module "/usr/lib/x86_64-linux-gnu/ivl/va_math.vpi";
S_0x55b217846dc0 .scope module, "InstructionMemory" "InstructionMemory" 2 1;
 .timescale 0 0;
    .port_info 0 /INPUT 32 "pc";
    .port_info 1 /OUTPUT 32 "inst";
P_0x55b217846f50 .param/l "Count" 0 2 2, +C4<00000000000000000000010000000000>;
v0x55b217847010_0 .net *"_ivl_1", 29 0, L_0x55b2178a1c90;  1 drivers
L_0x7f52b5d0e018 .functor BUFT 1, C4<00>, C4<0>, C4<0>, C4<0>;
v0x55b2178a1850_0 .net/2u *"_ivl_2", 1 0, L_0x7f52b5d0e018;  1 drivers
v0x55b2178a1930_0 .net "adr", 31 0, L_0x55b2178a1d90;  1 drivers
v0x55b2178a1a20_0 .var "inst", 31 0;
o0x7f52b5d570d8 .functor BUFZ 32, C4<zzzzzzzzzzzzzzzzzzzzzzzzzzzzzzzz>; HiZ drive
v0x55b2178a1b00_0 .net "pc", 31 0, o0x7f52b5d570d8;  0 drivers
E_0x55b2178475d0 .event edge, v0x55b2178a1930_0;
L_0x55b2178a1c90 .part o0x7f52b5d570d8, 2, 30;
L_0x55b2178a1d90 .concat [ 2 30 0 0], L_0x7f52b5d0e018, L_0x55b2178a1c90;
    .scope S_0x55b217846dc0;
T_0 ;
    %wait E_0x55b2178475d0;
    %load/vec4 v0x55b2178a1930_0;
    %dup/vec4;
    %pushi/vec4 0, 0, 32;
    %cmp/u;
    %jmp/1 T_0.0, 6;
    %dup/vec4;
    %pushi/vec4 4, 0, 32;
    %cmp/u;
    %jmp/1 T_0.1, 6;
    %dup/vec4;
    %pushi/vec4 8, 0, 32;
    %cmp/u;
    %jmp/1 T_0.2, 6;
    %dup/vec4;
    %pushi/vec4 12, 0, 32;
    %cmp/u;
    %jmp/1 T_0.3, 6;
    %dup/vec4;
    %pushi/vec4 16, 0, 32;
    %cmp/u;
    %jmp/1 T_0.4, 6;
    %dup/vec4;
    %pushi/vec4 20, 0, 32;
    %cmp/u;
    %jmp/1 T_0.5, 6;
    %dup/vec4;
    %pushi/vec4 24, 0, 32;
    %cmp/u;
    %jmp/1 T_0.6, 6;
    %dup/vec4;
    %pushi/vec4 28, 0, 32;
    %cmp/u;
    %jmp/1 T_0.7, 6;
    %dup/vec4;
    %pushi/vec4 32, 0, 32;
    %cmp/u;
    %jmp/1 T_0.8, 6;
    %dup/vec4;
    %pushi/vec4 36, 0, 32;
    %cmp/u;
    %jmp/1 T_0.9, 6;
    %dup/vec4;
    %pushi/vec4 40, 0, 32;
    %cmp/u;
    %jmp/1 T_0.10, 6;
    %dup/vec4;
    %pushi/vec4 44, 0, 32;
    %cmp/u;
    %jmp/1 T_0.11, 6;
    %dup/vec4;
    %pushi/vec4 48, 0, 32;
    %cmp/u;
    %jmp/1 T_0.12, 6;
    %dup/vec4;
    %pushi/vec4 52, 0, 32;
    %cmp/u;
    %jmp/1 T_0.13, 6;
    %dup/vec4;
    %pushi/vec4 56, 0, 32;
    %cmp/u;
    %jmp/1 T_0.14, 6;
    %dup/vec4;
    %pushi/vec4 60, 0, 32;
    %cmp/u;
    %jmp/1 T_0.15, 6;
    %dup/vec4;
    %pushi/vec4 64, 0, 32;
    %cmp/u;
    %jmp/1 T_0.16, 6;
    %dup/vec4;
    %pushi/vec4 68, 0, 32;
    %cmp/u;
    %jmp/1 T_0.17, 6;
    %dup/vec4;
    %pushi/vec4 72, 0, 32;
    %cmp/u;
    %jmp/1 T_0.18, 6;
    %dup/vec4;
    %pushi/vec4 76, 0, 32;
    %cmp/u;
    %jmp/1 T_0.19, 6;
    %dup/vec4;
    %pushi/vec4 80, 0, 32;
    %cmp/u;
    %jmp/1 T_0.20, 6;
    %dup/vec4;
    %pushi/vec4 84, 0, 32;
    %cmp/u;
    %jmp/1 T_0.21, 6;
    %dup/vec4;
    %pushi/vec4 88, 0, 32;
    %cmp/u;
    %jmp/1 T_0.22, 6;
    %dup/vec4;
    %pushi/vec4 92, 0, 32;
    %cmp/u;
    %jmp/1 T_0.23, 6;
    %dup/vec4;
    %pushi/vec4 96, 0, 32;
    %cmp/u;
    %jmp/1 T_0.24, 6;
    %dup/vec4;
    %pushi/vec4 100, 0, 32;
    %cmp/u;
    %jmp/1 T_0.25, 6;
    %dup/vec4;
    %pushi/vec4 104, 0, 32;
    %cmp/u;
    %jmp/1 T_0.26, 6;
    %dup/vec4;
    %pushi/vec4 108, 0, 32;
    %cmp/u;
    %jmp/1 T_0.27, 6;
    %dup/vec4;
    %pushi/vec4 112, 0, 32;
    %cmp/u;
    %jmp/1 T_0.28, 6;
    %dup/vec4;
    %pushi/vec4 116, 0, 32;
    %cmp/u;
    %jmp/1 T_0.29, 6;
    %dup/vec4;
    %pushi/vec4 120, 0, 32;
    %cmp/u;
    %jmp/1 T_0.30, 6;
    %dup/vec4;
    %pushi/vec4 124, 0, 32;
    %cmp/u;
    %jmp/1 T_0.31, 6;
    %dup/vec4;
    %pushi/vec4 128, 0, 32;
    %cmp/u;
    %jmp/1 T_0.32, 6;
    %dup/vec4;
    %pushi/vec4 132, 0, 32;
    %cmp/u;
    %jmp/1 T_0.33, 6;
    %dup/vec4;
    %pushi/vec4 136, 0, 32;
    %cmp/u;
    %jmp/1 T_0.34, 6;
    %dup/vec4;
    %pushi/vec4 140, 0, 32;
    %cmp/u;
    %jmp/1 T_0.35, 6;
    %dup/vec4;
    %pushi/vec4 144, 0, 32;
    %cmp/u;
    %jmp/1 T_0.36, 6;
    %dup/vec4;
    %pushi/vec4 148, 0, 32;
    %cmp/u;
    %jmp/1 T_0.37, 6;
    %dup/vec4;
    %pushi/vec4 152, 0, 32;
    %cmp/u;
    %jmp/1 T_0.38, 6;
    %dup/vec4;
    %pushi/vec4 156, 0, 32;
    %cmp/u;
    %jmp/1 T_0.39, 6;
    %dup/vec4;
    %pushi/vec4 160, 0, 32;
    %cmp/u;
    %jmp/1 T_0.40, 6;
    %dup/vec4;
    %pushi/vec4 164, 0, 32;
    %cmp/u;
    %jmp/1 T_0.41, 6;
    %dup/vec4;
    %pushi/vec4 168, 0, 32;
    %cmp/u;
    %jmp/1 T_0.42, 6;
    %dup/vec4;
    %pushi/vec4 172, 0, 32;
    %cmp/u;
    %jmp/1 T_0.43, 6;
    %dup/vec4;
    %pushi/vec4 176, 0, 32;
    %cmp/u;
    %jmp/1 T_0.44, 6;
    %dup/vec4;
    %pushi/vec4 180, 0, 32;
    %cmp/u;
    %jmp/1 T_0.45, 6;
    %dup/vec4;
    %pushi/vec4 184, 0, 32;
    %cmp/u;
    %jmp/1 T_0.46, 6;
    %pushi/vec4 0, 0, 32;
    %store/vec4 v0x55b2178a1a20_0, 0, 32;
    %jmp T_0.48;
T_0.0 ;
    %pushi/vec4 3818913812, 0, 32;
    %store/vec4 v0x55b2178a1a20_0, 0, 32;
    %jmp T_0.48;
T_0.1 ;
    %pushi/vec4 3818920449, 0, 32;
    %store/vec4 v0x55b2178a1a20_0, 0, 32;
    %jmp T_0.48;
T_0.2 ;
    %pushi/vec4 3818922243, 0, 32;
    %store/vec4 v0x55b2178a1a20_0, 0, 32;
    %jmp T_0.48;
T_0.3 ;
    %pushi/vec4 3767676930, 0, 32;
    %store/vec4 v0x55b2178a1a20_0, 0, 32;
    %jmp T_0.48;
T_0.4 ;
    %pushi/vec4 3768598528, 0, 32;
    %store/vec4 v0x55b2178a1a20_0, 0, 32;
    %jmp T_0.48;
T_0.5 ;
    %pushi/vec4 3762573572, 0, 32;
    %store/vec4 v0x55b2178a1a20_0, 0, 32;
    %jmp T_0.48;
T_0.6 ;
    %pushi/vec4 3770704032, 0, 32;
    %store/vec4 v0x55b2178a1a20_0, 0, 32;
    %jmp T_0.48;
T_0.7 ;
    %pushi/vec4 3783618882, 0, 32;
    %store/vec4 v0x55b2178a1a20_0, 0, 32;
    %jmp T_0.48;
T_0.8 ;
    %pushi/vec4 3758587907, 0, 32;
    %store/vec4 v0x55b2178a1a20_0, 0, 32;
    %jmp T_0.48;
T_0.9 ;
    %pushi/vec4 3789590534, 0, 32;
    %store/vec4 v0x55b2178a1a20_0, 0, 32;
    %jmp T_0.48;
T_0.10 ;
    %pushi/vec4 3760496645, 0, 32;
    %store/vec4 v0x55b2178a1a20_0, 0, 32;
    %jmp T_0.48;
T_0.11 ;
    %pushi/vec4 3780640774, 0, 32;
    %store/vec4 v0x55b2178a1a20_0, 0, 32;
    %jmp T_0.48;
T_0.12 ;
    %pushi/vec4 276893697, 0, 32;
    %store/vec4 v0x55b2178a1a20_0, 0, 32;
    %jmp T_0.48;
T_0.13 ;
    %pushi/vec4 3776512008, 0, 32;
    %store/vec4 v0x55b2178a1a20_0, 0, 32;
    %jmp T_0.48;
T_0.14 ;
    %pushi/vec4 8527874, 0, 32;
    %store/vec4 v0x55b2178a1a20_0, 0, 32;
    %jmp T_0.48;
T_0.15 ;
    %pushi/vec4 3818916609, 0, 32;
    %store/vec4 v0x55b2178a1a20_0, 0, 32;
    %jmp T_0.48;
T_0.16 ;
    %pushi/vec4 3833597952, 0, 32;
    %store/vec4 v0x55b2178a1a20_0, 0, 32;
    %jmp T_0.48;
T_0.17 ;
    %pushi/vec4 3834687488, 0, 32;
    %store/vec4 v0x55b2178a1a20_0, 0, 32;
    %jmp T_0.48;
T_0.18 ;
    %pushi/vec4 3833602052, 0, 32;
    %store/vec4 v0x55b2178a1a20_0, 0, 32;
    %jmp T_0.48;
T_0.19 ;
    %pushi/vec4 3833606152, 0, 32;
    %store/vec4 v0x55b2178a1a20_0, 0, 32;
    %jmp T_0.48;
T_0.20 ;
    %pushi/vec4 3833610253, 0, 32;
    %store/vec4 v0x55b2178a1a20_0, 0, 32;
    %jmp T_0.48;
T_0.21 ;
    %pushi/vec4 3833614352, 0, 32;
    %store/vec4 v0x55b2178a1a20_0, 0, 32;
    %jmp T_0.48;
T_0.22 ;
    %pushi/vec4 3833618452, 0, 32;
    %store/vec4 v0x55b2178a1a20_0, 0, 32;
    %jmp T_0.48;
T_0.23 ;
    %pushi/vec4 3834683396, 0, 32;
    %store/vec4 v0x55b2178a1a20_0, 0, 32;
    %jmp T_0.48;
T_0.24 ;
    %pushi/vec4 3833622552, 0, 32;
    %store/vec4 v0x55b2178a1a20_0, 0, 32;
    %jmp T_0.48;
T_0.25 ;
    %pushi/vec4 3818917892, 0, 32;
    %store/vec4 v0x55b2178a1a20_0, 0, 32;
    %jmp T_0.48;
T_0.26 ;
    %pushi/vec4 3818921984, 0, 32;
    %store/vec4 v0x55b2178a1a20_0, 0, 32;
    %jmp T_0.48;
T_0.27 ;
    %pushi/vec4 3818926080, 0, 32;
    %store/vec4 v0x55b2178a1a20_0, 0, 32;
    %jmp T_0.48;
T_0.28 ;
    %pushi/vec4 3766501635, 0, 32;
    %store/vec4 v0x55b2178a1a20_0, 0, 32;
    %jmp T_0.48;
T_0.29 ;
    %pushi/vec4 3834925056, 0, 32;
    %store/vec4 v0x55b2178a1a20_0, 0, 32;
    %jmp T_0.48;
T_0.30 ;
    %pushi/vec4 3834929156, 0, 32;
    %store/vec4 v0x55b2178a1a20_0, 0, 32;
    %jmp T_0.48;
T_0.31 ;
    %pushi/vec4 3780444166, 0, 32;
    %store/vec4 v0x55b2178a1a20_0, 0, 32;
    %jmp T_0.48;
T_0.32 ;
    %pushi/vec4 3297009664, 0, 32;
    %store/vec4 v0x55b2178a1a20_0, 0, 32;
    %jmp T_0.48;
T_0.33 ;
    %pushi/vec4 3297005572, 0, 32;
    %store/vec4 v0x55b2178a1a20_0, 0, 32;
    %jmp T_0.48;
T_0.34 ;
    %pushi/vec4 3800248321, 0, 32;
    %store/vec4 v0x55b2178a1a20_0, 0, 32;
    %jmp T_0.48;
T_0.35 ;
    %pushi/vec4 3813867523, 0, 32;
    %store/vec4 v0x55b2178a1a20_0, 0, 32;
    %jmp T_0.48;
T_0.36 ;
    %pushi/vec4 3137339383, 0, 32;
    %store/vec4 v0x55b2178a1a20_0, 0, 32;
    %jmp T_0.48;
T_0.37 ;
    %pushi/vec4 3800178689, 0, 32;
    %store/vec4 v0x55b2178a1a20_0, 0, 32;
    %jmp T_0.48;
T_0.38 ;
    %pushi/vec4 3780247553, 0, 32;
    %store/vec4 v0x55b2178a1a20_0, 0, 32;
    %jmp T_0.48;
T_0.39 ;
    %pushi/vec4 3137339379, 0, 32;
    %store/vec4 v0x55b2178a1a20_0, 0, 32;
    %jmp T_0.48;
T_0.40 ;
    %pushi/vec4 3834646528, 0, 32;
    %store/vec4 v0x55b2178a1a20_0, 0, 32;
    %jmp T_0.48;
T_0.41 ;
    %pushi/vec4 3834650628, 0, 32;
    %store/vec4 v0x55b2178a1a20_0, 0, 32;
    %jmp T_0.48;
T_0.42 ;
    %pushi/vec4 3834654728, 0, 32;
    %store/vec4 v0x55b2178a1a20_0, 0, 32;
    %jmp T_0.48;
T_0.43 ;
    %pushi/vec4 3834658828, 0, 32;
    %store/vec4 v0x55b2178a1a20_0, 0, 32;
    %jmp T_0.48;
T_0.44 ;
    %pushi/vec4 3834662928, 0, 32;
    %store/vec4 v0x55b2178a1a20_0, 0, 32;
    %jmp T_0.48;
T_0.45 ;
    %pushi/vec4 3834667028, 0, 32;
    %store/vec4 v0x55b2178a1a20_0, 0, 32;
    %jmp T_0.48;
T_0.46 ;
    %pushi/vec4 3942645759, 0, 32;
    %store/vec4 v0x55b2178a1a20_0, 0, 32;
    %jmp T_0.48;
T_0.48 ;
    %pop/vec4 1;
    %jmp T_0;
    .thread T_0, $push;
# The file index is used to find the file name in the following table.
:file_names 3;
    "N/A";
    "<interactive>";
    "istruction_mem.v";
