#! /usr/bin/vvp
:ivl_version "11.0 (stable)";
:ivl_delay_selection "TYPICAL";
:vpi_time_precision + 0;
:vpi_module "/usr/lib/x86_64-linux-gnu/ivl/system.vpi";
:vpi_module "/usr/lib/x86_64-linux-gnu/ivl/vhdl_sys.vpi";
:vpi_module "/usr/lib/x86_64-linux-gnu/ivl/vhdl_textio.vpi";
:vpi_module "/usr/lib/x86_64-linux-gnu/ivl/v2005_math.vpi";
:vpi_module "/usr/lib/x86_64-linux-gnu/ivl/va_math.vpi";
S_0x55876150f790 .scope module, "RegsIfId" "RegsIfId" 2 3;
 .timescale 0 0;
    .port_info 0 /INPUT 1 "clk";
    .port_info 1 /INPUT 1 "rst";
    .port_info 2 /INPUT 1 "freeze";
    .port_info 3 /INPUT 1 "flush";
    .port_info 4 /INPUT 32 "pcIn";
    .port_info 5 /INPUT 32 "instructionIn";
    .port_info 6 /OUTPUT 32 "pcOut";
    .port_info 7 /OUTPUT 32 "instructionOut";
o0x7fcb2a616408 .functor BUFZ 1, C4<z>; HiZ drive
L_0x5587614fc870 .functor NOT 1, o0x7fcb2a616408, C4<0>, C4<0>, C4<0>;
L_0x558761524a90 .functor NOT 1, o0x7fcb2a616408, C4<0>, C4<0>, C4<0>;
o0x7fcb2a616018 .functor BUFZ 1, C4<z>; HiZ drive
v0x558761524230_0 .net "clk", 0 0, o0x7fcb2a616018;  0 drivers
o0x7fcb2a616048 .functor BUFZ 1, C4<z>; HiZ drive
v0x558761524340_0 .net "flush", 0 0, o0x7fcb2a616048;  0 drivers
v0x558761524450_0 .net "freeze", 0 0, o0x7fcb2a616408;  0 drivers
o0x7fcb2a616078 .functor BUFZ 32, C4<zzzzzzzzzzzzzzzzzzzzzzzzzzzzzzzz>; HiZ drive
v0x5587615244f0_0 .net "instructionIn", 31 0, o0x7fcb2a616078;  0 drivers
v0x558761524590_0 .net "instructionOut", 31 0, v0x5587615236c0_0;  1 drivers
o0x7fcb2a616258 .functor BUFZ 32, C4<zzzzzzzzzzzzzzzzzzzzzzzzzzzzzzzz>; HiZ drive
v0x558761524680_0 .net "pcIn", 31 0, o0x7fcb2a616258;  0 drivers
v0x558761524750_0 .net "pcOut", 31 0, v0x558761523fc0_0;  1 drivers
o0x7fcb2a616108 .functor BUFZ 1, C4<z>; HiZ drive
v0x558761524820_0 .net "rst", 0 0, o0x7fcb2a616108;  0 drivers
S_0x55876150f9f0 .scope module, "instReg" "Register" 2 15, 3 1 0, S_0x55876150f790;
 .timescale 0 0;
    .port_info 0 /INPUT 1 "clk";
    .port_info 1 /INPUT 1 "rst";
    .port_info 2 /INPUT 32 "in";
    .port_info 3 /INPUT 1 "ld";
    .port_info 4 /INPUT 1 "clr";
    .port_info 5 /OUTPUT 32 "out";
P_0x558761510500 .param/l "N" 0 3 2, +C4<00000000000000000000000000100000>;
v0x5587614fc9c0_0 .net "clk", 0 0, o0x7fcb2a616018;  alias, 0 drivers
v0x558761523480_0 .net "clr", 0 0, o0x7fcb2a616048;  alias, 0 drivers
v0x558761523540_0 .net "in", 31 0, o0x7fcb2a616078;  alias, 0 drivers
v0x558761523600_0 .net "ld", 0 0, L_0x558761524a90;  1 drivers
v0x5587615236c0_0 .var "out", 31 0;
v0x5587615237f0_0 .net "rst", 0 0, o0x7fcb2a616108;  alias, 0 drivers
E_0x5587614f89b0 .event posedge, v0x5587615237f0_0, v0x5587614fc9c0_0;
S_0x558761523970 .scope module, "pcReg" "Register" 2 9, 3 1 0, S_0x55876150f790;
 .timescale 0 0;
    .port_info 0 /INPUT 1 "clk";
    .port_info 1 /INPUT 1 "rst";
    .port_info 2 /INPUT 32 "in";
    .port_info 3 /INPUT 1 "ld";
    .port_info 4 /INPUT 1 "clr";
    .port_info 5 /OUTPUT 32 "out";
P_0x558761523b70 .param/l "N" 0 3 2, +C4<00000000000000000000000000100000>;
v0x558761523cb0_0 .net "clk", 0 0, o0x7fcb2a616018;  alias, 0 drivers
v0x558761523d80_0 .net "clr", 0 0, o0x7fcb2a616048;  alias, 0 drivers
v0x558761523e50_0 .net "in", 31 0, o0x7fcb2a616258;  alias, 0 drivers
v0x558761523f20_0 .net "ld", 0 0, L_0x5587614fc870;  1 drivers
v0x558761523fc0_0 .var "out", 31 0;
v0x5587615240f0_0 .net "rst", 0 0, o0x7fcb2a616108;  alias, 0 drivers
    .scope S_0x558761523970;
T_0 ;
    %wait E_0x5587614f89b0;
    %load/vec4 v0x5587615240f0_0;
    %flag_set/vec4 8;
    %jmp/0xz  T_0.0, 8;
    %pushi/vec4 0, 0, 32;
    %assign/vec4 v0x558761523fc0_0, 0;
    %jmp T_0.1;
T_0.0 ;
    %load/vec4 v0x558761523d80_0;
    %flag_set/vec4 8;
    %jmp/0xz  T_0.2, 8;
    %pushi/vec4 0, 0, 32;
    %assign/vec4 v0x558761523fc0_0, 0;
    %jmp T_0.3;
T_0.2 ;
    %load/vec4 v0x558761523f20_0;
    %flag_set/vec4 8;
    %jmp/0xz  T_0.4, 8;
    %load/vec4 v0x558761523e50_0;
    %assign/vec4 v0x558761523fc0_0, 0;
T_0.4 ;
T_0.3 ;
T_0.1 ;
    %jmp T_0;
    .thread T_0;
    .scope S_0x55876150f9f0;
T_1 ;
    %wait E_0x5587614f89b0;
    %load/vec4 v0x5587615237f0_0;
    %flag_set/vec4 8;
    %jmp/0xz  T_1.0, 8;
    %pushi/vec4 0, 0, 32;
    %assign/vec4 v0x5587615236c0_0, 0;
    %jmp T_1.1;
T_1.0 ;
    %load/vec4 v0x558761523480_0;
    %flag_set/vec4 8;
    %jmp/0xz  T_1.2, 8;
    %pushi/vec4 0, 0, 32;
    %assign/vec4 v0x5587615236c0_0, 0;
    %jmp T_1.3;
T_1.2 ;
    %load/vec4 v0x558761523600_0;
    %flag_set/vec4 8;
    %jmp/0xz  T_1.4, 8;
    %load/vec4 v0x558761523540_0;
    %assign/vec4 v0x5587615236c0_0, 0;
T_1.4 ;
T_1.3 ;
T_1.1 ;
    %jmp T_1;
    .thread T_1;
# The file index is used to find the file name in the following table.
:file_names 4;
    "N/A";
    "<interactive>";
    "reg_if.v";
    "./register.v";
