#! /usr/bin/vvp
:ivl_version "11.0 (stable)";
:ivl_delay_selection "TYPICAL";
:vpi_time_precision + 0;
:vpi_module "/usr/lib/x86_64-linux-gnu/ivl/system.vpi";
:vpi_module "/usr/lib/x86_64-linux-gnu/ivl/vhdl_sys.vpi";
:vpi_module "/usr/lib/x86_64-linux-gnu/ivl/vhdl_textio.vpi";
:vpi_module "/usr/lib/x86_64-linux-gnu/ivl/v2005_math.vpi";
:vpi_module "/usr/lib/x86_64-linux-gnu/ivl/va_math.vpi";
S_0x561e9981bde0 .scope module, "Register" "Register" 2 1;
 .timescale 0 0;
    .port_info 0 /INPUT 1 "clk";
    .port_info 1 /INPUT 1 "rst";
    .port_info 2 /INPUT 32 "in";
    .port_info 3 /INPUT 1 "ld";
    .port_info 4 /INPUT 1 "clr";
    .port_info 5 /OUTPUT 32 "out";
P_0x561e9981bf70 .param/l "N" 0 2 2, +C4<00000000000000000000000000100000>;
o0x7fbb8af7b018 .functor BUFZ 1, C4<z>; HiZ drive
v0x561e9981c0d0_0 .net "clk", 0 0, o0x7fbb8af7b018;  0 drivers
o0x7fbb8af7b048 .functor BUFZ 1, C4<z>; HiZ drive
v0x561e99864970_0 .net "clr", 0 0, o0x7fbb8af7b048;  0 drivers
o0x7fbb8af7b078 .functor BUFZ 32, C4<zzzzzzzzzzzzzzzzzzzzzzzzzzzzzzzz>; HiZ drive
v0x561e99864a30_0 .net "in", 31 0, o0x7fbb8af7b078;  0 drivers
o0x7fbb8af7b0a8 .functor BUFZ 1, C4<z>; HiZ drive
v0x561e99864b20_0 .net "ld", 0 0, o0x7fbb8af7b0a8;  0 drivers
v0x561e99864be0_0 .var "out", 31 0;
o0x7fbb8af7b108 .functor BUFZ 1, C4<z>; HiZ drive
v0x561e99864d10_0 .net "rst", 0 0, o0x7fbb8af7b108;  0 drivers
E_0x561e99855680 .event posedge, v0x561e99864d10_0, v0x561e9981c0d0_0;
    .scope S_0x561e9981bde0;
T_0 ;
    %wait E_0x561e99855680;
    %load/vec4 v0x561e99864d10_0;
    %flag_set/vec4 8;
    %jmp/0xz  T_0.0, 8;
    %pushi/vec4 0, 0, 32;
    %assign/vec4 v0x561e99864be0_0, 0;
    %jmp T_0.1;
T_0.0 ;
    %load/vec4 v0x561e99864970_0;
    %flag_set/vec4 8;
    %jmp/0xz  T_0.2, 8;
    %pushi/vec4 0, 0, 32;
    %assign/vec4 v0x561e99864be0_0, 0;
    %jmp T_0.3;
T_0.2 ;
    %load/vec4 v0x561e99864b20_0;
    %flag_set/vec4 8;
    %jmp/0xz  T_0.4, 8;
    %load/vec4 v0x561e99864a30_0;
    %assign/vec4 v0x561e99864be0_0, 0;
T_0.4 ;
T_0.3 ;
T_0.1 ;
    %jmp T_0;
    .thread T_0;
# The file index is used to find the file name in the following table.
:file_names 3;
    "N/A";
    "<interactive>";
    "register.v";
