#! /usr/bin/vvp
:ivl_version "11.0 (stable)";
:ivl_delay_selection "TYPICAL";
:vpi_time_precision - 9;
:vpi_module "/usr/lib/x86_64-linux-gnu/ivl/system.vpi";
:vpi_module "/usr/lib/x86_64-linux-gnu/ivl/vhdl_sys.vpi";
:vpi_module "/usr/lib/x86_64-linux-gnu/ivl/vhdl_textio.vpi";
:vpi_module "/usr/lib/x86_64-linux-gnu/ivl/v2005_math.vpi";
:vpi_module "/usr/lib/x86_64-linux-gnu/ivl/va_math.vpi";
S_0x561ae186a260 .scope module, "TopLevelTB" "TopLevelTB" 2 4;
 .timescale -9 -9;
P_0x561ae183c4a0 .param/l "HCLK" 1 2 5, +C4<00000000000000000000000000000101>;
v0x561ae18a4ca0_0 .var "clk", 0 0;
v0x561ae18a4d70_0 .var "rst", 0 0;
S_0x561ae1814cb0 .scope module, "tm" "TopModule" 2 8, 3 8 0, S_0x561ae186a260;
 .timescale 0 0;
    .port_info 0 /INPUT 1 "clock";
    .port_info 1 /INPUT 1 "rst";
o0x7fcf54560d88 .functor BUFZ 1, C4<z>; HiZ drive
o0x7fcf54561d18 .functor BUFZ 1, C4<z>; HiZ drive
L_0x561ae187b520 .functor OR 1, o0x7fcf54560d88, o0x7fcf54561d18, C4<0>, C4<0>;
L_0x561ae18750f0 .functor OR 1, o0x7fcf54560d88, o0x7fcf54561d18, C4<0>, C4<0>;
L_0x561ae18b5560 .functor OR 1, o0x7fcf54560d88, o0x7fcf54561d18, C4<0>, C4<0>;
L_0x561ae18b57a0 .functor OR 1, o0x7fcf54560d88, o0x7fcf54561d18, C4<0>, C4<0>;
L_0x561ae18b5980 .functor OR 1, o0x7fcf54560d88, o0x7fcf54561d18, C4<0>, C4<0>;
o0x7fcf54561b38 .functor BUFZ 18, C4<zzzzzzzzzzzzzzzzzz>; HiZ drive
v0x561ae18a0a90_0 .net "SRAM_ADDR", 17 0, o0x7fcf54561b38;  0 drivers
o0x7fcf54561b68 .functor BUFZ 1, C4<z>; HiZ drive
v0x561ae18a0b70_0 .net "SRAM_CE_N", 0 0, o0x7fcf54561b68;  0 drivers
o0x7fcf54561bf8 .functor BUFZ 1, C4<z>; HiZ drive
v0x561ae18a0c10_0 .net "SRAM_DE_N", 0 0, o0x7fcf54561bf8;  0 drivers
o0x7fcf54561b98 .functor BUFZ 16, C4<zzzzzzzzzzzzzzzz>; HiZ drive
v0x561ae18a0ce0_0 .net "SRAM_DQ", 15 0, o0x7fcf54561b98;  0 drivers
o0x7fcf54561bc8 .functor BUFZ 1, C4<z>; HiZ drive
v0x561ae18a0db0_0 .net "SRAM_LB_N", 0 0, o0x7fcf54561bc8;  0 drivers
o0x7fcf54561c28 .functor BUFZ 1, C4<z>; HiZ drive
v0x561ae18a0ea0_0 .net "SRAM_UB_N", 0 0, o0x7fcf54561c28;  0 drivers
o0x7fcf54561c58 .functor BUFZ 1, C4<z>; HiZ drive
v0x561ae18a0f70_0 .net "SRAM_WE_N", 0 0, o0x7fcf54561c58;  0 drivers
o0x7fcf54560cf8 .functor BUFZ 4, C4<zzzz>; HiZ drive
v0x561ae18a1040_0 .net "aluCmdOutId", 3 0, o0x7fcf54560cf8;  0 drivers
o0x7fcf54560398 .functor BUFZ 4, C4<zzzz>; HiZ drive
v0x561ae18a1110_0 .net "aluCmdOutIdEx", 3 0, o0x7fcf54560398;  0 drivers
o0x7fcf545602a8 .functor BUFZ 32, C4<zzzzzzzzzzzzzzzzzzzzzzzzzzzzzzzz>; HiZ drive
v0x561ae18a11e0_0 .net "aluResOutEx", 31 0, o0x7fcf545602a8;  0 drivers
o0x7fcf54560698 .functor BUFZ 32, C4<zzzzzzzzzzzzzzzzzzzzzzzzzzzzzzzz>; HiZ drive
v0x561ae18a12b0_0 .net "aluResOutExMem", 31 0, o0x7fcf54560698;  0 drivers
o0x7fcf54561c88 .functor BUFZ 32, C4<zzzzzzzzzzzzzzzzzzzzzzzzzzzzzzzz>; HiZ drive
v0x561ae18a1350_0 .net "aluResOutMem", 31 0, o0x7fcf54561c88;  0 drivers
o0x7fcf54562288 .functor BUFZ 32, C4<zzzzzzzzzzzzzzzzzzzzzzzzzzzzzzzz>; HiZ drive
v0x561ae18a13f0_0 .net "aluResOutMemWb", 31 0, o0x7fcf54562288;  0 drivers
o0x7fcf545602d8 .functor BUFZ 32, C4<zzzzzzzzzzzzzzzzzzzzzzzzzzzzzzzz>; HiZ drive
v0x561ae18a14c0_0 .net "branchAddr", 31 0, o0x7fcf545602d8;  0 drivers
o0x7fcf54560d28 .functor BUFZ 1, C4<z>; HiZ drive
v0x561ae18a1560_0 .net "branchOutId", 0 0, o0x7fcf54560d28;  0 drivers
o0x7fcf54560308 .functor BUFZ 1, C4<z>; HiZ drive
v0x561ae18a1630_0 .net "branchOutIdEx", 0 0, o0x7fcf54560308;  0 drivers
o0x7fcf5455f048 .functor BUFZ 1, C4<z>; HiZ drive
v0x561ae18a1700_0 .net "branchTaken", 0 0, o0x7fcf5455f048;  0 drivers
v0x561ae18a17a0_0 .net "carryIn", 0 0, L_0x561ae18a4e10;  1 drivers
o0x7fcf54560338 .functor BUFZ 1, C4<z>; HiZ drive
v0x561ae18a1840_0 .net "carryOut", 0 0, o0x7fcf54560338;  0 drivers
o0x7fcf5455f018 .functor BUFZ 1, C4<z>; HiZ drive
v0x561ae18a1910_0 .net "clk", 0 0, o0x7fcf5455f018;  0 drivers
v0x561ae18a19b0_0 .net "clock", 0 0, v0x561ae18a4ca0_0;  1 drivers
o0x7fcf545603c8 .functor BUFZ 4, C4<zzzz>; HiZ drive
v0x561ae18a1a50_0 .net "destOutEx", 3 0, o0x7fcf545603c8;  0 drivers
o0x7fcf54561cb8 .functor BUFZ 4, C4<zzzz>; HiZ drive
v0x561ae18a1b20_0 .net "destOutExMem", 3 0, o0x7fcf54561cb8;  0 drivers
o0x7fcf54560d58 .functor BUFZ 4, C4<zzzz>; HiZ drive
v0x561ae18a1bf0_0 .net "destOutId", 3 0, o0x7fcf54560d58;  0 drivers
o0x7fcf54560368 .functor BUFZ 4, C4<zzzz>; HiZ drive
v0x561ae18a1cc0_0 .net "destOutIdEx", 3 0, o0x7fcf54560368;  0 drivers
o0x7fcf54561ce8 .functor BUFZ 4, C4<zzzz>; HiZ drive
v0x561ae18a1d90_0 .net "destOutMem", 3 0, o0x7fcf54561ce8;  0 drivers
o0x7fcf545622b8 .functor BUFZ 4, C4<zzzz>; HiZ drive
v0x561ae18a1e60_0 .net "destOutMemWb", 3 0, o0x7fcf545622b8;  0 drivers
v0x561ae18a1f30_0 .net "hazard", 0 0, o0x7fcf54560d88;  0 drivers
o0x7fcf54560db8 .functor BUFZ 1, C4<z>; HiZ drive
v0x561ae18a2000_0 .net "hazardTwoSrc", 0 0, o0x7fcf54560db8;  0 drivers
o0x7fcf54560e18 .functor BUFZ 24, C4<zzzzzzzzzzzzzzzzzzzzzzzz>; HiZ drive
v0x561ae18a20d0_0 .net "imm24OutId", 23 0, o0x7fcf54560e18;  0 drivers
o0x7fcf54560608 .functor BUFZ 24, C4<zzzzzzzzzzzzzzzzzzzzzzzz>; HiZ drive
v0x561ae18a21a0_0 .net "imm24OutIdEx", 23 0, o0x7fcf54560608;  0 drivers
o0x7fcf54560de8 .functor BUFZ 1, C4<z>; HiZ drive
v0x561ae18a2270_0 .net "immOutId", 0 0, o0x7fcf54560de8;  0 drivers
o0x7fcf54560428 .functor BUFZ 1, C4<z>; HiZ drive
v0x561ae18a2340_0 .net "immOutIdEx", 0 0, o0x7fcf54560428;  0 drivers
v0x561ae18a2620_0 .net "instOutIf", 31 0, v0x561ae189c080_0;  1 drivers
RS_0x7fcf5455f0d8 .resolv tri, v0x561ae1875210_0, v0x561ae1892c40_0, v0x561ae1894830_0, v0x561ae1896510_0;
v0x561ae18a26c0_0 .net8 "instOutIfId", 31 0, RS_0x7fcf5455f0d8;  4 drivers
o0x7fcf54561d48 .functor BUFZ 32, C4<zzzzzzzzzzzzzzzzzzzzzzzzzzzzzzzz>; HiZ drive
v0x561ae18a2760_0 .net "memDataOutMem", 31 0, o0x7fcf54561d48;  0 drivers
o0x7fcf545622e8 .functor BUFZ 32, C4<zzzzzzzzzzzzzzzzzzzzzzzzzzzzzzzz>; HiZ drive
v0x561ae18a2830_0 .net "memDataOutMemWb", 31 0, o0x7fcf545622e8;  0 drivers
o0x7fcf545604b8 .functor BUFZ 1, C4<z>; HiZ drive
v0x561ae18a2900_0 .net "memReadOutEx", 0 0, o0x7fcf545604b8;  0 drivers
o0x7fcf54561d78 .functor BUFZ 1, C4<z>; HiZ drive
v0x561ae18a29d0_0 .net "memReadOutExMem", 0 0, o0x7fcf54561d78;  0 drivers
o0x7fcf54560e48 .functor BUFZ 1, C4<z>; HiZ drive
v0x561ae18a2aa0_0 .net "memReadOutId", 0 0, o0x7fcf54560e48;  0 drivers
o0x7fcf54560488 .functor BUFZ 1, C4<z>; HiZ drive
v0x561ae18a2b70_0 .net "memReadOutIdEx", 0 0, o0x7fcf54560488;  0 drivers
o0x7fcf54561da8 .functor BUFZ 1, C4<z>; HiZ drive
v0x561ae18a2c40_0 .net "memReadOutMem", 0 0, o0x7fcf54561da8;  0 drivers
o0x7fcf54562318 .functor BUFZ 1, C4<z>; HiZ drive
v0x561ae18a2d10_0 .net "memReadOutMemWb", 0 0, o0x7fcf54562318;  0 drivers
o0x7fcf54560518 .functor BUFZ 1, C4<z>; HiZ drive
v0x561ae18a2de0_0 .net "memWriteOutEx", 0 0, o0x7fcf54560518;  0 drivers
o0x7fcf54561dd8 .functor BUFZ 1, C4<z>; HiZ drive
v0x561ae18a2eb0_0 .net "memWriteOutExMem", 0 0, o0x7fcf54561dd8;  0 drivers
o0x7fcf54560e78 .functor BUFZ 1, C4<z>; HiZ drive
v0x561ae18a2f80_0 .net "memWriteOutId", 0 0, o0x7fcf54560e78;  0 drivers
o0x7fcf545604e8 .functor BUFZ 1, C4<z>; HiZ drive
v0x561ae18a3050_0 .net "memWriteOutIdEx", 0 0, o0x7fcf545604e8;  0 drivers
o0x7fcf54560ea8 .functor BUFZ 32, C4<zzzzzzzzzzzzzzzzzzzzzzzzzzzzzzzz>; HiZ drive
v0x561ae18a3120_0 .net "pcOutId", 31 0, o0x7fcf54560ea8;  0 drivers
o0x7fcf54560548 .functor BUFZ 32, C4<zzzzzzzzzzzzzzzzzzzzzzzzzzzzzzzz>; HiZ drive
v0x561ae18a31f0_0 .net "pcOutIdEx", 31 0, o0x7fcf54560548;  0 drivers
v0x561ae18a32c0_0 .net "pcOutIf", 31 0, L_0x561ae187a4a0;  1 drivers
RS_0x7fcf5455f2b8 .resolv tri, v0x561ae1891960_0, v0x561ae18934e0_0, v0x561ae1895140_0, v0x561ae1896dd0_0;
v0x561ae18a3360_0 .net8 "pcOutIfId", 31 0, RS_0x7fcf5455f2b8;  4 drivers
v0x561ae18a3400_0 .net "ramFreeze", 0 0, o0x7fcf54561d18;  0 drivers
o0x7fcf54560ed8 .functor BUFZ 32, C4<zzzzzzzzzzzzzzzzzzzzzzzzzzzzzzzz>; HiZ drive
v0x561ae18a34d0_0 .net "reg1OutId", 31 0, o0x7fcf54560ed8;  0 drivers
o0x7fcf54560668 .functor BUFZ 32, C4<zzzzzzzzzzzzzzzzzzzzzzzzzzzzzzzz>; HiZ drive
v0x561ae18a35a0_0 .net "reg1OutIdEx", 31 0, o0x7fcf54560668;  0 drivers
o0x7fcf545603f8 .functor BUFZ 32, C4<zzzzzzzzzzzzzzzzzzzzzzzzzzzzzzzz>; HiZ drive
v0x561ae18a3670_0 .net "reg2OutEx", 31 0, o0x7fcf545603f8;  0 drivers
o0x7fcf54561e08 .functor BUFZ 32, C4<zzzzzzzzzzzzzzzzzzzzzzzzzzzzzzzz>; HiZ drive
v0x561ae18a3740_0 .net "reg2OutExMem", 31 0, o0x7fcf54561e08;  0 drivers
o0x7fcf54560f08 .functor BUFZ 32, C4<zzzzzzzzzzzzzzzzzzzzzzzzzzzzzzzz>; HiZ drive
v0x561ae18a3810_0 .net "reg2OutId", 31 0, o0x7fcf54560f08;  0 drivers
o0x7fcf545606c8 .functor BUFZ 32, C4<zzzzzzzzzzzzzzzzzzzzzzzzzzzzzzzz>; HiZ drive
v0x561ae18a38e0_0 .net "reg2OutIdEx", 31 0, o0x7fcf545606c8;  0 drivers
v0x561ae18a39b0_0 .net "rst", 0 0, v0x561ae18a4d70_0;  1 drivers
o0x7fcf54560f38 .functor BUFZ 1, C4<z>; HiZ drive
v0x561ae18a3a50_0 .net "sOutId", 0 0, o0x7fcf54560f38;  0 drivers
o0x7fcf54560458 .functor BUFZ 1, C4<z>; HiZ drive
v0x561ae18a3b20_0 .net "sOutIdEx", 0 0, o0x7fcf54560458;  0 drivers
o0x7fcf54560578 .functor BUFZ 2, C4<zz>; HiZ drive
v0x561ae18a3bf0_0 .net "selSrc1", 1 0, o0x7fcf54560578;  0 drivers
o0x7fcf545605a8 .functor BUFZ 2, C4<zz>; HiZ drive
v0x561ae18a3cc0_0 .net "selSrc2", 1 0, o0x7fcf545605a8;  0 drivers
o0x7fcf54560f68 .functor BUFZ 12, C4<zzzzzzzzzzzz>; HiZ drive
v0x561ae18a3d90_0 .net "shiftOperandOutId", 11 0, o0x7fcf54560f68;  0 drivers
o0x7fcf545605d8 .functor BUFZ 12, C4<zzzzzzzzzzzz>; HiZ drive
v0x561ae18a3e60_0 .net "shiftOperandOutIdEx", 11 0, o0x7fcf545605d8;  0 drivers
o0x7fcf54560f98 .functor BUFZ 4, C4<zzzz>; HiZ drive
v0x561ae18a4340_0 .net "src1OutId", 3 0, o0x7fcf54560f98;  0 drivers
o0x7fcf54560fc8 .functor BUFZ 4, C4<zzzz>; HiZ drive
v0x561ae18a4410_0 .net "src2OutId", 3 0, o0x7fcf54560fc8;  0 drivers
o0x7fcf54560638 .functor BUFZ 4, C4<zzzz>; HiZ drive
v0x561ae18a44e0_0 .net "status", 3 0, o0x7fcf54560638;  0 drivers
o0x7fcf54560ff8 .functor BUFZ 4, C4<zzzz>; HiZ drive
v0x561ae18a45d0_0 .net "wbDest", 3 0, o0x7fcf54560ff8;  0 drivers
o0x7fcf54561058 .functor BUFZ 1, C4<z>; HiZ drive
v0x561ae18a46c0_0 .net "wbEn", 0 0, o0x7fcf54561058;  0 drivers
o0x7fcf54560758 .functor BUFZ 1, C4<z>; HiZ drive
v0x561ae18a47b0_0 .net "wbEnOutEx", 0 0, o0x7fcf54560758;  0 drivers
o0x7fcf54561e38 .functor BUFZ 1, C4<z>; HiZ drive
v0x561ae18a4850_0 .net "wbEnOutExMem", 0 0, o0x7fcf54561e38;  0 drivers
o0x7fcf54561028 .functor BUFZ 1, C4<z>; HiZ drive
v0x561ae18a48f0_0 .net "wbEnOutId", 0 0, o0x7fcf54561028;  0 drivers
o0x7fcf54560728 .functor BUFZ 1, C4<z>; HiZ drive
v0x561ae18a4990_0 .net "wbEnOutIdEx", 0 0, o0x7fcf54560728;  0 drivers
o0x7fcf54561e68 .functor BUFZ 1, C4<z>; HiZ drive
v0x561ae18a4a60_0 .net "wbEnOutMem", 0 0, o0x7fcf54561e68;  0 drivers
o0x7fcf54562348 .functor BUFZ 1, C4<z>; HiZ drive
v0x561ae18a4b30_0 .net "wbEnOutMemWb", 0 0, o0x7fcf54562348;  0 drivers
o0x7fcf545606f8 .functor BUFZ 32, C4<zzzzzzzzzzzzzzzzzzzzzzzzzzzzzzzz>; HiZ drive
v0x561ae18a4c00_0 .net "wbValue", 31 0, o0x7fcf545606f8;  0 drivers
L_0x561ae18a4e10 .part o0x7fcf54560638, 1, 1;
S_0x561ae1814e90 .scope module, "reg2" "RegsIfId" 3 83, 4 3 0, S_0x561ae1814cb0;
 .timescale 0 0;
    .port_info 0 /INPUT 1 "clk";
    .port_info 1 /INPUT 1 "rst";
    .port_info 2 /INPUT 1 "freeze";
    .port_info 3 /INPUT 1 "flush";
    .port_info 4 /INPUT 32 "pcIn";
    .port_info 5 /INPUT 32 "instructionIn";
    .port_info 6 /OUTPUT 32 "pcOut";
    .port_info 7 /OUTPUT 32 "instructionOut";
L_0x561ae18b5430 .functor NOT 1, L_0x561ae18b5560, C4<0>, C4<0>, C4<0>;
L_0x561ae18b54a0 .functor NOT 1, L_0x561ae18b5560, C4<0>, C4<0>, C4<0>;
v0x561ae1891bd0_0 .net "clk", 0 0, o0x7fcf5455f018;  alias, 0 drivers
v0x561ae1891ce0_0 .net "flush", 0 0, o0x7fcf5455f048;  alias, 0 drivers
v0x561ae1891df0_0 .net "freeze", 0 0, L_0x561ae18b5560;  1 drivers
v0x561ae1891e90_0 .net "instructionIn", 31 0, v0x561ae189c080_0;  alias, 1 drivers
v0x561ae1891f30_0 .net8 "instructionOut", 31 0, RS_0x7fcf5455f0d8;  alias, 4 drivers
v0x561ae1892020_0 .net "pcIn", 31 0, L_0x561ae187a4a0;  alias, 1 drivers
v0x561ae18920f0_0 .net8 "pcOut", 31 0, RS_0x7fcf5455f2b8;  alias, 4 drivers
v0x561ae18921c0_0 .net "rst", 0 0, v0x561ae18a4d70_0;  alias, 1 drivers
S_0x561ae17d9cf0 .scope module, "instReg" "Register" 4 15, 5 1 0, S_0x561ae1814e90;
 .timescale 0 0;
    .port_info 0 /INPUT 1 "clk";
    .port_info 1 /INPUT 1 "rst";
    .port_info 2 /INPUT 32 "in";
    .port_info 3 /INPUT 1 "ld";
    .port_info 4 /INPUT 1 "clr";
    .port_info 5 /OUTPUT 32 "out";
P_0x561ae17d9ed0 .param/l "N" 0 5 2, +C4<00000000000000000000000000100000>;
v0x561ae1877bc0_0 .net "clk", 0 0, o0x7fcf5455f018;  alias, 0 drivers
v0x561ae1877c90_0 .net "clr", 0 0, o0x7fcf5455f048;  alias, 0 drivers
v0x561ae1878c10_0 .net "in", 31 0, v0x561ae189c080_0;  alias, 1 drivers
v0x561ae1878d10_0 .net "ld", 0 0, L_0x561ae18b54a0;  1 drivers
v0x561ae1875210_0 .var "out", 31 0;
v0x561ae1875310_0 .net "rst", 0 0, v0x561ae18a4d70_0;  alias, 1 drivers
E_0x561ae17fdbf0 .event posedge, v0x561ae1875310_0, v0x561ae1877bc0_0;
S_0x561ae1891370 .scope module, "pcReg" "Register" 4 9, 5 1 0, S_0x561ae1814e90;
 .timescale 0 0;
    .port_info 0 /INPUT 1 "clk";
    .port_info 1 /INPUT 1 "rst";
    .port_info 2 /INPUT 32 "in";
    .port_info 3 /INPUT 1 "ld";
    .port_info 4 /INPUT 1 "clr";
    .port_info 5 /OUTPUT 32 "out";
P_0x561ae1891570 .param/l "N" 0 5 2, +C4<00000000000000000000000000100000>;
v0x561ae18916b0_0 .net "clk", 0 0, o0x7fcf5455f018;  alias, 0 drivers
v0x561ae1891750_0 .net "clr", 0 0, o0x7fcf5455f048;  alias, 0 drivers
v0x561ae18917f0_0 .net "in", 31 0, L_0x561ae187a4a0;  alias, 1 drivers
v0x561ae18918c0_0 .net "ld", 0 0, L_0x561ae18b5430;  1 drivers
v0x561ae1891960_0 .var "out", 31 0;
v0x561ae1891a90_0 .net "rst", 0 0, v0x561ae18a4d70_0;  alias, 1 drivers
S_0x561ae18923e0 .scope module, "reg3" "RegsIfId" 3 100, 4 3 0, S_0x561ae1814cb0;
 .timescale 0 0;
    .port_info 0 /INPUT 1 "clk";
    .port_info 1 /INPUT 1 "rst";
    .port_info 2 /INPUT 1 "freeze";
    .port_info 3 /INPUT 1 "flush";
    .port_info 4 /INPUT 32 "pcIn";
    .port_info 5 /INPUT 32 "instructionIn";
    .port_info 6 /OUTPUT 32 "pcOut";
    .port_info 7 /OUTPUT 32 "instructionOut";
L_0x561ae18b5660 .functor NOT 1, L_0x561ae18b57a0, C4<0>, C4<0>, C4<0>;
L_0x561ae18b5700 .functor NOT 1, L_0x561ae18b57a0, C4<0>, C4<0>, C4<0>;
v0x561ae1893820_0 .net "clk", 0 0, o0x7fcf5455f018;  alias, 0 drivers
v0x561ae18938e0_0 .net "flush", 0 0, o0x7fcf5455f048;  alias, 0 drivers
v0x561ae18939a0_0 .net "freeze", 0 0, L_0x561ae18b57a0;  1 drivers
v0x561ae1893a40_0 .net "instructionIn", 31 0, v0x561ae189c080_0;  alias, 1 drivers
v0x561ae1893ae0_0 .net8 "instructionOut", 31 0, RS_0x7fcf5455f0d8;  alias, 4 drivers
v0x561ae1893ba0_0 .net "pcIn", 31 0, L_0x561ae187a4a0;  alias, 1 drivers
v0x561ae1893c60_0 .net8 "pcOut", 31 0, RS_0x7fcf5455f2b8;  alias, 4 drivers
v0x561ae1893d20_0 .net "rst", 0 0, v0x561ae18a4d70_0;  alias, 1 drivers
S_0x561ae18925e0 .scope module, "instReg" "Register" 4 15, 5 1 0, S_0x561ae18923e0;
 .timescale 0 0;
    .port_info 0 /INPUT 1 "clk";
    .port_info 1 /INPUT 1 "rst";
    .port_info 2 /INPUT 32 "in";
    .port_info 3 /INPUT 1 "ld";
    .port_info 4 /INPUT 1 "clr";
    .port_info 5 /OUTPUT 32 "out";
P_0x561ae18927c0 .param/l "N" 0 5 2, +C4<00000000000000000000000000100000>;
v0x561ae1892900_0 .net "clk", 0 0, o0x7fcf5455f018;  alias, 0 drivers
v0x561ae18929c0_0 .net "clr", 0 0, o0x7fcf5455f048;  alias, 0 drivers
v0x561ae1892a80_0 .net "in", 31 0, v0x561ae189c080_0;  alias, 1 drivers
v0x561ae1892ba0_0 .net "ld", 0 0, L_0x561ae18b5700;  1 drivers
v0x561ae1892c40_0 .var "out", 31 0;
v0x561ae1892da0_0 .net "rst", 0 0, v0x561ae18a4d70_0;  alias, 1 drivers
S_0x561ae1892f00 .scope module, "pcReg" "Register" 4 9, 5 1 0, S_0x561ae18923e0;
 .timescale 0 0;
    .port_info 0 /INPUT 1 "clk";
    .port_info 1 /INPUT 1 "rst";
    .port_info 2 /INPUT 32 "in";
    .port_info 3 /INPUT 1 "ld";
    .port_info 4 /INPUT 1 "clr";
    .port_info 5 /OUTPUT 32 "out";
P_0x561ae1893100 .param/l "N" 0 5 2, +C4<00000000000000000000000000100000>;
v0x561ae1893240_0 .net "clk", 0 0, o0x7fcf5455f018;  alias, 0 drivers
v0x561ae18932e0_0 .net "clr", 0 0, o0x7fcf5455f048;  alias, 0 drivers
v0x561ae18933a0_0 .net "in", 31 0, L_0x561ae187a4a0;  alias, 1 drivers
v0x561ae1893440_0 .net "ld", 0 0, L_0x561ae18b5660;  1 drivers
v0x561ae18934e0_0 .var "out", 31 0;
v0x561ae18935f0_0 .net "rst", 0 0, v0x561ae18a4d70_0;  alias, 1 drivers
S_0x561ae1893f10 .scope module, "reg4" "RegsIfId" 3 121, 4 3 0, S_0x561ae1814cb0;
 .timescale 0 0;
    .port_info 0 /INPUT 1 "clk";
    .port_info 1 /INPUT 1 "rst";
    .port_info 2 /INPUT 1 "freeze";
    .port_info 3 /INPUT 1 "flush";
    .port_info 4 /INPUT 32 "pcIn";
    .port_info 5 /INPUT 32 "instructionIn";
    .port_info 6 /OUTPUT 32 "pcOut";
    .port_info 7 /OUTPUT 32 "instructionOut";
L_0x561ae18b5840 .functor NOT 1, L_0x561ae18b5980, C4<0>, C4<0>, C4<0>;
L_0x561ae18b58e0 .functor NOT 1, L_0x561ae18b5980, C4<0>, C4<0>, C4<0>;
v0x561ae1895430_0 .net "clk", 0 0, o0x7fcf5455f018;  alias, 0 drivers
v0x561ae18954f0_0 .net "flush", 0 0, o0x7fcf5455f048;  alias, 0 drivers
v0x561ae18955b0_0 .net "freeze", 0 0, L_0x561ae18b5980;  1 drivers
v0x561ae1895650_0 .net "instructionIn", 31 0, v0x561ae189c080_0;  alias, 1 drivers
v0x561ae18956f0_0 .net8 "instructionOut", 31 0, RS_0x7fcf5455f0d8;  alias, 4 drivers
v0x561ae18957b0_0 .net "pcIn", 31 0, L_0x561ae187a4a0;  alias, 1 drivers
v0x561ae1895870_0 .net8 "pcOut", 31 0, RS_0x7fcf5455f2b8;  alias, 4 drivers
v0x561ae1895930_0 .net "rst", 0 0, v0x561ae18a4d70_0;  alias, 1 drivers
S_0x561ae18941c0 .scope module, "instReg" "Register" 4 15, 5 1 0, S_0x561ae1893f10;
 .timescale 0 0;
    .port_info 0 /INPUT 1 "clk";
    .port_info 1 /INPUT 1 "rst";
    .port_info 2 /INPUT 32 "in";
    .port_info 3 /INPUT 1 "ld";
    .port_info 4 /INPUT 1 "clr";
    .port_info 5 /OUTPUT 32 "out";
P_0x561ae18943a0 .param/l "N" 0 5 2, +C4<00000000000000000000000000100000>;
v0x561ae1894570_0 .net "clk", 0 0, o0x7fcf5455f018;  alias, 0 drivers
v0x561ae1894630_0 .net "clr", 0 0, o0x7fcf5455f048;  alias, 0 drivers
v0x561ae18946f0_0 .net "in", 31 0, v0x561ae189c080_0;  alias, 1 drivers
v0x561ae1894790_0 .net "ld", 0 0, L_0x561ae18b58e0;  1 drivers
v0x561ae1894830_0 .var "out", 31 0;
v0x561ae1894980_0 .net "rst", 0 0, v0x561ae18a4d70_0;  alias, 1 drivers
S_0x561ae1894b20 .scope module, "pcReg" "Register" 4 9, 5 1 0, S_0x561ae1893f10;
 .timescale 0 0;
    .port_info 0 /INPUT 1 "clk";
    .port_info 1 /INPUT 1 "rst";
    .port_info 2 /INPUT 32 "in";
    .port_info 3 /INPUT 1 "ld";
    .port_info 4 /INPUT 1 "clr";
    .port_info 5 /OUTPUT 32 "out";
P_0x561ae1894cd0 .param/l "N" 0 5 2, +C4<00000000000000000000000000100000>;
v0x561ae1894ea0_0 .net "clk", 0 0, o0x7fcf5455f018;  alias, 0 drivers
v0x561ae1894f40_0 .net "clr", 0 0, o0x7fcf5455f048;  alias, 0 drivers
v0x561ae1895000_0 .net "in", 31 0, L_0x561ae187a4a0;  alias, 1 drivers
v0x561ae18950a0_0 .net "ld", 0 0, L_0x561ae18b5840;  1 drivers
v0x561ae1895140_0 .var "out", 31 0;
v0x561ae1895290_0 .net "rst", 0 0, v0x561ae18a4d70_0;  alias, 1 drivers
S_0x561ae1895c30 .scope module, "regsIf" "RegsIfId" 3 64, 4 3 0, S_0x561ae1814cb0;
 .timescale 0 0;
    .port_info 0 /INPUT 1 "clk";
    .port_info 1 /INPUT 1 "rst";
    .port_info 2 /INPUT 1 "freeze";
    .port_info 3 /INPUT 1 "flush";
    .port_info 4 /INPUT 32 "pcIn";
    .port_info 5 /INPUT 32 "instructionIn";
    .port_info 6 /OUTPUT 32 "pcOut";
    .port_info 7 /OUTPUT 32 "instructionOut";
L_0x561ae1877aa0 .functor NOT 1, L_0x561ae18750f0, C4<0>, C4<0>, C4<0>;
L_0x561ae1878af0 .functor NOT 1, L_0x561ae18750f0, C4<0>, C4<0>, C4<0>;
v0x561ae1897080_0 .net "clk", 0 0, o0x7fcf5455f018;  alias, 0 drivers
v0x561ae1897140_0 .net "flush", 0 0, o0x7fcf5455f048;  alias, 0 drivers
v0x561ae1897200_0 .net "freeze", 0 0, L_0x561ae18750f0;  1 drivers
v0x561ae18972a0_0 .net "instructionIn", 31 0, v0x561ae189c080_0;  alias, 1 drivers
v0x561ae1897340_0 .net8 "instructionOut", 31 0, RS_0x7fcf5455f0d8;  alias, 4 drivers
v0x561ae1897450_0 .net "pcIn", 31 0, L_0x561ae187a4a0;  alias, 1 drivers
v0x561ae1897510_0 .net8 "pcOut", 31 0, RS_0x7fcf5455f2b8;  alias, 4 drivers
v0x561ae18975d0_0 .net "rst", 0 0, v0x561ae18a4d70_0;  alias, 1 drivers
S_0x561ae1895ee0 .scope module, "instReg" "Register" 4 15, 5 1 0, S_0x561ae1895c30;
 .timescale 0 0;
    .port_info 0 /INPUT 1 "clk";
    .port_info 1 /INPUT 1 "rst";
    .port_info 2 /INPUT 32 "in";
    .port_info 3 /INPUT 1 "ld";
    .port_info 4 /INPUT 1 "clr";
    .port_info 5 /OUTPUT 32 "out";
P_0x561ae18960e0 .param/l "N" 0 5 2, +C4<00000000000000000000000000100000>;
v0x561ae1896220_0 .net "clk", 0 0, o0x7fcf5455f018;  alias, 0 drivers
v0x561ae18962e0_0 .net "clr", 0 0, o0x7fcf5455f048;  alias, 0 drivers
v0x561ae18963a0_0 .net "in", 31 0, v0x561ae189c080_0;  alias, 1 drivers
v0x561ae1896470_0 .net "ld", 0 0, L_0x561ae1878af0;  1 drivers
v0x561ae1896510_0 .var "out", 31 0;
v0x561ae1896620_0 .net "rst", 0 0, v0x561ae18a4d70_0;  alias, 1 drivers
S_0x561ae18967c0 .scope module, "pcReg" "Register" 4 9, 5 1 0, S_0x561ae1895c30;
 .timescale 0 0;
    .port_info 0 /INPUT 1 "clk";
    .port_info 1 /INPUT 1 "rst";
    .port_info 2 /INPUT 32 "in";
    .port_info 3 /INPUT 1 "ld";
    .port_info 4 /INPUT 1 "clr";
    .port_info 5 /OUTPUT 32 "out";
P_0x561ae18969c0 .param/l "N" 0 5 2, +C4<00000000000000000000000000100000>;
v0x561ae1896b00_0 .net "clk", 0 0, o0x7fcf5455f018;  alias, 0 drivers
v0x561ae1896ba0_0 .net "clr", 0 0, o0x7fcf5455f048;  alias, 0 drivers
v0x561ae1896c60_0 .net "in", 31 0, L_0x561ae187a4a0;  alias, 1 drivers
v0x561ae1896d30_0 .net "ld", 0 0, L_0x561ae1877aa0;  1 drivers
v0x561ae1896dd0_0 .var "out", 31 0;
v0x561ae1896ee0_0 .net "rst", 0 0, v0x561ae18a4d70_0;  alias, 1 drivers
S_0x561ae18977c0 .scope module, "stEx" "StageEx" 3 89, 6 1 0, S_0x561ae1814cb0;
 .timescale 0 0;
    .port_info 0 /INPUT 1 "clk";
    .port_info 1 /INPUT 1 "rst";
    .port_info 2 /INPUT 1 "wbEnIn";
    .port_info 3 /INPUT 1 "memREnIn";
    .port_info 4 /INPUT 1 "memWEnIn";
    .port_info 5 /INPUT 1 "branchTakenIn";
    .port_info 6 /INPUT 1 "ldStatus";
    .port_info 7 /INPUT 1 "imm";
    .port_info 8 /INPUT 1 "carryIn";
    .port_info 9 /INPUT 4 "exeCmd";
    .port_info 10 /INPUT 32 "val1";
    .port_info 11 /INPUT 32 "valRm";
    .port_info 12 /INPUT 32 "pc";
    .port_info 13 /INPUT 12 "shifterOperand";
    .port_info 14 /INPUT 24 "signedImm24";
    .port_info 15 /INPUT 4 "dest";
    .port_info 16 /INPUT 2 "selSrc1";
    .port_info 17 /INPUT 2 "selSrc2";
    .port_info 18 /INPUT 32 "valMem";
    .port_info 19 /INPUT 32 "valWb";
    .port_info 20 /OUTPUT 1 "wbEnOut";
    .port_info 21 /OUTPUT 1 "memREnOut";
    .port_info 22 /OUTPUT 1 "memWEnOut";
    .port_info 23 /OUTPUT 1 "branchTakenOut";
    .port_info 24 /OUTPUT 32 "aluRes";
    .port_info 25 /OUTPUT 32 "exeValRm";
    .port_info 26 /OUTPUT 32 "branchAddr";
    .port_info 27 /OUTPUT 4 "exeDest";
    .port_info 28 /OUTPUT 4 "status";
v0x561ae1897c60_0 .net "aluRes", 31 0, o0x7fcf545602a8;  alias, 0 drivers
v0x561ae1897d60_0 .net "branchAddr", 31 0, o0x7fcf545602d8;  alias, 0 drivers
v0x561ae1897e40_0 .net "branchTakenIn", 0 0, o0x7fcf54560308;  alias, 0 drivers
v0x561ae1897ee0_0 .net "branchTakenOut", 0 0, o0x7fcf5455f048;  alias, 0 drivers
v0x561ae1897f80_0 .net "carryIn", 0 0, o0x7fcf54560338;  alias, 0 drivers
v0x561ae1898090_0 .net "clk", 0 0, o0x7fcf5455f018;  alias, 0 drivers
v0x561ae1898130_0 .net "dest", 3 0, o0x7fcf54560368;  alias, 0 drivers
v0x561ae1898210_0 .net "exeCmd", 3 0, o0x7fcf54560398;  alias, 0 drivers
v0x561ae18982f0_0 .net "exeDest", 3 0, o0x7fcf545603c8;  alias, 0 drivers
v0x561ae18983d0_0 .net "exeValRm", 31 0, o0x7fcf545603f8;  alias, 0 drivers
v0x561ae18984b0_0 .net "imm", 0 0, o0x7fcf54560428;  alias, 0 drivers
v0x561ae1898570_0 .net "ldStatus", 0 0, o0x7fcf54560458;  alias, 0 drivers
v0x561ae1898630_0 .net "memREnIn", 0 0, o0x7fcf54560488;  alias, 0 drivers
v0x561ae18986f0_0 .net "memREnOut", 0 0, o0x7fcf545604b8;  alias, 0 drivers
v0x561ae18987b0_0 .net "memWEnIn", 0 0, o0x7fcf545604e8;  alias, 0 drivers
v0x561ae1898870_0 .net "memWEnOut", 0 0, o0x7fcf54560518;  alias, 0 drivers
v0x561ae1898930_0 .net "pc", 31 0, o0x7fcf54560548;  alias, 0 drivers
v0x561ae1898b20_0 .net "rst", 0 0, v0x561ae18a4d70_0;  alias, 1 drivers
v0x561ae1898bc0_0 .net "selSrc1", 1 0, o0x7fcf54560578;  alias, 0 drivers
v0x561ae1898ca0_0 .net "selSrc2", 1 0, o0x7fcf545605a8;  alias, 0 drivers
v0x561ae1898d80_0 .net "shifterOperand", 11 0, o0x7fcf545605d8;  alias, 0 drivers
v0x561ae1898e60_0 .net "signedImm24", 23 0, o0x7fcf54560608;  alias, 0 drivers
v0x561ae1898f40_0 .net "status", 3 0, o0x7fcf54560638;  alias, 0 drivers
v0x561ae1899020_0 .net "val1", 31 0, o0x7fcf54560668;  alias, 0 drivers
v0x561ae1899100_0 .net "valMem", 31 0, o0x7fcf54560698;  alias, 0 drivers
v0x561ae18991e0_0 .net "valRm", 31 0, o0x7fcf545606c8;  alias, 0 drivers
v0x561ae18992c0_0 .net "valWb", 31 0, o0x7fcf545606f8;  alias, 0 drivers
v0x561ae18993a0_0 .net "wbEnIn", 0 0, o0x7fcf54560728;  alias, 0 drivers
v0x561ae1899460_0 .net "wbEnOut", 0 0, o0x7fcf54560758;  alias, 0 drivers
S_0x561ae18998c0 .scope module, "stId" "StageId" 3 70, 7 1 0, S_0x561ae1814cb0;
 .timescale 0 0;
    .port_info 0 /INPUT 1 "clk";
    .port_info 1 /INPUT 1 "rst";
    .port_info 2 /INPUT 32 "pcIn";
    .port_info 3 /INPUT 32 "inst";
    .port_info 4 /INPUT 4 "status";
    .port_info 5 /INPUT 1 "wbWbEn";
    .port_info 6 /INPUT 32 "wbValue";
    .port_info 7 /INPUT 4 "wbDest";
    .port_info 8 /INPUT 1 "hazard";
    .port_info 9 /OUTPUT 32 "pcOut";
    .port_info 10 /OUTPUT 4 "aluCmd";
    .port_info 11 /OUTPUT 1 "memRead";
    .port_info 12 /OUTPUT 1 "memWrite";
    .port_info 13 /OUTPUT 1 "wbEn";
    .port_info 14 /OUTPUT 1 "branch";
    .port_info 15 /OUTPUT 1 "s";
    .port_info 16 /OUTPUT 32 "reg1";
    .port_info 17 /OUTPUT 32 "reg2";
    .port_info 18 /OUTPUT 1 "imm";
    .port_info 19 /OUTPUT 12 "shiftOperand";
    .port_info 20 /OUTPUT 24 "imm24";
    .port_info 21 /OUTPUT 4 "dest";
    .port_info 22 /OUTPUT 4 "src1";
    .port_info 23 /OUTPUT 4 "src2";
    .port_info 24 /OUTPUT 1 "hazardTwoSrc";
v0x561ae1899d80_0 .net "aluCmd", 3 0, o0x7fcf54560cf8;  alias, 0 drivers
v0x561ae1899e80_0 .net "branch", 0 0, o0x7fcf54560d28;  alias, 0 drivers
v0x561ae1899f40_0 .net "clk", 0 0, o0x7fcf5455f018;  alias, 0 drivers
v0x561ae1899fe0_0 .net "dest", 3 0, o0x7fcf54560d58;  alias, 0 drivers
v0x561ae189a0a0_0 .net "hazard", 0 0, o0x7fcf54560d88;  alias, 0 drivers
v0x561ae189a1b0_0 .net "hazardTwoSrc", 0 0, o0x7fcf54560db8;  alias, 0 drivers
v0x561ae189a270_0 .net "imm", 0 0, o0x7fcf54560de8;  alias, 0 drivers
v0x561ae189a330_0 .net/s "imm24", 23 0, o0x7fcf54560e18;  alias, 0 drivers
v0x561ae189a410_0 .net8 "inst", 31 0, RS_0x7fcf5455f0d8;  alias, 4 drivers
v0x561ae189a5e0_0 .net "memRead", 0 0, o0x7fcf54560e48;  alias, 0 drivers
v0x561ae189a6a0_0 .net "memWrite", 0 0, o0x7fcf54560e78;  alias, 0 drivers
v0x561ae189a760_0 .net8 "pcIn", 31 0, RS_0x7fcf5455f2b8;  alias, 4 drivers
v0x561ae189a930_0 .net "pcOut", 31 0, o0x7fcf54560ea8;  alias, 0 drivers
v0x561ae189aa10_0 .net "reg1", 31 0, o0x7fcf54560ed8;  alias, 0 drivers
v0x561ae189aaf0_0 .net "reg2", 31 0, o0x7fcf54560f08;  alias, 0 drivers
v0x561ae189abd0_0 .net "rst", 0 0, v0x561ae18a4d70_0;  alias, 1 drivers
v0x561ae189ac70_0 .net "s", 0 0, o0x7fcf54560f38;  alias, 0 drivers
v0x561ae189ae40_0 .net "shiftOperand", 11 0, o0x7fcf54560f68;  alias, 0 drivers
v0x561ae189af20_0 .net "src1", 3 0, o0x7fcf54560f98;  alias, 0 drivers
v0x561ae189b000_0 .net "src2", 3 0, o0x7fcf54560fc8;  alias, 0 drivers
v0x561ae189b0e0_0 .net "status", 3 0, o0x7fcf54560638;  alias, 0 drivers
v0x561ae189b1a0_0 .net "wbDest", 3 0, o0x7fcf54560ff8;  alias, 0 drivers
v0x561ae189b260_0 .net "wbEn", 0 0, o0x7fcf54561028;  alias, 0 drivers
v0x561ae189b320_0 .net "wbValue", 31 0, o0x7fcf545606f8;  alias, 0 drivers
v0x561ae189b3e0_0 .net "wbWbEn", 0 0, o0x7fcf54561058;  alias, 0 drivers
S_0x561ae189b870 .scope module, "stIf" "StageIf" 3 58, 8 5 0, S_0x561ae1814cb0;
 .timescale 0 0;
    .port_info 0 /INPUT 1 "clk";
    .port_info 1 /INPUT 1 "rst";
    .port_info 2 /INPUT 1 "branchTaken";
    .port_info 3 /INPUT 1 "freeze";
    .port_info 4 /INPUT 32 "branchAddr";
    .port_info 5 /OUTPUT 32 "pc";
    .port_info 6 /OUTPUT 32 "instruction";
L_0x561ae18737e0 .functor NOT 1, L_0x561ae187b520, C4<0>, C4<0>, C4<0>;
L_0x561ae187a4a0 .functor BUFZ 32, L_0x561ae18a5010, C4<00000000000000000000000000000000>, C4<00000000000000000000000000000000>, C4<00000000000000000000000000000000>;
v0x561ae189da40_0 .net "branchAddr", 31 0, o0x7fcf545602d8;  alias, 0 drivers
v0x561ae189db70_0 .net "branchTaken", 0 0, o0x7fcf5455f048;  alias, 0 drivers
v0x561ae189dc30_0 .net "clk", 0 0, o0x7fcf5455f018;  alias, 0 drivers
v0x561ae189dcd0_0 .net "freeze", 0 0, L_0x561ae187b520;  1 drivers
v0x561ae189dd70_0 .net "instruction", 31 0, v0x561ae189c080_0;  alias, 1 drivers
v0x561ae189de60_0 .net "muxOutput", 31 0, L_0x561ae18a4ee0;  1 drivers
v0x561ae189df70_0 .net "pc", 31 0, L_0x561ae187a4a0;  alias, 1 drivers
v0x561ae189e140_0 .net "pcAdderOut", 31 0, L_0x561ae18a5010;  1 drivers
v0x561ae189e250_0 .net "pcOutput", 31 0, v0x561ae189d740_0;  1 drivers
v0x561ae189e310_0 .net "rst", 0 0, v0x561ae18a4d70_0;  alias, 1 drivers
S_0x561ae189ba00 .scope module, "instMem" "InstructionMemory" 8 11, 9 1 0, S_0x561ae189b870;
 .timescale 0 0;
    .port_info 0 /INPUT 32 "pc";
    .port_info 1 /OUTPUT 32 "inst";
P_0x561ae189bc00 .param/l "Count" 0 9 2, +C4<00000000000000000000010000000000>;
v0x561ae189bdb0_0 .net *"_ivl_1", 29 0, L_0x561ae18b5120;  1 drivers
L_0x7fcf545160a8 .functor BUFT 1, C4<00>, C4<0>, C4<0>, C4<0>;
v0x561ae189beb0_0 .net/2u *"_ivl_2", 1 0, L_0x7fcf545160a8;  1 drivers
v0x561ae189bf90_0 .net "adr", 31 0, L_0x561ae18b5220;  1 drivers
v0x561ae189c080_0 .var "inst", 31 0;
v0x561ae189c250_0 .net "pc", 31 0, v0x561ae189d740_0;  alias, 1 drivers
E_0x561ae189bd30 .event edge, v0x561ae189bf90_0;
L_0x561ae18b5120 .part v0x561ae189d740_0, 2, 30;
L_0x561ae18b5220 .concat [ 2 30 0 0], L_0x7fcf545160a8, L_0x561ae18b5120;
S_0x561ae189c3e0 .scope module, "pcAdder" "Adder" 8 10, 10 1 0, S_0x561ae189b870;
 .timescale 0 0;
    .port_info 0 /INPUT 32 "a";
    .port_info 1 /INPUT 32 "b";
    .port_info 2 /OUTPUT 32 "out";
P_0x561ae189c5c0 .param/l "N" 0 10 1, +C4<00000000000000000000000000100000>;
v0x561ae189c6b0_0 .net "a", 31 0, v0x561ae189d740_0;  alias, 1 drivers
L_0x7fcf54516060 .functor BUFT 1, C4<00000000000000000000000000000100>, C4<0>, C4<0>, C4<0>;
v0x561ae189c7c0_0 .net "b", 31 0, L_0x7fcf54516060;  1 drivers
v0x561ae189c880_0 .net "out", 31 0, L_0x561ae18a5010;  alias, 1 drivers
L_0x561ae18a5010 .arith/sum 32, v0x561ae189d740_0, L_0x7fcf54516060;
S_0x561ae189c9f0 .scope module, "pcMux" "Mux2To1" 8 8, 11 1 0, S_0x561ae189b870;
 .timescale 0 0;
    .port_info 0 /INPUT 32 "a0";
    .port_info 1 /INPUT 32 "a1";
    .port_info 2 /INPUT 1 "sel";
    .port_info 3 /OUTPUT 32 "out";
P_0x561ae189cc00 .param/l "N" 0 11 1, +C4<00000000000000000000000000100000>;
v0x561ae189cd00_0 .net "a0", 31 0, L_0x561ae18a5010;  alias, 1 drivers
v0x561ae189cdd0_0 .net "a1", 31 0, o0x7fcf545602d8;  alias, 0 drivers
v0x561ae189cea0_0 .net "out", 31 0, L_0x561ae18a4ee0;  alias, 1 drivers
v0x561ae189cf70_0 .net "sel", 0 0, o0x7fcf5455f048;  alias, 0 drivers
L_0x561ae18a4ee0 .functor MUXZ 32, L_0x561ae18a5010, o0x7fcf545602d8, o0x7fcf5455f048, C4<>;
S_0x561ae189d0c0 .scope module, "pcReg" "Register" 8 9, 5 1 0, S_0x561ae189b870;
 .timescale 0 0;
    .port_info 0 /INPUT 1 "clk";
    .port_info 1 /INPUT 1 "rst";
    .port_info 2 /INPUT 32 "in";
    .port_info 3 /INPUT 1 "ld";
    .port_info 4 /INPUT 1 "clr";
    .port_info 5 /OUTPUT 32 "out";
P_0x561ae189d2a0 .param/l "N" 0 5 2, +C4<00000000000000000000000000100000>;
v0x561ae189d420_0 .net "clk", 0 0, o0x7fcf5455f018;  alias, 0 drivers
L_0x7fcf54516018 .functor BUFT 1, C4<0>, C4<0>, C4<0>, C4<0>;
v0x561ae189d4e0_0 .net "clr", 0 0, L_0x7fcf54516018;  1 drivers
v0x561ae189d5a0_0 .net "in", 31 0, L_0x561ae18a4ee0;  alias, 1 drivers
v0x561ae189d6a0_0 .net "ld", 0 0, L_0x561ae18737e0;  1 drivers
v0x561ae189d740_0 .var "out", 31 0;
v0x561ae189d8a0_0 .net "rst", 0 0, v0x561ae18a4d70_0;  alias, 1 drivers
S_0x561ae189e490 .scope module, "stMem" "StageMem" 3 106, 12 1 0, S_0x561ae1814cb0;
 .timescale 0 0;
    .port_info 0 /INPUT 1 "clk";
    .port_info 1 /INPUT 1 "rst";
    .port_info 2 /INPUT 1 "wbEnIn";
    .port_info 3 /INPUT 1 "memREnIn";
    .port_info 4 /INPUT 1 "memWEnIn";
    .port_info 5 /INPUT 32 "aluResIn";
    .port_info 6 /INPUT 32 "valRm";
    .port_info 7 /INPUT 4 "destIn";
    .port_info 8 /OUTPUT 1 "wbEnOut";
    .port_info 9 /OUTPUT 1 "memREnOut";
    .port_info 10 /OUTPUT 32 "aluResOut";
    .port_info 11 /OUTPUT 32 "memOut";
    .port_info 12 /OUTPUT 4 "destOut";
    .port_info 13 /OUTPUT 1 "freeze";
    .port_info 14 /INOUT 16 "SRAM_DQ";
    .port_info 15 /OUTPUT 18 "SRAM_ADDR";
    .port_info 16 /OUTPUT 1 "SRAM_UB_N";
    .port_info 17 /OUTPUT 1 "SRAM_LB_N";
    .port_info 18 /OUTPUT 1 "SRAM_WE_N";
    .port_info 19 /OUTPUT 1 "SRAM_CE_N";
    .port_info 20 /OUTPUT 1 "SRAM_OE_N";
v0x561ae189e820_0 .net "SRAM_ADDR", 17 0, o0x7fcf54561b38;  alias, 0 drivers
v0x561ae189e920_0 .net "SRAM_CE_N", 0 0, o0x7fcf54561b68;  alias, 0 drivers
v0x561ae189e9e0_0 .net "SRAM_DQ", 15 0, o0x7fcf54561b98;  alias, 0 drivers
v0x561ae189eaa0_0 .net "SRAM_LB_N", 0 0, o0x7fcf54561bc8;  alias, 0 drivers
v0x561ae189eb60_0 .net "SRAM_OE_N", 0 0, o0x7fcf54561bf8;  alias, 0 drivers
v0x561ae189ec70_0 .net "SRAM_UB_N", 0 0, o0x7fcf54561c28;  alias, 0 drivers
v0x561ae189ed30_0 .net "SRAM_WE_N", 0 0, o0x7fcf54561c58;  alias, 0 drivers
v0x561ae189edf0_0 .net "aluResIn", 31 0, o0x7fcf54560698;  alias, 0 drivers
v0x561ae189eeb0_0 .net "aluResOut", 31 0, o0x7fcf54561c88;  alias, 0 drivers
v0x561ae189ef70_0 .net "clk", 0 0, o0x7fcf5455f018;  alias, 0 drivers
v0x561ae189f220_0 .net "destIn", 3 0, o0x7fcf54561cb8;  alias, 0 drivers
v0x561ae189f300_0 .net "destOut", 3 0, o0x7fcf54561ce8;  alias, 0 drivers
v0x561ae189f3e0_0 .net "freeze", 0 0, o0x7fcf54561d18;  alias, 0 drivers
v0x561ae189f4a0_0 .net "memOut", 31 0, o0x7fcf54561d48;  alias, 0 drivers
v0x561ae189f580_0 .net "memREnIn", 0 0, o0x7fcf54561d78;  alias, 0 drivers
v0x561ae189f640_0 .net "memREnOut", 0 0, o0x7fcf54561da8;  alias, 0 drivers
v0x561ae189f700_0 .net "memWEnIn", 0 0, o0x7fcf54561dd8;  alias, 0 drivers
v0x561ae189f7c0_0 .net "rst", 0 0, v0x561ae18a4d70_0;  alias, 1 drivers
v0x561ae189fa70_0 .net "valRm", 31 0, o0x7fcf54561e08;  alias, 0 drivers
v0x561ae189fb50_0 .net "wbEnIn", 0 0, o0x7fcf54561e38;  alias, 0 drivers
v0x561ae189fc10_0 .net "wbEnOut", 0 0, o0x7fcf54561e68;  alias, 0 drivers
S_0x561ae18a0020 .scope module, "stWb" "StageWrite" 3 127, 13 1 0, S_0x561ae1814cb0;
 .timescale 0 0;
    .port_info 0 /INPUT 1 "clk";
    .port_info 1 /INPUT 1 "rst";
    .port_info 2 /INPUT 1 "wbEnIn";
    .port_info 3 /INPUT 1 "memREn";
    .port_info 4 /INPUT 32 "aluRes";
    .port_info 5 /INPUT 32 "memData";
    .port_info 6 /INPUT 4 "destIn";
    .port_info 7 /OUTPUT 1 "wbEnOut";
    .port_info 8 /OUTPUT 32 "wbValue";
    .port_info 9 /OUTPUT 4 "destOut";
v0x561ae18a01b0_0 .net "aluRes", 31 0, o0x7fcf54562288;  alias, 0 drivers
v0x561ae18a02b0_0 .net "clk", 0 0, o0x7fcf5455f018;  alias, 0 drivers
v0x561ae18a0370_0 .net "destIn", 3 0, o0x7fcf545622b8;  alias, 0 drivers
v0x561ae18a0410_0 .net "destOut", 3 0, o0x7fcf54560ff8;  alias, 0 drivers
v0x561ae18a04d0_0 .net "memData", 31 0, o0x7fcf545622e8;  alias, 0 drivers
v0x561ae18a0590_0 .net "memREn", 0 0, o0x7fcf54562318;  alias, 0 drivers
v0x561ae18a0650_0 .net "rst", 0 0, v0x561ae18a4d70_0;  alias, 1 drivers
v0x561ae18a06f0_0 .net "wbEnIn", 0 0, o0x7fcf54562348;  alias, 0 drivers
v0x561ae18a07b0_0 .net "wbEnOut", 0 0, o0x7fcf54561058;  alias, 0 drivers
v0x561ae18a0850_0 .net "wbValue", 31 0, o0x7fcf545606f8;  alias, 0 drivers
    .scope S_0x561ae189d0c0;
T_0 ;
    %wait E_0x561ae17fdbf0;
    %load/vec4 v0x561ae189d8a0_0;
    %flag_set/vec4 8;
    %jmp/0xz  T_0.0, 8;
    %pushi/vec4 0, 0, 32;
    %assign/vec4 v0x561ae189d740_0, 0;
    %jmp T_0.1;
T_0.0 ;
    %load/vec4 v0x561ae189d4e0_0;
    %flag_set/vec4 8;
    %jmp/0xz  T_0.2, 8;
    %pushi/vec4 0, 0, 32;
    %assign/vec4 v0x561ae189d740_0, 0;
    %jmp T_0.3;
T_0.2 ;
    %load/vec4 v0x561ae189d6a0_0;
    %flag_set/vec4 8;
    %jmp/0xz  T_0.4, 8;
    %load/vec4 v0x561ae189d5a0_0;
    %assign/vec4 v0x561ae189d740_0, 0;
T_0.4 ;
T_0.3 ;
T_0.1 ;
    %jmp T_0;
    .thread T_0;
    .scope S_0x561ae189ba00;
T_1 ;
    %wait E_0x561ae189bd30;
    %load/vec4 v0x561ae189bf90_0;
    %dup/vec4;
    %pushi/vec4 0, 0, 32;
    %cmp/u;
    %jmp/1 T_1.0, 6;
    %dup/vec4;
    %pushi/vec4 4, 0, 32;
    %cmp/u;
    %jmp/1 T_1.1, 6;
    %dup/vec4;
    %pushi/vec4 8, 0, 32;
    %cmp/u;
    %jmp/1 T_1.2, 6;
    %dup/vec4;
    %pushi/vec4 12, 0, 32;
    %cmp/u;
    %jmp/1 T_1.3, 6;
    %dup/vec4;
    %pushi/vec4 16, 0, 32;
    %cmp/u;
    %jmp/1 T_1.4, 6;
    %dup/vec4;
    %pushi/vec4 20, 0, 32;
    %cmp/u;
    %jmp/1 T_1.5, 6;
    %dup/vec4;
    %pushi/vec4 24, 0, 32;
    %cmp/u;
    %jmp/1 T_1.6, 6;
    %dup/vec4;
    %pushi/vec4 28, 0, 32;
    %cmp/u;
    %jmp/1 T_1.7, 6;
    %dup/vec4;
    %pushi/vec4 32, 0, 32;
    %cmp/u;
    %jmp/1 T_1.8, 6;
    %dup/vec4;
    %pushi/vec4 36, 0, 32;
    %cmp/u;
    %jmp/1 T_1.9, 6;
    %dup/vec4;
    %pushi/vec4 40, 0, 32;
    %cmp/u;
    %jmp/1 T_1.10, 6;
    %dup/vec4;
    %pushi/vec4 44, 0, 32;
    %cmp/u;
    %jmp/1 T_1.11, 6;
    %dup/vec4;
    %pushi/vec4 48, 0, 32;
    %cmp/u;
    %jmp/1 T_1.12, 6;
    %dup/vec4;
    %pushi/vec4 52, 0, 32;
    %cmp/u;
    %jmp/1 T_1.13, 6;
    %dup/vec4;
    %pushi/vec4 56, 0, 32;
    %cmp/u;
    %jmp/1 T_1.14, 6;
    %dup/vec4;
    %pushi/vec4 60, 0, 32;
    %cmp/u;
    %jmp/1 T_1.15, 6;
    %dup/vec4;
    %pushi/vec4 64, 0, 32;
    %cmp/u;
    %jmp/1 T_1.16, 6;
    %dup/vec4;
    %pushi/vec4 68, 0, 32;
    %cmp/u;
    %jmp/1 T_1.17, 6;
    %dup/vec4;
    %pushi/vec4 72, 0, 32;
    %cmp/u;
    %jmp/1 T_1.18, 6;
    %dup/vec4;
    %pushi/vec4 76, 0, 32;
    %cmp/u;
    %jmp/1 T_1.19, 6;
    %dup/vec4;
    %pushi/vec4 80, 0, 32;
    %cmp/u;
    %jmp/1 T_1.20, 6;
    %dup/vec4;
    %pushi/vec4 84, 0, 32;
    %cmp/u;
    %jmp/1 T_1.21, 6;
    %dup/vec4;
    %pushi/vec4 88, 0, 32;
    %cmp/u;
    %jmp/1 T_1.22, 6;
    %dup/vec4;
    %pushi/vec4 92, 0, 32;
    %cmp/u;
    %jmp/1 T_1.23, 6;
    %dup/vec4;
    %pushi/vec4 96, 0, 32;
    %cmp/u;
    %jmp/1 T_1.24, 6;
    %dup/vec4;
    %pushi/vec4 100, 0, 32;
    %cmp/u;
    %jmp/1 T_1.25, 6;
    %dup/vec4;
    %pushi/vec4 104, 0, 32;
    %cmp/u;
    %jmp/1 T_1.26, 6;
    %dup/vec4;
    %pushi/vec4 108, 0, 32;
    %cmp/u;
    %jmp/1 T_1.27, 6;
    %dup/vec4;
    %pushi/vec4 112, 0, 32;
    %cmp/u;
    %jmp/1 T_1.28, 6;
    %dup/vec4;
    %pushi/vec4 116, 0, 32;
    %cmp/u;
    %jmp/1 T_1.29, 6;
    %dup/vec4;
    %pushi/vec4 120, 0, 32;
    %cmp/u;
    %jmp/1 T_1.30, 6;
    %dup/vec4;
    %pushi/vec4 124, 0, 32;
    %cmp/u;
    %jmp/1 T_1.31, 6;
    %dup/vec4;
    %pushi/vec4 128, 0, 32;
    %cmp/u;
    %jmp/1 T_1.32, 6;
    %dup/vec4;
    %pushi/vec4 132, 0, 32;
    %cmp/u;
    %jmp/1 T_1.33, 6;
    %dup/vec4;
    %pushi/vec4 136, 0, 32;
    %cmp/u;
    %jmp/1 T_1.34, 6;
    %dup/vec4;
    %pushi/vec4 140, 0, 32;
    %cmp/u;
    %jmp/1 T_1.35, 6;
    %dup/vec4;
    %pushi/vec4 144, 0, 32;
    %cmp/u;
    %jmp/1 T_1.36, 6;
    %dup/vec4;
    %pushi/vec4 148, 0, 32;
    %cmp/u;
    %jmp/1 T_1.37, 6;
    %dup/vec4;
    %pushi/vec4 152, 0, 32;
    %cmp/u;
    %jmp/1 T_1.38, 6;
    %dup/vec4;
    %pushi/vec4 156, 0, 32;
    %cmp/u;
    %jmp/1 T_1.39, 6;
    %dup/vec4;
    %pushi/vec4 160, 0, 32;
    %cmp/u;
    %jmp/1 T_1.40, 6;
    %dup/vec4;
    %pushi/vec4 164, 0, 32;
    %cmp/u;
    %jmp/1 T_1.41, 6;
    %dup/vec4;
    %pushi/vec4 168, 0, 32;
    %cmp/u;
    %jmp/1 T_1.42, 6;
    %dup/vec4;
    %pushi/vec4 172, 0, 32;
    %cmp/u;
    %jmp/1 T_1.43, 6;
    %dup/vec4;
    %pushi/vec4 176, 0, 32;
    %cmp/u;
    %jmp/1 T_1.44, 6;
    %dup/vec4;
    %pushi/vec4 180, 0, 32;
    %cmp/u;
    %jmp/1 T_1.45, 6;
    %dup/vec4;
    %pushi/vec4 184, 0, 32;
    %cmp/u;
    %jmp/1 T_1.46, 6;
    %pushi/vec4 0, 0, 32;
    %store/vec4 v0x561ae189c080_0, 0, 32;
    %jmp T_1.48;
T_1.0 ;
    %pushi/vec4 3818913812, 0, 32;
    %store/vec4 v0x561ae189c080_0, 0, 32;
    %jmp T_1.48;
T_1.1 ;
    %pushi/vec4 3818920449, 0, 32;
    %store/vec4 v0x561ae189c080_0, 0, 32;
    %jmp T_1.48;
T_1.2 ;
    %pushi/vec4 3818922243, 0, 32;
    %store/vec4 v0x561ae189c080_0, 0, 32;
    %jmp T_1.48;
T_1.3 ;
    %pushi/vec4 3767676930, 0, 32;
    %store/vec4 v0x561ae189c080_0, 0, 32;
    %jmp T_1.48;
T_1.4 ;
    %pushi/vec4 3768598528, 0, 32;
    %store/vec4 v0x561ae189c080_0, 0, 32;
    %jmp T_1.48;
T_1.5 ;
    %pushi/vec4 3762573572, 0, 32;
    %store/vec4 v0x561ae189c080_0, 0, 32;
    %jmp T_1.48;
T_1.6 ;
    %pushi/vec4 3770704032, 0, 32;
    %store/vec4 v0x561ae189c080_0, 0, 32;
    %jmp T_1.48;
T_1.7 ;
    %pushi/vec4 3783618882, 0, 32;
    %store/vec4 v0x561ae189c080_0, 0, 32;
    %jmp T_1.48;
T_1.8 ;
    %pushi/vec4 3758587907, 0, 32;
    %store/vec4 v0x561ae189c080_0, 0, 32;
    %jmp T_1.48;
T_1.9 ;
    %pushi/vec4 3789590534, 0, 32;
    %store/vec4 v0x561ae189c080_0, 0, 32;
    %jmp T_1.48;
T_1.10 ;
    %pushi/vec4 3760496645, 0, 32;
    %store/vec4 v0x561ae189c080_0, 0, 32;
    %jmp T_1.48;
T_1.11 ;
    %pushi/vec4 3780640774, 0, 32;
    %store/vec4 v0x561ae189c080_0, 0, 32;
    %jmp T_1.48;
T_1.12 ;
    %pushi/vec4 276893697, 0, 32;
    %store/vec4 v0x561ae189c080_0, 0, 32;
    %jmp T_1.48;
T_1.13 ;
    %pushi/vec4 3776512008, 0, 32;
    %store/vec4 v0x561ae189c080_0, 0, 32;
    %jmp T_1.48;
T_1.14 ;
    %pushi/vec4 8527874, 0, 32;
    %store/vec4 v0x561ae189c080_0, 0, 32;
    %jmp T_1.48;
T_1.15 ;
    %pushi/vec4 3818916609, 0, 32;
    %store/vec4 v0x561ae189c080_0, 0, 32;
    %jmp T_1.48;
T_1.16 ;
    %pushi/vec4 3833597952, 0, 32;
    %store/vec4 v0x561ae189c080_0, 0, 32;
    %jmp T_1.48;
T_1.17 ;
    %pushi/vec4 3834687488, 0, 32;
    %store/vec4 v0x561ae189c080_0, 0, 32;
    %jmp T_1.48;
T_1.18 ;
    %pushi/vec4 3833602052, 0, 32;
    %store/vec4 v0x561ae189c080_0, 0, 32;
    %jmp T_1.48;
T_1.19 ;
    %pushi/vec4 3833606152, 0, 32;
    %store/vec4 v0x561ae189c080_0, 0, 32;
    %jmp T_1.48;
T_1.20 ;
    %pushi/vec4 3833610253, 0, 32;
    %store/vec4 v0x561ae189c080_0, 0, 32;
    %jmp T_1.48;
T_1.21 ;
    %pushi/vec4 3833614352, 0, 32;
    %store/vec4 v0x561ae189c080_0, 0, 32;
    %jmp T_1.48;
T_1.22 ;
    %pushi/vec4 3833618452, 0, 32;
    %store/vec4 v0x561ae189c080_0, 0, 32;
    %jmp T_1.48;
T_1.23 ;
    %pushi/vec4 3834683396, 0, 32;
    %store/vec4 v0x561ae189c080_0, 0, 32;
    %jmp T_1.48;
T_1.24 ;
    %pushi/vec4 3833622552, 0, 32;
    %store/vec4 v0x561ae189c080_0, 0, 32;
    %jmp T_1.48;
T_1.25 ;
    %pushi/vec4 3818917892, 0, 32;
    %store/vec4 v0x561ae189c080_0, 0, 32;
    %jmp T_1.48;
T_1.26 ;
    %pushi/vec4 3818921984, 0, 32;
    %store/vec4 v0x561ae189c080_0, 0, 32;
    %jmp T_1.48;
T_1.27 ;
    %pushi/vec4 3818926080, 0, 32;
    %store/vec4 v0x561ae189c080_0, 0, 32;
    %jmp T_1.48;
T_1.28 ;
    %pushi/vec4 3766501635, 0, 32;
    %store/vec4 v0x561ae189c080_0, 0, 32;
    %jmp T_1.48;
T_1.29 ;
    %pushi/vec4 3834925056, 0, 32;
    %store/vec4 v0x561ae189c080_0, 0, 32;
    %jmp T_1.48;
T_1.30 ;
    %pushi/vec4 3834929156, 0, 32;
    %store/vec4 v0x561ae189c080_0, 0, 32;
    %jmp T_1.48;
T_1.31 ;
    %pushi/vec4 3780444166, 0, 32;
    %store/vec4 v0x561ae189c080_0, 0, 32;
    %jmp T_1.48;
T_1.32 ;
    %pushi/vec4 3297009664, 0, 32;
    %store/vec4 v0x561ae189c080_0, 0, 32;
    %jmp T_1.48;
T_1.33 ;
    %pushi/vec4 3297005572, 0, 32;
    %store/vec4 v0x561ae189c080_0, 0, 32;
    %jmp T_1.48;
T_1.34 ;
    %pushi/vec4 3800248321, 0, 32;
    %store/vec4 v0x561ae189c080_0, 0, 32;
    %jmp T_1.48;
T_1.35 ;
    %pushi/vec4 3813867523, 0, 32;
    %store/vec4 v0x561ae189c080_0, 0, 32;
    %jmp T_1.48;
T_1.36 ;
    %pushi/vec4 3137339383, 0, 32;
    %store/vec4 v0x561ae189c080_0, 0, 32;
    %jmp T_1.48;
T_1.37 ;
    %pushi/vec4 3800178689, 0, 32;
    %store/vec4 v0x561ae189c080_0, 0, 32;
    %jmp T_1.48;
T_1.38 ;
    %pushi/vec4 3780247553, 0, 32;
    %store/vec4 v0x561ae189c080_0, 0, 32;
    %jmp T_1.48;
T_1.39 ;
    %pushi/vec4 3137339379, 0, 32;
    %store/vec4 v0x561ae189c080_0, 0, 32;
    %jmp T_1.48;
T_1.40 ;
    %pushi/vec4 3834646528, 0, 32;
    %store/vec4 v0x561ae189c080_0, 0, 32;
    %jmp T_1.48;
T_1.41 ;
    %pushi/vec4 3834650628, 0, 32;
    %store/vec4 v0x561ae189c080_0, 0, 32;
    %jmp T_1.48;
T_1.42 ;
    %pushi/vec4 3834654728, 0, 32;
    %store/vec4 v0x561ae189c080_0, 0, 32;
    %jmp T_1.48;
T_1.43 ;
    %pushi/vec4 3834658828, 0, 32;
    %store/vec4 v0x561ae189c080_0, 0, 32;
    %jmp T_1.48;
T_1.44 ;
    %pushi/vec4 3834662928, 0, 32;
    %store/vec4 v0x561ae189c080_0, 0, 32;
    %jmp T_1.48;
T_1.45 ;
    %pushi/vec4 3834667028, 0, 32;
    %store/vec4 v0x561ae189c080_0, 0, 32;
    %jmp T_1.48;
T_1.46 ;
    %pushi/vec4 3942645759, 0, 32;
    %store/vec4 v0x561ae189c080_0, 0, 32;
    %jmp T_1.48;
T_1.48 ;
    %pop/vec4 1;
    %jmp T_1;
    .thread T_1, $push;
    .scope S_0x561ae18967c0;
T_2 ;
    %wait E_0x561ae17fdbf0;
    %load/vec4 v0x561ae1896ee0_0;
    %flag_set/vec4 8;
    %jmp/0xz  T_2.0, 8;
    %pushi/vec4 0, 0, 32;
    %assign/vec4 v0x561ae1896dd0_0, 0;
    %jmp T_2.1;
T_2.0 ;
    %load/vec4 v0x561ae1896ba0_0;
    %flag_set/vec4 8;
    %jmp/0xz  T_2.2, 8;
    %pushi/vec4 0, 0, 32;
    %assign/vec4 v0x561ae1896dd0_0, 0;
    %jmp T_2.3;
T_2.2 ;
    %load/vec4 v0x561ae1896d30_0;
    %flag_set/vec4 8;
    %jmp/0xz  T_2.4, 8;
    %load/vec4 v0x561ae1896c60_0;
    %assign/vec4 v0x561ae1896dd0_0, 0;
T_2.4 ;
T_2.3 ;
T_2.1 ;
    %jmp T_2;
    .thread T_2;
    .scope S_0x561ae1895ee0;
T_3 ;
    %wait E_0x561ae17fdbf0;
    %load/vec4 v0x561ae1896620_0;
    %flag_set/vec4 8;
    %jmp/0xz  T_3.0, 8;
    %pushi/vec4 0, 0, 32;
    %assign/vec4 v0x561ae1896510_0, 0;
    %jmp T_3.1;
T_3.0 ;
    %load/vec4 v0x561ae18962e0_0;
    %flag_set/vec4 8;
    %jmp/0xz  T_3.2, 8;
    %pushi/vec4 0, 0, 32;
    %assign/vec4 v0x561ae1896510_0, 0;
    %jmp T_3.3;
T_3.2 ;
    %load/vec4 v0x561ae1896470_0;
    %flag_set/vec4 8;
    %jmp/0xz  T_3.4, 8;
    %load/vec4 v0x561ae18963a0_0;
    %assign/vec4 v0x561ae1896510_0, 0;
T_3.4 ;
T_3.3 ;
T_3.1 ;
    %jmp T_3;
    .thread T_3;
    .scope S_0x561ae1891370;
T_4 ;
    %wait E_0x561ae17fdbf0;
    %load/vec4 v0x561ae1891a90_0;
    %flag_set/vec4 8;
    %jmp/0xz  T_4.0, 8;
    %pushi/vec4 0, 0, 32;
    %assign/vec4 v0x561ae1891960_0, 0;
    %jmp T_4.1;
T_4.0 ;
    %load/vec4 v0x561ae1891750_0;
    %flag_set/vec4 8;
    %jmp/0xz  T_4.2, 8;
    %pushi/vec4 0, 0, 32;
    %assign/vec4 v0x561ae1891960_0, 0;
    %jmp T_4.3;
T_4.2 ;
    %load/vec4 v0x561ae18918c0_0;
    %flag_set/vec4 8;
    %jmp/0xz  T_4.4, 8;
    %load/vec4 v0x561ae18917f0_0;
    %assign/vec4 v0x561ae1891960_0, 0;
T_4.4 ;
T_4.3 ;
T_4.1 ;
    %jmp T_4;
    .thread T_4;
    .scope S_0x561ae17d9cf0;
T_5 ;
    %wait E_0x561ae17fdbf0;
    %load/vec4 v0x561ae1875310_0;
    %flag_set/vec4 8;
    %jmp/0xz  T_5.0, 8;
    %pushi/vec4 0, 0, 32;
    %assign/vec4 v0x561ae1875210_0, 0;
    %jmp T_5.1;
T_5.0 ;
    %load/vec4 v0x561ae1877c90_0;
    %flag_set/vec4 8;
    %jmp/0xz  T_5.2, 8;
    %pushi/vec4 0, 0, 32;
    %assign/vec4 v0x561ae1875210_0, 0;
    %jmp T_5.3;
T_5.2 ;
    %load/vec4 v0x561ae1878d10_0;
    %flag_set/vec4 8;
    %jmp/0xz  T_5.4, 8;
    %load/vec4 v0x561ae1878c10_0;
    %assign/vec4 v0x561ae1875210_0, 0;
T_5.4 ;
T_5.3 ;
T_5.1 ;
    %jmp T_5;
    .thread T_5;
    .scope S_0x561ae1892f00;
T_6 ;
    %wait E_0x561ae17fdbf0;
    %load/vec4 v0x561ae18935f0_0;
    %flag_set/vec4 8;
    %jmp/0xz  T_6.0, 8;
    %pushi/vec4 0, 0, 32;
    %assign/vec4 v0x561ae18934e0_0, 0;
    %jmp T_6.1;
T_6.0 ;
    %load/vec4 v0x561ae18932e0_0;
    %flag_set/vec4 8;
    %jmp/0xz  T_6.2, 8;
    %pushi/vec4 0, 0, 32;
    %assign/vec4 v0x561ae18934e0_0, 0;
    %jmp T_6.3;
T_6.2 ;
    %load/vec4 v0x561ae1893440_0;
    %flag_set/vec4 8;
    %jmp/0xz  T_6.4, 8;
    %load/vec4 v0x561ae18933a0_0;
    %assign/vec4 v0x561ae18934e0_0, 0;
T_6.4 ;
T_6.3 ;
T_6.1 ;
    %jmp T_6;
    .thread T_6;
    .scope S_0x561ae18925e0;
T_7 ;
    %wait E_0x561ae17fdbf0;
    %load/vec4 v0x561ae1892da0_0;
    %flag_set/vec4 8;
    %jmp/0xz  T_7.0, 8;
    %pushi/vec4 0, 0, 32;
    %assign/vec4 v0x561ae1892c40_0, 0;
    %jmp T_7.1;
T_7.0 ;
    %load/vec4 v0x561ae18929c0_0;
    %flag_set/vec4 8;
    %jmp/0xz  T_7.2, 8;
    %pushi/vec4 0, 0, 32;
    %assign/vec4 v0x561ae1892c40_0, 0;
    %jmp T_7.3;
T_7.2 ;
    %load/vec4 v0x561ae1892ba0_0;
    %flag_set/vec4 8;
    %jmp/0xz  T_7.4, 8;
    %load/vec4 v0x561ae1892a80_0;
    %assign/vec4 v0x561ae1892c40_0, 0;
T_7.4 ;
T_7.3 ;
T_7.1 ;
    %jmp T_7;
    .thread T_7;
    .scope S_0x561ae1894b20;
T_8 ;
    %wait E_0x561ae17fdbf0;
    %load/vec4 v0x561ae1895290_0;
    %flag_set/vec4 8;
    %jmp/0xz  T_8.0, 8;
    %pushi/vec4 0, 0, 32;
    %assign/vec4 v0x561ae1895140_0, 0;
    %jmp T_8.1;
T_8.0 ;
    %load/vec4 v0x561ae1894f40_0;
    %flag_set/vec4 8;
    %jmp/0xz  T_8.2, 8;
    %pushi/vec4 0, 0, 32;
    %assign/vec4 v0x561ae1895140_0, 0;
    %jmp T_8.3;
T_8.2 ;
    %load/vec4 v0x561ae18950a0_0;
    %flag_set/vec4 8;
    %jmp/0xz  T_8.4, 8;
    %load/vec4 v0x561ae1895000_0;
    %assign/vec4 v0x561ae1895140_0, 0;
T_8.4 ;
T_8.3 ;
T_8.1 ;
    %jmp T_8;
    .thread T_8;
    .scope S_0x561ae18941c0;
T_9 ;
    %wait E_0x561ae17fdbf0;
    %load/vec4 v0x561ae1894980_0;
    %flag_set/vec4 8;
    %jmp/0xz  T_9.0, 8;
    %pushi/vec4 0, 0, 32;
    %assign/vec4 v0x561ae1894830_0, 0;
    %jmp T_9.1;
T_9.0 ;
    %load/vec4 v0x561ae1894630_0;
    %flag_set/vec4 8;
    %jmp/0xz  T_9.2, 8;
    %pushi/vec4 0, 0, 32;
    %assign/vec4 v0x561ae1894830_0, 0;
    %jmp T_9.3;
T_9.2 ;
    %load/vec4 v0x561ae1894790_0;
    %flag_set/vec4 8;
    %jmp/0xz  T_9.4, 8;
    %load/vec4 v0x561ae18946f0_0;
    %assign/vec4 v0x561ae1894830_0, 0;
T_9.4 ;
T_9.3 ;
T_9.1 ;
    %jmp T_9;
    .thread T_9;
    .scope S_0x561ae186a260;
T_10 ;
    %delay 5, 0;
    %load/vec4 v0x561ae18a4ca0_0;
    %inv;
    %store/vec4 v0x561ae18a4ca0_0, 0, 1;
    %jmp T_10;
    .thread T_10;
    .scope S_0x561ae186a260;
T_11 ;
    %vpi_call 2 13 "$dumpfile", "id.vcd" {0 0 0};
    %vpi_call 2 14 "$dumpvars", 32'sb00000000000000000000000000000000, S_0x561ae186a260 {0 0 0};
    %pushi/vec4 1, 0, 2;
    %split/vec4 1;
    %store/vec4 v0x561ae18a4d70_0, 0, 1;
    %store/vec4 v0x561ae18a4ca0_0, 0, 1;
    %delay 10, 0;
    %pushi/vec4 0, 0, 1;
    %store/vec4 v0x561ae18a4d70_0, 0, 1;
    %delay 30000, 0;
    %vpi_call 2 18 "$stop" {0 0 0};
    %end;
    .thread T_11;
# The file index is used to find the file name in the following table.
:file_names 14;
    "N/A";
    "<interactive>";
    "tb.v";
    "./top_module.v";
    "./reg_if.v";
    "./register.v";
    "./ex_module.v";
    "./id_module.v";
    "./if_module.v";
    "./instruction_mem.v";
    "./adder.v";
    "./mux.v";
    "./mem_module.v";
    "./write_module.v";
