#! /usr/bin/vvp
:ivl_version "11.0 (stable)";
:ivl_delay_selection "TYPICAL";
:vpi_time_precision + 0;
:vpi_module "/usr/lib/x86_64-linux-gnu/ivl/system.vpi";
:vpi_module "/usr/lib/x86_64-linux-gnu/ivl/vhdl_sys.vpi";
:vpi_module "/usr/lib/x86_64-linux-gnu/ivl/vhdl_textio.vpi";
:vpi_module "/usr/lib/x86_64-linux-gnu/ivl/v2005_math.vpi";
:vpi_module "/usr/lib/x86_64-linux-gnu/ivl/va_math.vpi";
S_0x56502afb69d0 .scope module, "TopModule" "TopModule" 2 8;
 .timescale 0 0;
    .port_info 0 /INPUT 1 "clock";
    .port_info 1 /INPUT 1 "rst";
o0x7fcffaa95d88 .functor BUFZ 1, C4<z>; HiZ drive
o0x7fcffaa96d18 .functor BUFZ 1, C4<z>; HiZ drive
L_0x56502afc7c90 .functor OR 1, o0x7fcffaa95d88, o0x7fcffaa96d18, C4<0>, C4<0>;
L_0x56502afc1860 .functor OR 1, o0x7fcffaa95d88, o0x7fcffaa96d18, C4<0>, C4<0>;
L_0x56502b0015e0 .functor OR 1, o0x7fcffaa95d88, o0x7fcffaa96d18, C4<0>, C4<0>;
L_0x56502b001820 .functor OR 1, o0x7fcffaa95d88, o0x7fcffaa96d18, C4<0>, C4<0>;
L_0x56502b001a00 .functor OR 1, o0x7fcffaa95d88, o0x7fcffaa96d18, C4<0>, C4<0>;
o0x7fcffaa96b38 .functor BUFZ 18, C4<zzzzzzzzzzzzzzzzzz>; HiZ drive
v0x56502afecc80_0 .net "SRAM_ADDR", 17 0, o0x7fcffaa96b38;  0 drivers
o0x7fcffaa96b68 .functor BUFZ 1, C4<z>; HiZ drive
v0x56502afecd60_0 .net "SRAM_CE_N", 0 0, o0x7fcffaa96b68;  0 drivers
o0x7fcffaa96bf8 .functor BUFZ 1, C4<z>; HiZ drive
v0x56502afece00_0 .net "SRAM_DE_N", 0 0, o0x7fcffaa96bf8;  0 drivers
o0x7fcffaa96b98 .functor BUFZ 16, C4<zzzzzzzzzzzzzzzz>; HiZ drive
v0x56502afeced0_0 .net "SRAM_DQ", 15 0, o0x7fcffaa96b98;  0 drivers
o0x7fcffaa96bc8 .functor BUFZ 1, C4<z>; HiZ drive
v0x56502afecfa0_0 .net "SRAM_LB_N", 0 0, o0x7fcffaa96bc8;  0 drivers
o0x7fcffaa96c28 .functor BUFZ 1, C4<z>; HiZ drive
v0x56502afed090_0 .net "SRAM_UB_N", 0 0, o0x7fcffaa96c28;  0 drivers
o0x7fcffaa96c58 .functor BUFZ 1, C4<z>; HiZ drive
v0x56502afed160_0 .net "SRAM_WE_N", 0 0, o0x7fcffaa96c58;  0 drivers
o0x7fcffaa95cf8 .functor BUFZ 4, C4<zzzz>; HiZ drive
v0x56502afed230_0 .net "aluCmdOutId", 3 0, o0x7fcffaa95cf8;  0 drivers
o0x7fcffaa95398 .functor BUFZ 4, C4<zzzz>; HiZ drive
v0x56502afed300_0 .net "aluCmdOutIdEx", 3 0, o0x7fcffaa95398;  0 drivers
o0x7fcffaa952a8 .functor BUFZ 32, C4<zzzzzzzzzzzzzzzzzzzzzzzzzzzzzzzz>; HiZ drive
v0x56502afed3d0_0 .net "aluResOutEx", 31 0, o0x7fcffaa952a8;  0 drivers
o0x7fcffaa95698 .functor BUFZ 32, C4<zzzzzzzzzzzzzzzzzzzzzzzzzzzzzzzz>; HiZ drive
v0x56502afed4a0_0 .net "aluResOutExMem", 31 0, o0x7fcffaa95698;  0 drivers
o0x7fcffaa96c88 .functor BUFZ 32, C4<zzzzzzzzzzzzzzzzzzzzzzzzzzzzzzzz>; HiZ drive
v0x56502afed540_0 .net "aluResOutMem", 31 0, o0x7fcffaa96c88;  0 drivers
o0x7fcffaa97288 .functor BUFZ 32, C4<zzzzzzzzzzzzzzzzzzzzzzzzzzzzzzzz>; HiZ drive
v0x56502afed5e0_0 .net "aluResOutMemWb", 31 0, o0x7fcffaa97288;  0 drivers
o0x7fcffaa952d8 .functor BUFZ 32, C4<zzzzzzzzzzzzzzzzzzzzzzzzzzzzzzzz>; HiZ drive
v0x56502afed6b0_0 .net "branchAddr", 31 0, o0x7fcffaa952d8;  0 drivers
o0x7fcffaa95d28 .functor BUFZ 1, C4<z>; HiZ drive
v0x56502afed750_0 .net "branchOutId", 0 0, o0x7fcffaa95d28;  0 drivers
o0x7fcffaa95308 .functor BUFZ 1, C4<z>; HiZ drive
v0x56502afed820_0 .net "branchOutIdEx", 0 0, o0x7fcffaa95308;  0 drivers
o0x7fcffaa94048 .functor BUFZ 1, C4<z>; HiZ drive
v0x56502afed8f0_0 .net "branchTaken", 0 0, o0x7fcffaa94048;  0 drivers
v0x56502afed990_0 .net "carryIn", 0 0, L_0x56502aff0e90;  1 drivers
o0x7fcffaa95338 .functor BUFZ 1, C4<z>; HiZ drive
v0x56502afeda30_0 .net "carryOut", 0 0, o0x7fcffaa95338;  0 drivers
o0x7fcffaa94018 .functor BUFZ 1, C4<z>; HiZ drive
v0x56502afedb00_0 .net "clk", 0 0, o0x7fcffaa94018;  0 drivers
o0x7fcffaa97588 .functor BUFZ 1, C4<z>; HiZ drive
v0x56502afedba0_0 .net "clock", 0 0, o0x7fcffaa97588;  0 drivers
o0x7fcffaa953c8 .functor BUFZ 4, C4<zzzz>; HiZ drive
v0x56502afedc40_0 .net "destOutEx", 3 0, o0x7fcffaa953c8;  0 drivers
o0x7fcffaa96cb8 .functor BUFZ 4, C4<zzzz>; HiZ drive
v0x56502afedd10_0 .net "destOutExMem", 3 0, o0x7fcffaa96cb8;  0 drivers
o0x7fcffaa95d58 .functor BUFZ 4, C4<zzzz>; HiZ drive
v0x56502afedde0_0 .net "destOutId", 3 0, o0x7fcffaa95d58;  0 drivers
o0x7fcffaa95368 .functor BUFZ 4, C4<zzzz>; HiZ drive
v0x56502afedeb0_0 .net "destOutIdEx", 3 0, o0x7fcffaa95368;  0 drivers
o0x7fcffaa96ce8 .functor BUFZ 4, C4<zzzz>; HiZ drive
v0x56502afedf80_0 .net "destOutMem", 3 0, o0x7fcffaa96ce8;  0 drivers
o0x7fcffaa972b8 .functor BUFZ 4, C4<zzzz>; HiZ drive
v0x56502afee050_0 .net "destOutMemWb", 3 0, o0x7fcffaa972b8;  0 drivers
v0x56502afee120_0 .net "hazard", 0 0, o0x7fcffaa95d88;  0 drivers
o0x7fcffaa95db8 .functor BUFZ 1, C4<z>; HiZ drive
v0x56502afee1f0_0 .net "hazardTwoSrc", 0 0, o0x7fcffaa95db8;  0 drivers
o0x7fcffaa95e18 .functor BUFZ 24, C4<zzzzzzzzzzzzzzzzzzzzzzzz>; HiZ drive
v0x56502afee2c0_0 .net "imm24OutId", 23 0, o0x7fcffaa95e18;  0 drivers
o0x7fcffaa95608 .functor BUFZ 24, C4<zzzzzzzzzzzzzzzzzzzzzzzz>; HiZ drive
v0x56502afee390_0 .net "imm24OutIdEx", 23 0, o0x7fcffaa95608;  0 drivers
o0x7fcffaa95de8 .functor BUFZ 1, C4<z>; HiZ drive
v0x56502afee460_0 .net "immOutId", 0 0, o0x7fcffaa95de8;  0 drivers
o0x7fcffaa95428 .functor BUFZ 1, C4<z>; HiZ drive
v0x56502afee530_0 .net "immOutIdEx", 0 0, o0x7fcffaa95428;  0 drivers
v0x56502afee810_0 .net "instOutIf", 31 0, v0x56502afe82d0_0;  1 drivers
RS_0x7fcffaa940d8 .resolv tri, v0x56502afc1980_0, v0x56502afdebe0_0, v0x56502afe0860_0, v0x56502afe2760_0;
v0x56502afee8b0_0 .net8 "instOutIfId", 31 0, RS_0x7fcffaa940d8;  4 drivers
o0x7fcffaa96d48 .functor BUFZ 32, C4<zzzzzzzzzzzzzzzzzzzzzzzzzzzzzzzz>; HiZ drive
v0x56502afee950_0 .net "memDataOutMem", 31 0, o0x7fcffaa96d48;  0 drivers
o0x7fcffaa972e8 .functor BUFZ 32, C4<zzzzzzzzzzzzzzzzzzzzzzzzzzzzzzzz>; HiZ drive
v0x56502afeea20_0 .net "memDataOutMemWb", 31 0, o0x7fcffaa972e8;  0 drivers
o0x7fcffaa954b8 .functor BUFZ 1, C4<z>; HiZ drive
v0x56502afeeaf0_0 .net "memReadOutEx", 0 0, o0x7fcffaa954b8;  0 drivers
o0x7fcffaa96d78 .functor BUFZ 1, C4<z>; HiZ drive
v0x56502afeebc0_0 .net "memReadOutExMem", 0 0, o0x7fcffaa96d78;  0 drivers
o0x7fcffaa95e48 .functor BUFZ 1, C4<z>; HiZ drive
v0x56502afeec90_0 .net "memReadOutId", 0 0, o0x7fcffaa95e48;  0 drivers
o0x7fcffaa95488 .functor BUFZ 1, C4<z>; HiZ drive
v0x56502afeed60_0 .net "memReadOutIdEx", 0 0, o0x7fcffaa95488;  0 drivers
o0x7fcffaa96da8 .functor BUFZ 1, C4<z>; HiZ drive
v0x56502afeee30_0 .net "memReadOutMem", 0 0, o0x7fcffaa96da8;  0 drivers
o0x7fcffaa97318 .functor BUFZ 1, C4<z>; HiZ drive
v0x56502afeef00_0 .net "memReadOutMemWb", 0 0, o0x7fcffaa97318;  0 drivers
o0x7fcffaa95518 .functor BUFZ 1, C4<z>; HiZ drive
v0x56502afeefd0_0 .net "memWriteOutEx", 0 0, o0x7fcffaa95518;  0 drivers
o0x7fcffaa96dd8 .functor BUFZ 1, C4<z>; HiZ drive
v0x56502afef0a0_0 .net "memWriteOutExMem", 0 0, o0x7fcffaa96dd8;  0 drivers
o0x7fcffaa95e78 .functor BUFZ 1, C4<z>; HiZ drive
v0x56502afef170_0 .net "memWriteOutId", 0 0, o0x7fcffaa95e78;  0 drivers
o0x7fcffaa954e8 .functor BUFZ 1, C4<z>; HiZ drive
v0x56502afef240_0 .net "memWriteOutIdEx", 0 0, o0x7fcffaa954e8;  0 drivers
o0x7fcffaa95ea8 .functor BUFZ 32, C4<zzzzzzzzzzzzzzzzzzzzzzzzzzzzzzzz>; HiZ drive
v0x56502afef310_0 .net "pcOutId", 31 0, o0x7fcffaa95ea8;  0 drivers
o0x7fcffaa95548 .functor BUFZ 32, C4<zzzzzzzzzzzzzzzzzzzzzzzzzzzzzzzz>; HiZ drive
v0x56502afef3e0_0 .net "pcOutIdEx", 31 0, o0x7fcffaa95548;  0 drivers
v0x56502afef4b0_0 .net "pcOutIf", 31 0, L_0x56502afc6c10;  1 drivers
RS_0x7fcffaa942b8 .resolv tri, v0x56502afdd830_0, v0x56502afdf510_0, v0x56502afe1170_0, v0x56502afe3020_0;
v0x56502afef550_0 .net8 "pcOutIfId", 31 0, RS_0x7fcffaa942b8;  4 drivers
v0x56502afef5f0_0 .net "ramFreeze", 0 0, o0x7fcffaa96d18;  0 drivers
o0x7fcffaa95ed8 .functor BUFZ 32, C4<zzzzzzzzzzzzzzzzzzzzzzzzzzzzzzzz>; HiZ drive
v0x56502afef6c0_0 .net "reg1OutId", 31 0, o0x7fcffaa95ed8;  0 drivers
o0x7fcffaa95668 .functor BUFZ 32, C4<zzzzzzzzzzzzzzzzzzzzzzzzzzzzzzzz>; HiZ drive
v0x56502afef790_0 .net "reg1OutIdEx", 31 0, o0x7fcffaa95668;  0 drivers
o0x7fcffaa953f8 .functor BUFZ 32, C4<zzzzzzzzzzzzzzzzzzzzzzzzzzzzzzzz>; HiZ drive
v0x56502afef860_0 .net "reg2OutEx", 31 0, o0x7fcffaa953f8;  0 drivers
o0x7fcffaa96e08 .functor BUFZ 32, C4<zzzzzzzzzzzzzzzzzzzzzzzzzzzzzzzz>; HiZ drive
v0x56502afef930_0 .net "reg2OutExMem", 31 0, o0x7fcffaa96e08;  0 drivers
o0x7fcffaa95f08 .functor BUFZ 32, C4<zzzzzzzzzzzzzzzzzzzzzzzzzzzzzzzz>; HiZ drive
v0x56502afefa00_0 .net "reg2OutId", 31 0, o0x7fcffaa95f08;  0 drivers
o0x7fcffaa956c8 .functor BUFZ 32, C4<zzzzzzzzzzzzzzzzzzzzzzzzzzzzzzzz>; HiZ drive
v0x56502afefad0_0 .net "reg2OutIdEx", 31 0, o0x7fcffaa956c8;  0 drivers
o0x7fcffaa94108 .functor BUFZ 1, C4<z>; HiZ drive
v0x56502afefba0_0 .net "rst", 0 0, o0x7fcffaa94108;  0 drivers
o0x7fcffaa95f38 .functor BUFZ 1, C4<z>; HiZ drive
v0x56502afefc40_0 .net "sOutId", 0 0, o0x7fcffaa95f38;  0 drivers
o0x7fcffaa95458 .functor BUFZ 1, C4<z>; HiZ drive
v0x56502afefd10_0 .net "sOutIdEx", 0 0, o0x7fcffaa95458;  0 drivers
o0x7fcffaa95578 .functor BUFZ 2, C4<zz>; HiZ drive
v0x56502afefde0_0 .net "selSrc1", 1 0, o0x7fcffaa95578;  0 drivers
o0x7fcffaa955a8 .functor BUFZ 2, C4<zz>; HiZ drive
v0x56502afefeb0_0 .net "selSrc2", 1 0, o0x7fcffaa955a8;  0 drivers
o0x7fcffaa95f68 .functor BUFZ 12, C4<zzzzzzzzzzzz>; HiZ drive
v0x56502afeff80_0 .net "shiftOperandOutId", 11 0, o0x7fcffaa95f68;  0 drivers
o0x7fcffaa955d8 .functor BUFZ 12, C4<zzzzzzzzzzzz>; HiZ drive
v0x56502aff0050_0 .net "shiftOperandOutIdEx", 11 0, o0x7fcffaa955d8;  0 drivers
o0x7fcffaa95f98 .functor BUFZ 4, C4<zzzz>; HiZ drive
v0x56502aff0530_0 .net "src1OutId", 3 0, o0x7fcffaa95f98;  0 drivers
o0x7fcffaa95fc8 .functor BUFZ 4, C4<zzzz>; HiZ drive
v0x56502aff0600_0 .net "src2OutId", 3 0, o0x7fcffaa95fc8;  0 drivers
o0x7fcffaa95638 .functor BUFZ 4, C4<zzzz>; HiZ drive
v0x56502aff06d0_0 .net "status", 3 0, o0x7fcffaa95638;  0 drivers
o0x7fcffaa95ff8 .functor BUFZ 4, C4<zzzz>; HiZ drive
v0x56502aff07c0_0 .net "wbDest", 3 0, o0x7fcffaa95ff8;  0 drivers
o0x7fcffaa96058 .functor BUFZ 1, C4<z>; HiZ drive
v0x56502aff08b0_0 .net "wbEn", 0 0, o0x7fcffaa96058;  0 drivers
o0x7fcffaa95758 .functor BUFZ 1, C4<z>; HiZ drive
v0x56502aff09a0_0 .net "wbEnOutEx", 0 0, o0x7fcffaa95758;  0 drivers
o0x7fcffaa96e38 .functor BUFZ 1, C4<z>; HiZ drive
v0x56502aff0a40_0 .net "wbEnOutExMem", 0 0, o0x7fcffaa96e38;  0 drivers
o0x7fcffaa96028 .functor BUFZ 1, C4<z>; HiZ drive
v0x56502aff0ae0_0 .net "wbEnOutId", 0 0, o0x7fcffaa96028;  0 drivers
o0x7fcffaa95728 .functor BUFZ 1, C4<z>; HiZ drive
v0x56502aff0b80_0 .net "wbEnOutIdEx", 0 0, o0x7fcffaa95728;  0 drivers
o0x7fcffaa96e68 .functor BUFZ 1, C4<z>; HiZ drive
v0x56502aff0c50_0 .net "wbEnOutMem", 0 0, o0x7fcffaa96e68;  0 drivers
o0x7fcffaa97348 .functor BUFZ 1, C4<z>; HiZ drive
v0x56502aff0d20_0 .net "wbEnOutMemWb", 0 0, o0x7fcffaa97348;  0 drivers
o0x7fcffaa956f8 .functor BUFZ 32, C4<zzzzzzzzzzzzzzzzzzzzzzzzzzzzzzzz>; HiZ drive
v0x56502aff0df0_0 .net "wbValue", 31 0, o0x7fcffaa956f8;  0 drivers
L_0x56502aff0e90 .part o0x7fcffaa95638, 1, 1;
S_0x56502af63d00 .scope module, "reg2" "RegsIfId" 2 83, 3 3 0, S_0x56502afb69d0;
 .timescale 0 0;
    .port_info 0 /INPUT 1 "clk";
    .port_info 1 /INPUT 1 "rst";
    .port_info 2 /INPUT 1 "freeze";
    .port_info 3 /INPUT 1 "flush";
    .port_info 4 /INPUT 32 "pcIn";
    .port_info 5 /INPUT 32 "instructionIn";
    .port_info 6 /OUTPUT 32 "pcOut";
    .port_info 7 /OUTPUT 32 "instructionOut";
L_0x56502b0014b0 .functor NOT 1, L_0x56502b0015e0, C4<0>, C4<0>, C4<0>;
L_0x56502b001520 .functor NOT 1, L_0x56502b0015e0, C4<0>, C4<0>, C4<0>;
v0x56502afddaa0_0 .net "clk", 0 0, o0x7fcffaa94018;  alias, 0 drivers
v0x56502afddbb0_0 .net "flush", 0 0, o0x7fcffaa94048;  alias, 0 drivers
v0x56502afddcc0_0 .net "freeze", 0 0, L_0x56502b0015e0;  1 drivers
v0x56502afddd60_0 .net "instructionIn", 31 0, v0x56502afe82d0_0;  alias, 1 drivers
v0x56502afdde00_0 .net8 "instructionOut", 31 0, RS_0x7fcffaa940d8;  alias, 4 drivers
v0x56502afddef0_0 .net "pcIn", 31 0, L_0x56502afc6c10;  alias, 1 drivers
v0x56502afddfc0_0 .net8 "pcOut", 31 0, RS_0x7fcffaa942b8;  alias, 4 drivers
v0x56502afde090_0 .net "rst", 0 0, o0x7fcffaa94108;  alias, 0 drivers
S_0x56502af63ee0 .scope module, "instReg" "Register" 3 15, 4 1 0, S_0x56502af63d00;
 .timescale 0 0;
    .port_info 0 /INPUT 1 "clk";
    .port_info 1 /INPUT 1 "rst";
    .port_info 2 /INPUT 32 "in";
    .port_info 3 /INPUT 1 "ld";
    .port_info 4 /INPUT 1 "clr";
    .port_info 5 /OUTPUT 32 "out";
P_0x56502afc8800 .param/l "N" 0 4 2, +C4<00000000000000000000000000100000>;
v0x56502afc4330_0 .net "clk", 0 0, o0x7fcffaa94018;  alias, 0 drivers
v0x56502afc4400_0 .net "clr", 0 0, o0x7fcffaa94048;  alias, 0 drivers
v0x56502afc5380_0 .net "in", 31 0, v0x56502afe82d0_0;  alias, 1 drivers
v0x56502afc5480_0 .net "ld", 0 0, L_0x56502b001520;  1 drivers
v0x56502afc1980_0 .var "out", 31 0;
v0x56502afc1a80_0 .net "rst", 0 0, o0x7fcffaa94108;  alias, 0 drivers
E_0x56502af4cb50 .event posedge, v0x56502afc1a80_0, v0x56502afc4330_0;
S_0x56502afdd270 .scope module, "pcReg" "Register" 3 9, 4 1 0, S_0x56502af63d00;
 .timescale 0 0;
    .port_info 0 /INPUT 1 "clk";
    .port_info 1 /INPUT 1 "rst";
    .port_info 2 /INPUT 32 "in";
    .port_info 3 /INPUT 1 "ld";
    .port_info 4 /INPUT 1 "clr";
    .port_info 5 /OUTPUT 32 "out";
P_0x56502afdd470 .param/l "N" 0 4 2, +C4<00000000000000000000000000100000>;
v0x56502afdd5b0_0 .net "clk", 0 0, o0x7fcffaa94018;  alias, 0 drivers
v0x56502afdd650_0 .net "clr", 0 0, o0x7fcffaa94048;  alias, 0 drivers
v0x56502afdd6f0_0 .net "in", 31 0, L_0x56502afc6c10;  alias, 1 drivers
v0x56502afdd790_0 .net "ld", 0 0, L_0x56502b0014b0;  1 drivers
v0x56502afdd830_0 .var "out", 31 0;
v0x56502afdd960_0 .net "rst", 0 0, o0x7fcffaa94108;  alias, 0 drivers
S_0x56502afde2b0 .scope module, "reg3" "RegsIfId" 2 100, 3 3 0, S_0x56502afb69d0;
 .timescale 0 0;
    .port_info 0 /INPUT 1 "clk";
    .port_info 1 /INPUT 1 "rst";
    .port_info 2 /INPUT 1 "freeze";
    .port_info 3 /INPUT 1 "flush";
    .port_info 4 /INPUT 32 "pcIn";
    .port_info 5 /INPUT 32 "instructionIn";
    .port_info 6 /OUTPUT 32 "pcOut";
    .port_info 7 /OUTPUT 32 "instructionOut";
L_0x56502b0016e0 .functor NOT 1, L_0x56502b001820, C4<0>, C4<0>, C4<0>;
L_0x56502b001780 .functor NOT 1, L_0x56502b001820, C4<0>, C4<0>, C4<0>;
v0x56502afdf850_0 .net "clk", 0 0, o0x7fcffaa94018;  alias, 0 drivers
v0x56502afdf910_0 .net "flush", 0 0, o0x7fcffaa94048;  alias, 0 drivers
v0x56502afdf9d0_0 .net "freeze", 0 0, L_0x56502b001820;  1 drivers
v0x56502afdfa70_0 .net "instructionIn", 31 0, v0x56502afe82d0_0;  alias, 1 drivers
v0x56502afdfb10_0 .net8 "instructionOut", 31 0, RS_0x7fcffaa940d8;  alias, 4 drivers
v0x56502afdfbd0_0 .net "pcIn", 31 0, L_0x56502afc6c10;  alias, 1 drivers
v0x56502afdfc90_0 .net8 "pcOut", 31 0, RS_0x7fcffaa942b8;  alias, 4 drivers
v0x56502afdfd50_0 .net "rst", 0 0, o0x7fcffaa94108;  alias, 0 drivers
S_0x56502afde580 .scope module, "instReg" "Register" 3 15, 4 1 0, S_0x56502afde2b0;
 .timescale 0 0;
    .port_info 0 /INPUT 1 "clk";
    .port_info 1 /INPUT 1 "rst";
    .port_info 2 /INPUT 32 "in";
    .port_info 3 /INPUT 1 "ld";
    .port_info 4 /INPUT 1 "clr";
    .port_info 5 /OUTPUT 32 "out";
P_0x56502afde760 .param/l "N" 0 4 2, +C4<00000000000000000000000000100000>;
v0x56502afde8a0_0 .net "clk", 0 0, o0x7fcffaa94018;  alias, 0 drivers
v0x56502afde960_0 .net "clr", 0 0, o0x7fcffaa94048;  alias, 0 drivers
v0x56502afdea20_0 .net "in", 31 0, v0x56502afe82d0_0;  alias, 1 drivers
v0x56502afdeb40_0 .net "ld", 0 0, L_0x56502b001780;  1 drivers
v0x56502afdebe0_0 .var "out", 31 0;
v0x56502afded40_0 .net "rst", 0 0, o0x7fcffaa94108;  alias, 0 drivers
S_0x56502afdeea0 .scope module, "pcReg" "Register" 3 9, 4 1 0, S_0x56502afde2b0;
 .timescale 0 0;
    .port_info 0 /INPUT 1 "clk";
    .port_info 1 /INPUT 1 "rst";
    .port_info 2 /INPUT 32 "in";
    .port_info 3 /INPUT 1 "ld";
    .port_info 4 /INPUT 1 "clr";
    .port_info 5 /OUTPUT 32 "out";
P_0x56502afdf0a0 .param/l "N" 0 4 2, +C4<00000000000000000000000000100000>;
v0x56502afdf1e0_0 .net "clk", 0 0, o0x7fcffaa94018;  alias, 0 drivers
v0x56502afdf280_0 .net "clr", 0 0, o0x7fcffaa94048;  alias, 0 drivers
v0x56502afdf3d0_0 .net "in", 31 0, L_0x56502afc6c10;  alias, 1 drivers
v0x56502afdf470_0 .net "ld", 0 0, L_0x56502b0016e0;  1 drivers
v0x56502afdf510_0 .var "out", 31 0;
v0x56502afdf620_0 .net "rst", 0 0, o0x7fcffaa94108;  alias, 0 drivers
S_0x56502afdff40 .scope module, "reg4" "RegsIfId" 2 121, 3 3 0, S_0x56502afb69d0;
 .timescale 0 0;
    .port_info 0 /INPUT 1 "clk";
    .port_info 1 /INPUT 1 "rst";
    .port_info 2 /INPUT 1 "freeze";
    .port_info 3 /INPUT 1 "flush";
    .port_info 4 /INPUT 32 "pcIn";
    .port_info 5 /INPUT 32 "instructionIn";
    .port_info 6 /OUTPUT 32 "pcOut";
    .port_info 7 /OUTPUT 32 "instructionOut";
L_0x56502b0018c0 .functor NOT 1, L_0x56502b001a00, C4<0>, C4<0>, C4<0>;
L_0x56502b001960 .functor NOT 1, L_0x56502b001a00, C4<0>, C4<0>, C4<0>;
v0x56502afe1460_0 .net "clk", 0 0, o0x7fcffaa94018;  alias, 0 drivers
v0x56502afe1630_0 .net "flush", 0 0, o0x7fcffaa94048;  alias, 0 drivers
v0x56502afe1800_0 .net "freeze", 0 0, L_0x56502b001a00;  1 drivers
v0x56502afe18a0_0 .net "instructionIn", 31 0, v0x56502afe82d0_0;  alias, 1 drivers
v0x56502afe1940_0 .net8 "instructionOut", 31 0, RS_0x7fcffaa940d8;  alias, 4 drivers
v0x56502afe1a00_0 .net "pcIn", 31 0, L_0x56502afc6c10;  alias, 1 drivers
v0x56502afe1ac0_0 .net8 "pcOut", 31 0, RS_0x7fcffaa942b8;  alias, 4 drivers
v0x56502afe1b80_0 .net "rst", 0 0, o0x7fcffaa94108;  alias, 0 drivers
S_0x56502afe01f0 .scope module, "instReg" "Register" 3 15, 4 1 0, S_0x56502afdff40;
 .timescale 0 0;
    .port_info 0 /INPUT 1 "clk";
    .port_info 1 /INPUT 1 "rst";
    .port_info 2 /INPUT 32 "in";
    .port_info 3 /INPUT 1 "ld";
    .port_info 4 /INPUT 1 "clr";
    .port_info 5 /OUTPUT 32 "out";
P_0x56502afe03d0 .param/l "N" 0 4 2, +C4<00000000000000000000000000100000>;
v0x56502afe05a0_0 .net "clk", 0 0, o0x7fcffaa94018;  alias, 0 drivers
v0x56502afe0660_0 .net "clr", 0 0, o0x7fcffaa94048;  alias, 0 drivers
v0x56502afe0720_0 .net "in", 31 0, v0x56502afe82d0_0;  alias, 1 drivers
v0x56502afe07c0_0 .net "ld", 0 0, L_0x56502b001960;  1 drivers
v0x56502afe0860_0 .var "out", 31 0;
v0x56502afe09b0_0 .net "rst", 0 0, o0x7fcffaa94108;  alias, 0 drivers
S_0x56502afe0b50 .scope module, "pcReg" "Register" 3 9, 4 1 0, S_0x56502afdff40;
 .timescale 0 0;
    .port_info 0 /INPUT 1 "clk";
    .port_info 1 /INPUT 1 "rst";
    .port_info 2 /INPUT 32 "in";
    .port_info 3 /INPUT 1 "ld";
    .port_info 4 /INPUT 1 "clr";
    .port_info 5 /OUTPUT 32 "out";
P_0x56502afe0d00 .param/l "N" 0 4 2, +C4<00000000000000000000000000100000>;
v0x56502afe0ed0_0 .net "clk", 0 0, o0x7fcffaa94018;  alias, 0 drivers
v0x56502afe0f70_0 .net "clr", 0 0, o0x7fcffaa94048;  alias, 0 drivers
v0x56502afe1030_0 .net "in", 31 0, L_0x56502afc6c10;  alias, 1 drivers
v0x56502afe10d0_0 .net "ld", 0 0, L_0x56502b0018c0;  1 drivers
v0x56502afe1170_0 .var "out", 31 0;
v0x56502afe12c0_0 .net "rst", 0 0, o0x7fcffaa94108;  alias, 0 drivers
S_0x56502afe1e80 .scope module, "regsIf" "RegsIfId" 2 64, 3 3 0, S_0x56502afb69d0;
 .timescale 0 0;
    .port_info 0 /INPUT 1 "clk";
    .port_info 1 /INPUT 1 "rst";
    .port_info 2 /INPUT 1 "freeze";
    .port_info 3 /INPUT 1 "flush";
    .port_info 4 /INPUT 32 "pcIn";
    .port_info 5 /INPUT 32 "instructionIn";
    .port_info 6 /OUTPUT 32 "pcOut";
    .port_info 7 /OUTPUT 32 "instructionOut";
L_0x56502afc4210 .functor NOT 1, L_0x56502afc1860, C4<0>, C4<0>, C4<0>;
L_0x56502afc5260 .functor NOT 1, L_0x56502afc1860, C4<0>, C4<0>, C4<0>;
v0x56502afe32d0_0 .net "clk", 0 0, o0x7fcffaa94018;  alias, 0 drivers
v0x56502afe3390_0 .net "flush", 0 0, o0x7fcffaa94048;  alias, 0 drivers
v0x56502afe3450_0 .net "freeze", 0 0, L_0x56502afc1860;  1 drivers
v0x56502afe34f0_0 .net "instructionIn", 31 0, v0x56502afe82d0_0;  alias, 1 drivers
v0x56502afe3590_0 .net8 "instructionOut", 31 0, RS_0x7fcffaa940d8;  alias, 4 drivers
v0x56502afe36a0_0 .net "pcIn", 31 0, L_0x56502afc6c10;  alias, 1 drivers
v0x56502afe3760_0 .net8 "pcOut", 31 0, RS_0x7fcffaa942b8;  alias, 4 drivers
v0x56502afe3820_0 .net "rst", 0 0, o0x7fcffaa94108;  alias, 0 drivers
S_0x56502afe2130 .scope module, "instReg" "Register" 3 15, 4 1 0, S_0x56502afe1e80;
 .timescale 0 0;
    .port_info 0 /INPUT 1 "clk";
    .port_info 1 /INPUT 1 "rst";
    .port_info 2 /INPUT 32 "in";
    .port_info 3 /INPUT 1 "ld";
    .port_info 4 /INPUT 1 "clr";
    .port_info 5 /OUTPUT 32 "out";
P_0x56502afe2330 .param/l "N" 0 4 2, +C4<00000000000000000000000000100000>;
v0x56502afe2470_0 .net "clk", 0 0, o0x7fcffaa94018;  alias, 0 drivers
v0x56502afe2530_0 .net "clr", 0 0, o0x7fcffaa94048;  alias, 0 drivers
v0x56502afe25f0_0 .net "in", 31 0, v0x56502afe82d0_0;  alias, 1 drivers
v0x56502afe26c0_0 .net "ld", 0 0, L_0x56502afc5260;  1 drivers
v0x56502afe2760_0 .var "out", 31 0;
v0x56502afe2870_0 .net "rst", 0 0, o0x7fcffaa94108;  alias, 0 drivers
S_0x56502afe2a10 .scope module, "pcReg" "Register" 3 9, 4 1 0, S_0x56502afe1e80;
 .timescale 0 0;
    .port_info 0 /INPUT 1 "clk";
    .port_info 1 /INPUT 1 "rst";
    .port_info 2 /INPUT 32 "in";
    .port_info 3 /INPUT 1 "ld";
    .port_info 4 /INPUT 1 "clr";
    .port_info 5 /OUTPUT 32 "out";
P_0x56502afe2c10 .param/l "N" 0 4 2, +C4<00000000000000000000000000100000>;
v0x56502afe2d50_0 .net "clk", 0 0, o0x7fcffaa94018;  alias, 0 drivers
v0x56502afe2df0_0 .net "clr", 0 0, o0x7fcffaa94048;  alias, 0 drivers
v0x56502afe2eb0_0 .net "in", 31 0, L_0x56502afc6c10;  alias, 1 drivers
v0x56502afe2f80_0 .net "ld", 0 0, L_0x56502afc4210;  1 drivers
v0x56502afe3020_0 .var "out", 31 0;
v0x56502afe3130_0 .net "rst", 0 0, o0x7fcffaa94108;  alias, 0 drivers
S_0x56502afe3a10 .scope module, "stEx" "StageEx" 2 89, 5 1 0, S_0x56502afb69d0;
 .timescale 0 0;
    .port_info 0 /INPUT 1 "clk";
    .port_info 1 /INPUT 1 "rst";
    .port_info 2 /INPUT 1 "wbEnIn";
    .port_info 3 /INPUT 1 "memREnIn";
    .port_info 4 /INPUT 1 "memWEnIn";
    .port_info 5 /INPUT 1 "branchTakenIn";
    .port_info 6 /INPUT 1 "ldStatus";
    .port_info 7 /INPUT 1 "imm";
    .port_info 8 /INPUT 1 "carryIn";
    .port_info 9 /INPUT 4 "exeCmd";
    .port_info 10 /INPUT 32 "val1";
    .port_info 11 /INPUT 32 "valRm";
    .port_info 12 /INPUT 32 "pc";
    .port_info 13 /INPUT 12 "shifterOperand";
    .port_info 14 /INPUT 24 "signedImm24";
    .port_info 15 /INPUT 4 "dest";
    .port_info 16 /INPUT 2 "selSrc1";
    .port_info 17 /INPUT 2 "selSrc2";
    .port_info 18 /INPUT 32 "valMem";
    .port_info 19 /INPUT 32 "valWb";
    .port_info 20 /OUTPUT 1 "wbEnOut";
    .port_info 21 /OUTPUT 1 "memREnOut";
    .port_info 22 /OUTPUT 1 "memWEnOut";
    .port_info 23 /OUTPUT 1 "branchTakenOut";
    .port_info 24 /OUTPUT 32 "aluRes";
    .port_info 25 /OUTPUT 32 "exeValRm";
    .port_info 26 /OUTPUT 32 "branchAddr";
    .port_info 27 /OUTPUT 4 "exeDest";
    .port_info 28 /OUTPUT 4 "status";
v0x56502afe3eb0_0 .net "aluRes", 31 0, o0x7fcffaa952a8;  alias, 0 drivers
v0x56502afe3fb0_0 .net "branchAddr", 31 0, o0x7fcffaa952d8;  alias, 0 drivers
v0x56502afe4090_0 .net "branchTakenIn", 0 0, o0x7fcffaa95308;  alias, 0 drivers
v0x56502afe4130_0 .net "branchTakenOut", 0 0, o0x7fcffaa94048;  alias, 0 drivers
v0x56502afe41d0_0 .net "carryIn", 0 0, o0x7fcffaa95338;  alias, 0 drivers
v0x56502afe42e0_0 .net "clk", 0 0, o0x7fcffaa94018;  alias, 0 drivers
v0x56502afe4380_0 .net "dest", 3 0, o0x7fcffaa95368;  alias, 0 drivers
v0x56502afe4460_0 .net "exeCmd", 3 0, o0x7fcffaa95398;  alias, 0 drivers
v0x56502afe4540_0 .net "exeDest", 3 0, o0x7fcffaa953c8;  alias, 0 drivers
v0x56502afe4620_0 .net "exeValRm", 31 0, o0x7fcffaa953f8;  alias, 0 drivers
v0x56502afe4700_0 .net "imm", 0 0, o0x7fcffaa95428;  alias, 0 drivers
v0x56502afe47c0_0 .net "ldStatus", 0 0, o0x7fcffaa95458;  alias, 0 drivers
v0x56502afe4880_0 .net "memREnIn", 0 0, o0x7fcffaa95488;  alias, 0 drivers
v0x56502afe4940_0 .net "memREnOut", 0 0, o0x7fcffaa954b8;  alias, 0 drivers
v0x56502afe4a00_0 .net "memWEnIn", 0 0, o0x7fcffaa954e8;  alias, 0 drivers
v0x56502afe4ac0_0 .net "memWEnOut", 0 0, o0x7fcffaa95518;  alias, 0 drivers
v0x56502afe4b80_0 .net "pc", 31 0, o0x7fcffaa95548;  alias, 0 drivers
v0x56502afe4d70_0 .net "rst", 0 0, o0x7fcffaa94108;  alias, 0 drivers
v0x56502afe4e10_0 .net "selSrc1", 1 0, o0x7fcffaa95578;  alias, 0 drivers
v0x56502afe4ef0_0 .net "selSrc2", 1 0, o0x7fcffaa955a8;  alias, 0 drivers
v0x56502afe4fd0_0 .net "shifterOperand", 11 0, o0x7fcffaa955d8;  alias, 0 drivers
v0x56502afe50b0_0 .net "signedImm24", 23 0, o0x7fcffaa95608;  alias, 0 drivers
v0x56502afe5190_0 .net "status", 3 0, o0x7fcffaa95638;  alias, 0 drivers
v0x56502afe5270_0 .net "val1", 31 0, o0x7fcffaa95668;  alias, 0 drivers
v0x56502afe5350_0 .net "valMem", 31 0, o0x7fcffaa95698;  alias, 0 drivers
v0x56502afe5430_0 .net "valRm", 31 0, o0x7fcffaa956c8;  alias, 0 drivers
v0x56502afe5510_0 .net "valWb", 31 0, o0x7fcffaa956f8;  alias, 0 drivers
v0x56502afe55f0_0 .net "wbEnIn", 0 0, o0x7fcffaa95728;  alias, 0 drivers
v0x56502afe56b0_0 .net "wbEnOut", 0 0, o0x7fcffaa95758;  alias, 0 drivers
S_0x56502afe5b10 .scope module, "stId" "StageId" 2 70, 6 1 0, S_0x56502afb69d0;
 .timescale 0 0;
    .port_info 0 /INPUT 1 "clk";
    .port_info 1 /INPUT 1 "rst";
    .port_info 2 /INPUT 32 "pcIn";
    .port_info 3 /INPUT 32 "inst";
    .port_info 4 /INPUT 4 "status";
    .port_info 5 /INPUT 1 "wbWbEn";
    .port_info 6 /INPUT 32 "wbValue";
    .port_info 7 /INPUT 4 "wbDest";
    .port_info 8 /INPUT 1 "hazard";
    .port_info 9 /OUTPUT 32 "pcOut";
    .port_info 10 /OUTPUT 4 "aluCmd";
    .port_info 11 /OUTPUT 1 "memRead";
    .port_info 12 /OUTPUT 1 "memWrite";
    .port_info 13 /OUTPUT 1 "wbEn";
    .port_info 14 /OUTPUT 1 "branch";
    .port_info 15 /OUTPUT 1 "s";
    .port_info 16 /OUTPUT 32 "reg1";
    .port_info 17 /OUTPUT 32 "reg2";
    .port_info 18 /OUTPUT 1 "imm";
    .port_info 19 /OUTPUT 12 "shiftOperand";
    .port_info 20 /OUTPUT 24 "imm24";
    .port_info 21 /OUTPUT 4 "dest";
    .port_info 22 /OUTPUT 4 "src1";
    .port_info 23 /OUTPUT 4 "src2";
    .port_info 24 /OUTPUT 1 "hazardTwoSrc";
v0x56502afe5fd0_0 .net "aluCmd", 3 0, o0x7fcffaa95cf8;  alias, 0 drivers
v0x56502afe60d0_0 .net "branch", 0 0, o0x7fcffaa95d28;  alias, 0 drivers
v0x56502afe6190_0 .net "clk", 0 0, o0x7fcffaa94018;  alias, 0 drivers
v0x56502afe6230_0 .net "dest", 3 0, o0x7fcffaa95d58;  alias, 0 drivers
v0x56502afe62f0_0 .net "hazard", 0 0, o0x7fcffaa95d88;  alias, 0 drivers
v0x56502afe6400_0 .net "hazardTwoSrc", 0 0, o0x7fcffaa95db8;  alias, 0 drivers
v0x56502afe64c0_0 .net "imm", 0 0, o0x7fcffaa95de8;  alias, 0 drivers
v0x56502afe6580_0 .net/s "imm24", 23 0, o0x7fcffaa95e18;  alias, 0 drivers
v0x56502afe6660_0 .net8 "inst", 31 0, RS_0x7fcffaa940d8;  alias, 4 drivers
v0x56502afe6830_0 .net "memRead", 0 0, o0x7fcffaa95e48;  alias, 0 drivers
v0x56502afe68f0_0 .net "memWrite", 0 0, o0x7fcffaa95e78;  alias, 0 drivers
v0x56502afe69b0_0 .net8 "pcIn", 31 0, RS_0x7fcffaa942b8;  alias, 4 drivers
v0x56502afe6b80_0 .net "pcOut", 31 0, o0x7fcffaa95ea8;  alias, 0 drivers
v0x56502afe6c60_0 .net "reg1", 31 0, o0x7fcffaa95ed8;  alias, 0 drivers
v0x56502afe6d40_0 .net "reg2", 31 0, o0x7fcffaa95f08;  alias, 0 drivers
v0x56502afe6e20_0 .net "rst", 0 0, o0x7fcffaa94108;  alias, 0 drivers
v0x56502afe6ec0_0 .net "s", 0 0, o0x7fcffaa95f38;  alias, 0 drivers
v0x56502afe7090_0 .net "shiftOperand", 11 0, o0x7fcffaa95f68;  alias, 0 drivers
v0x56502afe7170_0 .net "src1", 3 0, o0x7fcffaa95f98;  alias, 0 drivers
v0x56502afe7250_0 .net "src2", 3 0, o0x7fcffaa95fc8;  alias, 0 drivers
v0x56502afe7330_0 .net "status", 3 0, o0x7fcffaa95638;  alias, 0 drivers
v0x56502afe73f0_0 .net "wbDest", 3 0, o0x7fcffaa95ff8;  alias, 0 drivers
v0x56502afe74b0_0 .net "wbEn", 0 0, o0x7fcffaa96028;  alias, 0 drivers
v0x56502afe7570_0 .net "wbValue", 31 0, o0x7fcffaa956f8;  alias, 0 drivers
v0x56502afe7630_0 .net "wbWbEn", 0 0, o0x7fcffaa96058;  alias, 0 drivers
S_0x56502afe7ac0 .scope module, "stIf" "StageIf" 2 58, 7 5 0, S_0x56502afb69d0;
 .timescale 0 0;
    .port_info 0 /INPUT 1 "clk";
    .port_info 1 /INPUT 1 "rst";
    .port_info 2 /INPUT 1 "branchTaken";
    .port_info 3 /INPUT 1 "freeze";
    .port_info 4 /INPUT 32 "branchAddr";
    .port_info 5 /OUTPUT 32 "pc";
    .port_info 6 /OUTPUT 32 "instruction";
L_0x56502afbff50 .functor NOT 1, L_0x56502afc7c90, C4<0>, C4<0>, C4<0>;
L_0x56502afc6c10 .functor BUFZ 32, L_0x56502aff1090, C4<00000000000000000000000000000000>, C4<00000000000000000000000000000000>, C4<00000000000000000000000000000000>;
v0x56502afe9c90_0 .net "branchAddr", 31 0, o0x7fcffaa952d8;  alias, 0 drivers
v0x56502afe9dc0_0 .net "branchTaken", 0 0, o0x7fcffaa94048;  alias, 0 drivers
v0x56502afe9e80_0 .net "clk", 0 0, o0x7fcffaa94018;  alias, 0 drivers
v0x56502afe9f20_0 .net "freeze", 0 0, L_0x56502afc7c90;  1 drivers
v0x56502afe9fc0_0 .net "instruction", 31 0, v0x56502afe82d0_0;  alias, 1 drivers
v0x56502afea0b0_0 .net "muxOutput", 31 0, L_0x56502aff0f60;  1 drivers
v0x56502afea1c0_0 .net "pc", 31 0, L_0x56502afc6c10;  alias, 1 drivers
v0x56502afea390_0 .net "pcAdderOut", 31 0, L_0x56502aff1090;  1 drivers
v0x56502afea4a0_0 .net "pcOutput", 31 0, v0x56502afe9990_0;  1 drivers
v0x56502afea560_0 .net "rst", 0 0, o0x7fcffaa94108;  alias, 0 drivers
S_0x56502afe7c50 .scope module, "instMem" "InstructionMemory" 7 11, 8 1 0, S_0x56502afe7ac0;
 .timescale 0 0;
    .port_info 0 /INPUT 32 "pc";
    .port_info 1 /OUTPUT 32 "inst";
P_0x56502afe7e50 .param/l "Count" 0 8 2, +C4<00000000000000000000010000000000>;
v0x56502afe8000_0 .net *"_ivl_1", 29 0, L_0x56502b0011a0;  1 drivers
L_0x7fcffaa4b0a8 .functor BUFT 1, C4<00>, C4<0>, C4<0>, C4<0>;
v0x56502afe8100_0 .net/2u *"_ivl_2", 1 0, L_0x7fcffaa4b0a8;  1 drivers
v0x56502afe81e0_0 .net "adr", 31 0, L_0x56502b0012a0;  1 drivers
v0x56502afe82d0_0 .var "inst", 31 0;
v0x56502afe84a0_0 .net "pc", 31 0, v0x56502afe9990_0;  alias, 1 drivers
E_0x56502afe7f80 .event edge, v0x56502afe81e0_0;
L_0x56502b0011a0 .part v0x56502afe9990_0, 2, 30;
L_0x56502b0012a0 .concat [ 2 30 0 0], L_0x7fcffaa4b0a8, L_0x56502b0011a0;
S_0x56502afe8630 .scope module, "pcAdder" "Adder" 7 10, 9 1 0, S_0x56502afe7ac0;
 .timescale 0 0;
    .port_info 0 /INPUT 32 "a";
    .port_info 1 /INPUT 32 "b";
    .port_info 2 /OUTPUT 32 "out";
P_0x56502afe8810 .param/l "N" 0 9 1, +C4<00000000000000000000000000100000>;
v0x56502afe8900_0 .net "a", 31 0, v0x56502afe9990_0;  alias, 1 drivers
L_0x7fcffaa4b060 .functor BUFT 1, C4<00000000000000000000000000000100>, C4<0>, C4<0>, C4<0>;
v0x56502afe8a10_0 .net "b", 31 0, L_0x7fcffaa4b060;  1 drivers
v0x56502afe8ad0_0 .net "out", 31 0, L_0x56502aff1090;  alias, 1 drivers
L_0x56502aff1090 .arith/sum 32, v0x56502afe9990_0, L_0x7fcffaa4b060;
S_0x56502afe8c40 .scope module, "pcMux" "Mux2To1" 7 8, 10 1 0, S_0x56502afe7ac0;
 .timescale 0 0;
    .port_info 0 /INPUT 32 "a0";
    .port_info 1 /INPUT 32 "a1";
    .port_info 2 /INPUT 1 "sel";
    .port_info 3 /OUTPUT 32 "out";
P_0x56502afe8e50 .param/l "N" 0 10 1, +C4<00000000000000000000000000100000>;
v0x56502afe8f50_0 .net "a0", 31 0, L_0x56502aff1090;  alias, 1 drivers
v0x56502afe9020_0 .net "a1", 31 0, o0x7fcffaa952d8;  alias, 0 drivers
v0x56502afe90f0_0 .net "out", 31 0, L_0x56502aff0f60;  alias, 1 drivers
v0x56502afe91c0_0 .net "sel", 0 0, o0x7fcffaa94048;  alias, 0 drivers
L_0x56502aff0f60 .functor MUXZ 32, L_0x56502aff1090, o0x7fcffaa952d8, o0x7fcffaa94048, C4<>;
S_0x56502afe9310 .scope module, "pcReg" "Register" 7 9, 4 1 0, S_0x56502afe7ac0;
 .timescale 0 0;
    .port_info 0 /INPUT 1 "clk";
    .port_info 1 /INPUT 1 "rst";
    .port_info 2 /INPUT 32 "in";
    .port_info 3 /INPUT 1 "ld";
    .port_info 4 /INPUT 1 "clr";
    .port_info 5 /OUTPUT 32 "out";
P_0x56502afe94f0 .param/l "N" 0 4 2, +C4<00000000000000000000000000100000>;
v0x56502afe9670_0 .net "clk", 0 0, o0x7fcffaa94018;  alias, 0 drivers
L_0x7fcffaa4b018 .functor BUFT 1, C4<0>, C4<0>, C4<0>, C4<0>;
v0x56502afe9730_0 .net "clr", 0 0, L_0x7fcffaa4b018;  1 drivers
v0x56502afe97f0_0 .net "in", 31 0, L_0x56502aff0f60;  alias, 1 drivers
v0x56502afe98f0_0 .net "ld", 0 0, L_0x56502afbff50;  1 drivers
v0x56502afe9990_0 .var "out", 31 0;
v0x56502afe9af0_0 .net "rst", 0 0, o0x7fcffaa94108;  alias, 0 drivers
S_0x56502afea6e0 .scope module, "stMem" "StageMem" 2 106, 11 1 0, S_0x56502afb69d0;
 .timescale 0 0;
    .port_info 0 /INPUT 1 "clk";
    .port_info 1 /INPUT 1 "rst";
    .port_info 2 /INPUT 1 "wbEnIn";
    .port_info 3 /INPUT 1 "memREnIn";
    .port_info 4 /INPUT 1 "memWEnIn";
    .port_info 5 /INPUT 32 "aluResIn";
    .port_info 6 /INPUT 32 "valRm";
    .port_info 7 /INPUT 4 "destIn";
    .port_info 8 /OUTPUT 1 "wbEnOut";
    .port_info 9 /OUTPUT 1 "memREnOut";
    .port_info 10 /OUTPUT 32 "aluResOut";
    .port_info 11 /OUTPUT 32 "memOut";
    .port_info 12 /OUTPUT 4 "destOut";
    .port_info 13 /OUTPUT 1 "freeze";
    .port_info 14 /INOUT 16 "SRAM_DQ";
    .port_info 15 /OUTPUT 18 "SRAM_ADDR";
    .port_info 16 /OUTPUT 1 "SRAM_UB_N";
    .port_info 17 /OUTPUT 1 "SRAM_LB_N";
    .port_info 18 /OUTPUT 1 "SRAM_WE_N";
    .port_info 19 /OUTPUT 1 "SRAM_CE_N";
    .port_info 20 /OUTPUT 1 "SRAM_OE_N";
v0x56502afeaa70_0 .net "SRAM_ADDR", 17 0, o0x7fcffaa96b38;  alias, 0 drivers
v0x56502afeab70_0 .net "SRAM_CE_N", 0 0, o0x7fcffaa96b68;  alias, 0 drivers
v0x56502afeac30_0 .net "SRAM_DQ", 15 0, o0x7fcffaa96b98;  alias, 0 drivers
v0x56502afeacf0_0 .net "SRAM_LB_N", 0 0, o0x7fcffaa96bc8;  alias, 0 drivers
v0x56502afeadb0_0 .net "SRAM_OE_N", 0 0, o0x7fcffaa96bf8;  alias, 0 drivers
v0x56502afeaec0_0 .net "SRAM_UB_N", 0 0, o0x7fcffaa96c28;  alias, 0 drivers
v0x56502afeaf80_0 .net "SRAM_WE_N", 0 0, o0x7fcffaa96c58;  alias, 0 drivers
v0x56502afeb040_0 .net "aluResIn", 31 0, o0x7fcffaa95698;  alias, 0 drivers
v0x56502afeb100_0 .net "aluResOut", 31 0, o0x7fcffaa96c88;  alias, 0 drivers
v0x56502afeb1c0_0 .net "clk", 0 0, o0x7fcffaa94018;  alias, 0 drivers
v0x56502afeb470_0 .net "destIn", 3 0, o0x7fcffaa96cb8;  alias, 0 drivers
v0x56502afeb550_0 .net "destOut", 3 0, o0x7fcffaa96ce8;  alias, 0 drivers
v0x56502afeb630_0 .net "freeze", 0 0, o0x7fcffaa96d18;  alias, 0 drivers
v0x56502afeb6f0_0 .net "memOut", 31 0, o0x7fcffaa96d48;  alias, 0 drivers
v0x56502afeb7d0_0 .net "memREnIn", 0 0, o0x7fcffaa96d78;  alias, 0 drivers
v0x56502afeb890_0 .net "memREnOut", 0 0, o0x7fcffaa96da8;  alias, 0 drivers
v0x56502afeb950_0 .net "memWEnIn", 0 0, o0x7fcffaa96dd8;  alias, 0 drivers
v0x56502afeba10_0 .net "rst", 0 0, o0x7fcffaa94108;  alias, 0 drivers
v0x56502afebcc0_0 .net "valRm", 31 0, o0x7fcffaa96e08;  alias, 0 drivers
v0x56502afebda0_0 .net "wbEnIn", 0 0, o0x7fcffaa96e38;  alias, 0 drivers
v0x56502afebe60_0 .net "wbEnOut", 0 0, o0x7fcffaa96e68;  alias, 0 drivers
S_0x56502afec270 .scope module, "stWb" "StageWrite" 2 127, 12 1 0, S_0x56502afb69d0;
 .timescale 0 0;
    .port_info 0 /INPUT 1 "clk";
    .port_info 1 /INPUT 1 "rst";
    .port_info 2 /INPUT 1 "wbEnIn";
    .port_info 3 /INPUT 1 "memREn";
    .port_info 4 /INPUT 32 "aluRes";
    .port_info 5 /INPUT 32 "memData";
    .port_info 6 /INPUT 4 "destIn";
    .port_info 7 /OUTPUT 1 "wbEnOut";
    .port_info 8 /OUTPUT 32 "wbValue";
    .port_info 9 /OUTPUT 4 "destOut";
v0x56502afec400_0 .net "aluRes", 31 0, o0x7fcffaa97288;  alias, 0 drivers
v0x56502afec500_0 .net "clk", 0 0, o0x7fcffaa94018;  alias, 0 drivers
v0x56502afec5c0_0 .net "destIn", 3 0, o0x7fcffaa972b8;  alias, 0 drivers
v0x56502afec660_0 .net "destOut", 3 0, o0x7fcffaa95ff8;  alias, 0 drivers
v0x56502afec720_0 .net "memData", 31 0, o0x7fcffaa972e8;  alias, 0 drivers
v0x56502afec7e0_0 .net "memREn", 0 0, o0x7fcffaa97318;  alias, 0 drivers
v0x56502afec8a0_0 .net "rst", 0 0, o0x7fcffaa94108;  alias, 0 drivers
v0x56502afec940_0 .net "wbEnIn", 0 0, o0x7fcffaa97348;  alias, 0 drivers
v0x56502afeca00_0 .net "wbEnOut", 0 0, o0x7fcffaa96058;  alias, 0 drivers
v0x56502afecaa0_0 .net "wbValue", 31 0, o0x7fcffaa956f8;  alias, 0 drivers
    .scope S_0x56502afe9310;
T_0 ;
    %wait E_0x56502af4cb50;
    %load/vec4 v0x56502afe9af0_0;
    %flag_set/vec4 8;
    %jmp/0xz  T_0.0, 8;
    %pushi/vec4 0, 0, 32;
    %assign/vec4 v0x56502afe9990_0, 0;
    %jmp T_0.1;
T_0.0 ;
    %load/vec4 v0x56502afe9730_0;
    %flag_set/vec4 8;
    %jmp/0xz  T_0.2, 8;
    %pushi/vec4 0, 0, 32;
    %assign/vec4 v0x56502afe9990_0, 0;
    %jmp T_0.3;
T_0.2 ;
    %load/vec4 v0x56502afe98f0_0;
    %flag_set/vec4 8;
    %jmp/0xz  T_0.4, 8;
    %load/vec4 v0x56502afe97f0_0;
    %assign/vec4 v0x56502afe9990_0, 0;
T_0.4 ;
T_0.3 ;
T_0.1 ;
    %jmp T_0;
    .thread T_0;
    .scope S_0x56502afe7c50;
T_1 ;
    %wait E_0x56502afe7f80;
    %load/vec4 v0x56502afe81e0_0;
    %dup/vec4;
    %pushi/vec4 0, 0, 32;
    %cmp/u;
    %jmp/1 T_1.0, 6;
    %dup/vec4;
    %pushi/vec4 4, 0, 32;
    %cmp/u;
    %jmp/1 T_1.1, 6;
    %dup/vec4;
    %pushi/vec4 8, 0, 32;
    %cmp/u;
    %jmp/1 T_1.2, 6;
    %dup/vec4;
    %pushi/vec4 12, 0, 32;
    %cmp/u;
    %jmp/1 T_1.3, 6;
    %dup/vec4;
    %pushi/vec4 16, 0, 32;
    %cmp/u;
    %jmp/1 T_1.4, 6;
    %dup/vec4;
    %pushi/vec4 20, 0, 32;
    %cmp/u;
    %jmp/1 T_1.5, 6;
    %dup/vec4;
    %pushi/vec4 24, 0, 32;
    %cmp/u;
    %jmp/1 T_1.6, 6;
    %dup/vec4;
    %pushi/vec4 28, 0, 32;
    %cmp/u;
    %jmp/1 T_1.7, 6;
    %dup/vec4;
    %pushi/vec4 32, 0, 32;
    %cmp/u;
    %jmp/1 T_1.8, 6;
    %dup/vec4;
    %pushi/vec4 36, 0, 32;
    %cmp/u;
    %jmp/1 T_1.9, 6;
    %dup/vec4;
    %pushi/vec4 40, 0, 32;
    %cmp/u;
    %jmp/1 T_1.10, 6;
    %dup/vec4;
    %pushi/vec4 44, 0, 32;
    %cmp/u;
    %jmp/1 T_1.11, 6;
    %dup/vec4;
    %pushi/vec4 48, 0, 32;
    %cmp/u;
    %jmp/1 T_1.12, 6;
    %dup/vec4;
    %pushi/vec4 52, 0, 32;
    %cmp/u;
    %jmp/1 T_1.13, 6;
    %dup/vec4;
    %pushi/vec4 56, 0, 32;
    %cmp/u;
    %jmp/1 T_1.14, 6;
    %dup/vec4;
    %pushi/vec4 60, 0, 32;
    %cmp/u;
    %jmp/1 T_1.15, 6;
    %dup/vec4;
    %pushi/vec4 64, 0, 32;
    %cmp/u;
    %jmp/1 T_1.16, 6;
    %dup/vec4;
    %pushi/vec4 68, 0, 32;
    %cmp/u;
    %jmp/1 T_1.17, 6;
    %dup/vec4;
    %pushi/vec4 72, 0, 32;
    %cmp/u;
    %jmp/1 T_1.18, 6;
    %dup/vec4;
    %pushi/vec4 76, 0, 32;
    %cmp/u;
    %jmp/1 T_1.19, 6;
    %dup/vec4;
    %pushi/vec4 80, 0, 32;
    %cmp/u;
    %jmp/1 T_1.20, 6;
    %dup/vec4;
    %pushi/vec4 84, 0, 32;
    %cmp/u;
    %jmp/1 T_1.21, 6;
    %dup/vec4;
    %pushi/vec4 88, 0, 32;
    %cmp/u;
    %jmp/1 T_1.22, 6;
    %dup/vec4;
    %pushi/vec4 92, 0, 32;
    %cmp/u;
    %jmp/1 T_1.23, 6;
    %dup/vec4;
    %pushi/vec4 96, 0, 32;
    %cmp/u;
    %jmp/1 T_1.24, 6;
    %dup/vec4;
    %pushi/vec4 100, 0, 32;
    %cmp/u;
    %jmp/1 T_1.25, 6;
    %dup/vec4;
    %pushi/vec4 104, 0, 32;
    %cmp/u;
    %jmp/1 T_1.26, 6;
    %dup/vec4;
    %pushi/vec4 108, 0, 32;
    %cmp/u;
    %jmp/1 T_1.27, 6;
    %dup/vec4;
    %pushi/vec4 112, 0, 32;
    %cmp/u;
    %jmp/1 T_1.28, 6;
    %dup/vec4;
    %pushi/vec4 116, 0, 32;
    %cmp/u;
    %jmp/1 T_1.29, 6;
    %dup/vec4;
    %pushi/vec4 120, 0, 32;
    %cmp/u;
    %jmp/1 T_1.30, 6;
    %dup/vec4;
    %pushi/vec4 124, 0, 32;
    %cmp/u;
    %jmp/1 T_1.31, 6;
    %dup/vec4;
    %pushi/vec4 128, 0, 32;
    %cmp/u;
    %jmp/1 T_1.32, 6;
    %dup/vec4;
    %pushi/vec4 132, 0, 32;
    %cmp/u;
    %jmp/1 T_1.33, 6;
    %dup/vec4;
    %pushi/vec4 136, 0, 32;
    %cmp/u;
    %jmp/1 T_1.34, 6;
    %dup/vec4;
    %pushi/vec4 140, 0, 32;
    %cmp/u;
    %jmp/1 T_1.35, 6;
    %dup/vec4;
    %pushi/vec4 144, 0, 32;
    %cmp/u;
    %jmp/1 T_1.36, 6;
    %dup/vec4;
    %pushi/vec4 148, 0, 32;
    %cmp/u;
    %jmp/1 T_1.37, 6;
    %dup/vec4;
    %pushi/vec4 152, 0, 32;
    %cmp/u;
    %jmp/1 T_1.38, 6;
    %dup/vec4;
    %pushi/vec4 156, 0, 32;
    %cmp/u;
    %jmp/1 T_1.39, 6;
    %dup/vec4;
    %pushi/vec4 160, 0, 32;
    %cmp/u;
    %jmp/1 T_1.40, 6;
    %dup/vec4;
    %pushi/vec4 164, 0, 32;
    %cmp/u;
    %jmp/1 T_1.41, 6;
    %dup/vec4;
    %pushi/vec4 168, 0, 32;
    %cmp/u;
    %jmp/1 T_1.42, 6;
    %dup/vec4;
    %pushi/vec4 172, 0, 32;
    %cmp/u;
    %jmp/1 T_1.43, 6;
    %dup/vec4;
    %pushi/vec4 176, 0, 32;
    %cmp/u;
    %jmp/1 T_1.44, 6;
    %dup/vec4;
    %pushi/vec4 180, 0, 32;
    %cmp/u;
    %jmp/1 T_1.45, 6;
    %dup/vec4;
    %pushi/vec4 184, 0, 32;
    %cmp/u;
    %jmp/1 T_1.46, 6;
    %pushi/vec4 0, 0, 32;
    %store/vec4 v0x56502afe82d0_0, 0, 32;
    %jmp T_1.48;
T_1.0 ;
    %pushi/vec4 3818913812, 0, 32;
    %store/vec4 v0x56502afe82d0_0, 0, 32;
    %jmp T_1.48;
T_1.1 ;
    %pushi/vec4 3818920449, 0, 32;
    %store/vec4 v0x56502afe82d0_0, 0, 32;
    %jmp T_1.48;
T_1.2 ;
    %pushi/vec4 3818922243, 0, 32;
    %store/vec4 v0x56502afe82d0_0, 0, 32;
    %jmp T_1.48;
T_1.3 ;
    %pushi/vec4 3767676930, 0, 32;
    %store/vec4 v0x56502afe82d0_0, 0, 32;
    %jmp T_1.48;
T_1.4 ;
    %pushi/vec4 3768598528, 0, 32;
    %store/vec4 v0x56502afe82d0_0, 0, 32;
    %jmp T_1.48;
T_1.5 ;
    %pushi/vec4 3762573572, 0, 32;
    %store/vec4 v0x56502afe82d0_0, 0, 32;
    %jmp T_1.48;
T_1.6 ;
    %pushi/vec4 3770704032, 0, 32;
    %store/vec4 v0x56502afe82d0_0, 0, 32;
    %jmp T_1.48;
T_1.7 ;
    %pushi/vec4 3783618882, 0, 32;
    %store/vec4 v0x56502afe82d0_0, 0, 32;
    %jmp T_1.48;
T_1.8 ;
    %pushi/vec4 3758587907, 0, 32;
    %store/vec4 v0x56502afe82d0_0, 0, 32;
    %jmp T_1.48;
T_1.9 ;
    %pushi/vec4 3789590534, 0, 32;
    %store/vec4 v0x56502afe82d0_0, 0, 32;
    %jmp T_1.48;
T_1.10 ;
    %pushi/vec4 3760496645, 0, 32;
    %store/vec4 v0x56502afe82d0_0, 0, 32;
    %jmp T_1.48;
T_1.11 ;
    %pushi/vec4 3780640774, 0, 32;
    %store/vec4 v0x56502afe82d0_0, 0, 32;
    %jmp T_1.48;
T_1.12 ;
    %pushi/vec4 276893697, 0, 32;
    %store/vec4 v0x56502afe82d0_0, 0, 32;
    %jmp T_1.48;
T_1.13 ;
    %pushi/vec4 3776512008, 0, 32;
    %store/vec4 v0x56502afe82d0_0, 0, 32;
    %jmp T_1.48;
T_1.14 ;
    %pushi/vec4 8527874, 0, 32;
    %store/vec4 v0x56502afe82d0_0, 0, 32;
    %jmp T_1.48;
T_1.15 ;
    %pushi/vec4 3818916609, 0, 32;
    %store/vec4 v0x56502afe82d0_0, 0, 32;
    %jmp T_1.48;
T_1.16 ;
    %pushi/vec4 3833597952, 0, 32;
    %store/vec4 v0x56502afe82d0_0, 0, 32;
    %jmp T_1.48;
T_1.17 ;
    %pushi/vec4 3834687488, 0, 32;
    %store/vec4 v0x56502afe82d0_0, 0, 32;
    %jmp T_1.48;
T_1.18 ;
    %pushi/vec4 3833602052, 0, 32;
    %store/vec4 v0x56502afe82d0_0, 0, 32;
    %jmp T_1.48;
T_1.19 ;
    %pushi/vec4 3833606152, 0, 32;
    %store/vec4 v0x56502afe82d0_0, 0, 32;
    %jmp T_1.48;
T_1.20 ;
    %pushi/vec4 3833610253, 0, 32;
    %store/vec4 v0x56502afe82d0_0, 0, 32;
    %jmp T_1.48;
T_1.21 ;
    %pushi/vec4 3833614352, 0, 32;
    %store/vec4 v0x56502afe82d0_0, 0, 32;
    %jmp T_1.48;
T_1.22 ;
    %pushi/vec4 3833618452, 0, 32;
    %store/vec4 v0x56502afe82d0_0, 0, 32;
    %jmp T_1.48;
T_1.23 ;
    %pushi/vec4 3834683396, 0, 32;
    %store/vec4 v0x56502afe82d0_0, 0, 32;
    %jmp T_1.48;
T_1.24 ;
    %pushi/vec4 3833622552, 0, 32;
    %store/vec4 v0x56502afe82d0_0, 0, 32;
    %jmp T_1.48;
T_1.25 ;
    %pushi/vec4 3818917892, 0, 32;
    %store/vec4 v0x56502afe82d0_0, 0, 32;
    %jmp T_1.48;
T_1.26 ;
    %pushi/vec4 3818921984, 0, 32;
    %store/vec4 v0x56502afe82d0_0, 0, 32;
    %jmp T_1.48;
T_1.27 ;
    %pushi/vec4 3818926080, 0, 32;
    %store/vec4 v0x56502afe82d0_0, 0, 32;
    %jmp T_1.48;
T_1.28 ;
    %pushi/vec4 3766501635, 0, 32;
    %store/vec4 v0x56502afe82d0_0, 0, 32;
    %jmp T_1.48;
T_1.29 ;
    %pushi/vec4 3834925056, 0, 32;
    %store/vec4 v0x56502afe82d0_0, 0, 32;
    %jmp T_1.48;
T_1.30 ;
    %pushi/vec4 3834929156, 0, 32;
    %store/vec4 v0x56502afe82d0_0, 0, 32;
    %jmp T_1.48;
T_1.31 ;
    %pushi/vec4 3780444166, 0, 32;
    %store/vec4 v0x56502afe82d0_0, 0, 32;
    %jmp T_1.48;
T_1.32 ;
    %pushi/vec4 3297009664, 0, 32;
    %store/vec4 v0x56502afe82d0_0, 0, 32;
    %jmp T_1.48;
T_1.33 ;
    %pushi/vec4 3297005572, 0, 32;
    %store/vec4 v0x56502afe82d0_0, 0, 32;
    %jmp T_1.48;
T_1.34 ;
    %pushi/vec4 3800248321, 0, 32;
    %store/vec4 v0x56502afe82d0_0, 0, 32;
    %jmp T_1.48;
T_1.35 ;
    %pushi/vec4 3813867523, 0, 32;
    %store/vec4 v0x56502afe82d0_0, 0, 32;
    %jmp T_1.48;
T_1.36 ;
    %pushi/vec4 3137339383, 0, 32;
    %store/vec4 v0x56502afe82d0_0, 0, 32;
    %jmp T_1.48;
T_1.37 ;
    %pushi/vec4 3800178689, 0, 32;
    %store/vec4 v0x56502afe82d0_0, 0, 32;
    %jmp T_1.48;
T_1.38 ;
    %pushi/vec4 3780247553, 0, 32;
    %store/vec4 v0x56502afe82d0_0, 0, 32;
    %jmp T_1.48;
T_1.39 ;
    %pushi/vec4 3137339379, 0, 32;
    %store/vec4 v0x56502afe82d0_0, 0, 32;
    %jmp T_1.48;
T_1.40 ;
    %pushi/vec4 3834646528, 0, 32;
    %store/vec4 v0x56502afe82d0_0, 0, 32;
    %jmp T_1.48;
T_1.41 ;
    %pushi/vec4 3834650628, 0, 32;
    %store/vec4 v0x56502afe82d0_0, 0, 32;
    %jmp T_1.48;
T_1.42 ;
    %pushi/vec4 3834654728, 0, 32;
    %store/vec4 v0x56502afe82d0_0, 0, 32;
    %jmp T_1.48;
T_1.43 ;
    %pushi/vec4 3834658828, 0, 32;
    %store/vec4 v0x56502afe82d0_0, 0, 32;
    %jmp T_1.48;
T_1.44 ;
    %pushi/vec4 3834662928, 0, 32;
    %store/vec4 v0x56502afe82d0_0, 0, 32;
    %jmp T_1.48;
T_1.45 ;
    %pushi/vec4 3834667028, 0, 32;
    %store/vec4 v0x56502afe82d0_0, 0, 32;
    %jmp T_1.48;
T_1.46 ;
    %pushi/vec4 3942645759, 0, 32;
    %store/vec4 v0x56502afe82d0_0, 0, 32;
    %jmp T_1.48;
T_1.48 ;
    %pop/vec4 1;
    %jmp T_1;
    .thread T_1, $push;
    .scope S_0x56502afe2a10;
T_2 ;
    %wait E_0x56502af4cb50;
    %load/vec4 v0x56502afe3130_0;
    %flag_set/vec4 8;
    %jmp/0xz  T_2.0, 8;
    %pushi/vec4 0, 0, 32;
    %assign/vec4 v0x56502afe3020_0, 0;
    %jmp T_2.1;
T_2.0 ;
    %load/vec4 v0x56502afe2df0_0;
    %flag_set/vec4 8;
    %jmp/0xz  T_2.2, 8;
    %pushi/vec4 0, 0, 32;
    %assign/vec4 v0x56502afe3020_0, 0;
    %jmp T_2.3;
T_2.2 ;
    %load/vec4 v0x56502afe2f80_0;
    %flag_set/vec4 8;
    %jmp/0xz  T_2.4, 8;
    %load/vec4 v0x56502afe2eb0_0;
    %assign/vec4 v0x56502afe3020_0, 0;
T_2.4 ;
T_2.3 ;
T_2.1 ;
    %jmp T_2;
    .thread T_2;
    .scope S_0x56502afe2130;
T_3 ;
    %wait E_0x56502af4cb50;
    %load/vec4 v0x56502afe2870_0;
    %flag_set/vec4 8;
    %jmp/0xz  T_3.0, 8;
    %pushi/vec4 0, 0, 32;
    %assign/vec4 v0x56502afe2760_0, 0;
    %jmp T_3.1;
T_3.0 ;
    %load/vec4 v0x56502afe2530_0;
    %flag_set/vec4 8;
    %jmp/0xz  T_3.2, 8;
    %pushi/vec4 0, 0, 32;
    %assign/vec4 v0x56502afe2760_0, 0;
    %jmp T_3.3;
T_3.2 ;
    %load/vec4 v0x56502afe26c0_0;
    %flag_set/vec4 8;
    %jmp/0xz  T_3.4, 8;
    %load/vec4 v0x56502afe25f0_0;
    %assign/vec4 v0x56502afe2760_0, 0;
T_3.4 ;
T_3.3 ;
T_3.1 ;
    %jmp T_3;
    .thread T_3;
    .scope S_0x56502afdd270;
T_4 ;
    %wait E_0x56502af4cb50;
    %load/vec4 v0x56502afdd960_0;
    %flag_set/vec4 8;
    %jmp/0xz  T_4.0, 8;
    %pushi/vec4 0, 0, 32;
    %assign/vec4 v0x56502afdd830_0, 0;
    %jmp T_4.1;
T_4.0 ;
    %load/vec4 v0x56502afdd650_0;
    %flag_set/vec4 8;
    %jmp/0xz  T_4.2, 8;
    %pushi/vec4 0, 0, 32;
    %assign/vec4 v0x56502afdd830_0, 0;
    %jmp T_4.3;
T_4.2 ;
    %load/vec4 v0x56502afdd790_0;
    %flag_set/vec4 8;
    %jmp/0xz  T_4.4, 8;
    %load/vec4 v0x56502afdd6f0_0;
    %assign/vec4 v0x56502afdd830_0, 0;
T_4.4 ;
T_4.3 ;
T_4.1 ;
    %jmp T_4;
    .thread T_4;
    .scope S_0x56502af63ee0;
T_5 ;
    %wait E_0x56502af4cb50;
    %load/vec4 v0x56502afc1a80_0;
    %flag_set/vec4 8;
    %jmp/0xz  T_5.0, 8;
    %pushi/vec4 0, 0, 32;
    %assign/vec4 v0x56502afc1980_0, 0;
    %jmp T_5.1;
T_5.0 ;
    %load/vec4 v0x56502afc4400_0;
    %flag_set/vec4 8;
    %jmp/0xz  T_5.2, 8;
    %pushi/vec4 0, 0, 32;
    %assign/vec4 v0x56502afc1980_0, 0;
    %jmp T_5.3;
T_5.2 ;
    %load/vec4 v0x56502afc5480_0;
    %flag_set/vec4 8;
    %jmp/0xz  T_5.4, 8;
    %load/vec4 v0x56502afc5380_0;
    %assign/vec4 v0x56502afc1980_0, 0;
T_5.4 ;
T_5.3 ;
T_5.1 ;
    %jmp T_5;
    .thread T_5;
    .scope S_0x56502afdeea0;
T_6 ;
    %wait E_0x56502af4cb50;
    %load/vec4 v0x56502afdf620_0;
    %flag_set/vec4 8;
    %jmp/0xz  T_6.0, 8;
    %pushi/vec4 0, 0, 32;
    %assign/vec4 v0x56502afdf510_0, 0;
    %jmp T_6.1;
T_6.0 ;
    %load/vec4 v0x56502afdf280_0;
    %flag_set/vec4 8;
    %jmp/0xz  T_6.2, 8;
    %pushi/vec4 0, 0, 32;
    %assign/vec4 v0x56502afdf510_0, 0;
    %jmp T_6.3;
T_6.2 ;
    %load/vec4 v0x56502afdf470_0;
    %flag_set/vec4 8;
    %jmp/0xz  T_6.4, 8;
    %load/vec4 v0x56502afdf3d0_0;
    %assign/vec4 v0x56502afdf510_0, 0;
T_6.4 ;
T_6.3 ;
T_6.1 ;
    %jmp T_6;
    .thread T_6;
    .scope S_0x56502afde580;
T_7 ;
    %wait E_0x56502af4cb50;
    %load/vec4 v0x56502afded40_0;
    %flag_set/vec4 8;
    %jmp/0xz  T_7.0, 8;
    %pushi/vec4 0, 0, 32;
    %assign/vec4 v0x56502afdebe0_0, 0;
    %jmp T_7.1;
T_7.0 ;
    %load/vec4 v0x56502afde960_0;
    %flag_set/vec4 8;
    %jmp/0xz  T_7.2, 8;
    %pushi/vec4 0, 0, 32;
    %assign/vec4 v0x56502afdebe0_0, 0;
    %jmp T_7.3;
T_7.2 ;
    %load/vec4 v0x56502afdeb40_0;
    %flag_set/vec4 8;
    %jmp/0xz  T_7.4, 8;
    %load/vec4 v0x56502afdea20_0;
    %assign/vec4 v0x56502afdebe0_0, 0;
T_7.4 ;
T_7.3 ;
T_7.1 ;
    %jmp T_7;
    .thread T_7;
    .scope S_0x56502afe0b50;
T_8 ;
    %wait E_0x56502af4cb50;
    %load/vec4 v0x56502afe12c0_0;
    %flag_set/vec4 8;
    %jmp/0xz  T_8.0, 8;
    %pushi/vec4 0, 0, 32;
    %assign/vec4 v0x56502afe1170_0, 0;
    %jmp T_8.1;
T_8.0 ;
    %load/vec4 v0x56502afe0f70_0;
    %flag_set/vec4 8;
    %jmp/0xz  T_8.2, 8;
    %pushi/vec4 0, 0, 32;
    %assign/vec4 v0x56502afe1170_0, 0;
    %jmp T_8.3;
T_8.2 ;
    %load/vec4 v0x56502afe10d0_0;
    %flag_set/vec4 8;
    %jmp/0xz  T_8.4, 8;
    %load/vec4 v0x56502afe1030_0;
    %assign/vec4 v0x56502afe1170_0, 0;
T_8.4 ;
T_8.3 ;
T_8.1 ;
    %jmp T_8;
    .thread T_8;
    .scope S_0x56502afe01f0;
T_9 ;
    %wait E_0x56502af4cb50;
    %load/vec4 v0x56502afe09b0_0;
    %flag_set/vec4 8;
    %jmp/0xz  T_9.0, 8;
    %pushi/vec4 0, 0, 32;
    %assign/vec4 v0x56502afe0860_0, 0;
    %jmp T_9.1;
T_9.0 ;
    %load/vec4 v0x56502afe0660_0;
    %flag_set/vec4 8;
    %jmp/0xz  T_9.2, 8;
    %pushi/vec4 0, 0, 32;
    %assign/vec4 v0x56502afe0860_0, 0;
    %jmp T_9.3;
T_9.2 ;
    %load/vec4 v0x56502afe07c0_0;
    %flag_set/vec4 8;
    %jmp/0xz  T_9.4, 8;
    %load/vec4 v0x56502afe0720_0;
    %assign/vec4 v0x56502afe0860_0, 0;
T_9.4 ;
T_9.3 ;
T_9.1 ;
    %jmp T_9;
    .thread T_9;
# The file index is used to find the file name in the following table.
:file_names 13;
    "N/A";
    "<interactive>";
    "top_module.v";
    "./reg_if.v";
    "./register.v";
    "./ex_module.v";
    "./id_module.v";
    "./if_module.v";
    "./instruction_mem.v";
    "./adder.v";
    "./mux.v";
    "./mem_module.v";
    "./write_module.v";
